[2020-01-08 19:18:46,056] {taskinstance.py:630} INFO - Dependencies all met for <TaskInstance: trigger_dag.process_results.remove_run_file 2020-01-08T19:16:15.069971+00:00 [queued]>
[2020-01-08 19:18:46,204] {taskinstance.py:630} INFO - Dependencies all met for <TaskInstance: trigger_dag.process_results.remove_run_file 2020-01-08T19:16:15.069971+00:00 [queued]>
[2020-01-08 19:18:46,204] {taskinstance.py:841} INFO - 
--------------------------------------------------------------------------------
[2020-01-08 19:18:46,205] {taskinstance.py:842} INFO - Starting attempt 1 of 1
[2020-01-08 19:18:46,205] {taskinstance.py:843} INFO - 
--------------------------------------------------------------------------------
[2020-01-08 19:18:46,238] {taskinstance.py:862} INFO - Executing <Task(BashOperator): remove_run_file> on 2020-01-08T19:16:15.069971+00:00
[2020-01-08 19:18:46,239] {base_task_runner.py:133} INFO - Running: ['airflow', 'run', 'trigger_dag.process_results', 'remove_run_file', '2020-01-08T19:16:15.069971+00:00', '--job_id', '109', '--pool', 'default_pool', '--raw', '-sd', 'DAGS_FOLDER/trigger_dag.py', '--cfg_path', '/tmp/tmp62xawix_']
[2020-01-08 19:18:47,534] {base_task_runner.py:115} INFO - Job 109: Subtask remove_run_file /usr/local/lib/python3.7/site-packages/airflow/configuration.py:226: FutureWarning: The task_runner setting in [core] has the old default value of 'BashTaskRunner'. This value has been changed to 'StandardTaskRunner' in the running config, but please update your config before Apache Airflow 2.0.
[2020-01-08 19:18:47,535] {base_task_runner.py:115} INFO - Job 109: Subtask remove_run_file   FutureWarning
[2020-01-08 19:18:47,536] {base_task_runner.py:115} INFO - Job 109: Subtask remove_run_file /usr/local/lib/python3.7/site-packages/airflow/config_templates/airflow_local_settings.py:65: DeprecationWarning: The elasticsearch_host option in [elasticsearch] has been renamed to host - the old setting has been used, but please update your config.
[2020-01-08 19:18:47,536] {base_task_runner.py:115} INFO - Job 109: Subtask remove_run_file   ELASTICSEARCH_HOST = conf.get('elasticsearch', 'HOST')
[2020-01-08 19:18:47,537] {base_task_runner.py:115} INFO - Job 109: Subtask remove_run_file /usr/local/lib/python3.7/site-packages/airflow/config_templates/airflow_local_settings.py:67: DeprecationWarning: The elasticsearch_log_id_template option in [elasticsearch] has been renamed to log_id_template - the old setting has been used, but please update your config.
[2020-01-08 19:18:47,537] {base_task_runner.py:115} INFO - Job 109: Subtask remove_run_file   ELASTICSEARCH_LOG_ID_TEMPLATE = conf.get('elasticsearch', 'LOG_ID_TEMPLATE')
[2020-01-08 19:18:47,538] {base_task_runner.py:115} INFO - Job 109: Subtask remove_run_file /usr/local/lib/python3.7/site-packages/airflow/config_templates/airflow_local_settings.py:69: DeprecationWarning: The elasticsearch_end_of_log_mark option in [elasticsearch] has been renamed to end_of_log_mark - the old setting has been used, but please update your config.
[2020-01-08 19:18:47,538] {base_task_runner.py:115} INFO - Job 109: Subtask remove_run_file   ELASTICSEARCH_END_OF_LOG_MARK = conf.get('elasticsearch', 'END_OF_LOG_MARK')
[2020-01-08 19:18:47,746] {base_task_runner.py:115} INFO - Job 109: Subtask remove_run_file [2020-01-08 19:18:47,746] {settings.py:252} INFO - settings.configure_orm(): Using pool settings. pool_size=5, max_overflow=10, pool_recycle=1800, pid=1910
[2020-01-08 19:18:49,015] {base_task_runner.py:115} INFO - Job 109: Subtask remove_run_file [2020-01-08 19:18:49,013] {__init__.py:51} INFO - Using executor CeleryExecutor
[2020-01-08 19:18:49,032] {base_task_runner.py:115} INFO - Job 109: Subtask remove_run_file [2020-01-08 19:18:49,018] {dagbag.py:92} INFO - Filling up the DagBag from /usr/local/airflow/dags/trigger_dag.py
[2020-01-08 19:18:49,371] {base_task_runner.py:115} INFO - Job 109: Subtask remove_run_file [2020-01-08 19:18:49,368] {cli.py:545} INFO - Running <TaskInstance: trigger_dag.process_results.remove_run_file 2020-01-08T19:16:15.069971+00:00 [running]> on host 6667999380fe
[2020-01-08 19:18:49,469] {bash_operator.py:81} INFO - Tmp dir root location: 
 /tmp
[2020-01-08 19:18:49,470] {bash_operator.py:91} INFO - Exporting the following env vars:
AIRFLOW_CTX_DAG_ID=trigger_dag.process_results
AIRFLOW_CTX_TASK_ID=remove_run_file
AIRFLOW_CTX_EXECUTION_DATE=2020-01-08T19:16:15.069971+00:00
AIRFLOW_CTX_DAG_RUN_ID=backfill_2020-01-08T19:16:15.069971+00:00
[2020-01-08 19:18:49,472] {bash_operator.py:105} INFO - Temporary script location: /tmp/airflowtmpay182j1n/remove_run_file0uwwnvgr
[2020-01-08 19:18:49,473] {bash_operator.py:115} INFO - Running command: rm $AIRFLOW_HOME/storage/input/run
[2020-01-08 19:18:49,483] {bash_operator.py:124} INFO - Output:
[2020-01-08 19:18:49,500] {bash_operator.py:132} INFO - Command exited with return code 0
[2020-01-08 19:18:51,010] {logging_mixin.py:112} INFO - [2020-01-08 19:18:51,010] {local_task_job.py:124} WARNING - Time since last heartbeat(0.08 s) < heartrate(5.0 s), sleeping for 4.915549 s
[2020-01-08 19:18:55,930] {logging_mixin.py:112} INFO - [2020-01-08 19:18:55,930] {local_task_job.py:103} INFO - Task exited with return code 0
