[2020-01-08 19:16:56,042] {taskinstance.py:630} INFO - Dependencies all met for <TaskInstance: trigger_dag.process_results 2020-01-08T19:16:15.069971+00:00 [queued]>
[2020-01-08 19:16:56,162] {taskinstance.py:630} INFO - Dependencies all met for <TaskInstance: trigger_dag.process_results 2020-01-08T19:16:15.069971+00:00 [queued]>
[2020-01-08 19:16:56,163] {taskinstance.py:841} INFO - 
--------------------------------------------------------------------------------
[2020-01-08 19:16:56,163] {taskinstance.py:842} INFO - Starting attempt 1 of 1
[2020-01-08 19:16:56,163] {taskinstance.py:843} INFO - 
--------------------------------------------------------------------------------
[2020-01-08 19:16:56,236] {taskinstance.py:862} INFO - Executing <Task(SubDagOperator): process_results> on 2020-01-08T19:16:15.069971+00:00
[2020-01-08 19:16:56,238] {base_task_runner.py:133} INFO - Running: ['airflow', 'run', 'trigger_dag', 'process_results', '2020-01-08T19:16:15.069971+00:00', '--job_id', '97', '--pool', 'default_pool', '--raw', '-sd', 'DAGS_FOLDER/trigger_dag.py', '--cfg_path', '/tmp/tmputdarmmi']
[2020-01-08 19:16:57,075] {base_task_runner.py:115} INFO - Job 97: Subtask process_results /usr/local/lib/python3.7/site-packages/airflow/configuration.py:226: FutureWarning: The task_runner setting in [core] has the old default value of 'BashTaskRunner'. This value has been changed to 'StandardTaskRunner' in the running config, but please update your config before Apache Airflow 2.0.
[2020-01-08 19:16:57,075] {base_task_runner.py:115} INFO - Job 97: Subtask process_results   FutureWarning
[2020-01-08 19:16:57,076] {base_task_runner.py:115} INFO - Job 97: Subtask process_results /usr/local/lib/python3.7/site-packages/airflow/config_templates/airflow_local_settings.py:65: DeprecationWarning: The elasticsearch_host option in [elasticsearch] has been renamed to host - the old setting has been used, but please update your config.
[2020-01-08 19:16:57,076] {base_task_runner.py:115} INFO - Job 97: Subtask process_results   ELASTICSEARCH_HOST = conf.get('elasticsearch', 'HOST')
[2020-01-08 19:16:57,077] {base_task_runner.py:115} INFO - Job 97: Subtask process_results /usr/local/lib/python3.7/site-packages/airflow/config_templates/airflow_local_settings.py:67: DeprecationWarning: The elasticsearch_log_id_template option in [elasticsearch] has been renamed to log_id_template - the old setting has been used, but please update your config.
[2020-01-08 19:16:57,077] {base_task_runner.py:115} INFO - Job 97: Subtask process_results   ELASTICSEARCH_LOG_ID_TEMPLATE = conf.get('elasticsearch', 'LOG_ID_TEMPLATE')
[2020-01-08 19:16:57,078] {base_task_runner.py:115} INFO - Job 97: Subtask process_results /usr/local/lib/python3.7/site-packages/airflow/config_templates/airflow_local_settings.py:69: DeprecationWarning: The elasticsearch_end_of_log_mark option in [elasticsearch] has been renamed to end_of_log_mark - the old setting has been used, but please update your config.
[2020-01-08 19:16:57,078] {base_task_runner.py:115} INFO - Job 97: Subtask process_results   ELASTICSEARCH_END_OF_LOG_MARK = conf.get('elasticsearch', 'END_OF_LOG_MARK')
[2020-01-08 19:16:57,310] {base_task_runner.py:115} INFO - Job 97: Subtask process_results [2020-01-08 19:16:57,310] {settings.py:252} INFO - settings.configure_orm(): Using pool settings. pool_size=5, max_overflow=10, pool_recycle=1800, pid=1834
[2020-01-08 19:16:59,012] {base_task_runner.py:115} INFO - Job 97: Subtask process_results [2020-01-08 19:16:59,010] {__init__.py:51} INFO - Using executor CeleryExecutor
[2020-01-08 19:16:59,024] {base_task_runner.py:115} INFO - Job 97: Subtask process_results [2020-01-08 19:16:59,024] {dagbag.py:92} INFO - Filling up the DagBag from /usr/local/airflow/dags/trigger_dag.py
[2020-01-08 19:16:59,505] {base_task_runner.py:115} INFO - Job 97: Subtask process_results [2020-01-08 19:16:59,498] {cli.py:545} INFO - Running <TaskInstance: trigger_dag.process_results 2020-01-08T19:16:15.069971+00:00 [running]> on host 6667999380fe
[2020-01-08 19:17:00,791] {logging_mixin.py:112} INFO - [2020-01-08 19:17:00,791] {base_executor.py:59} INFO - Adding to queue: ['airflow', 'run', 'trigger_dag.process_results', 'sensor_triggered_dag', '2020-01-08T19:16:15.069971+00:00', '--local', '--pool', 'default_pool', '-sd', 'DAGS_FOLDER/trigger_dag.py', '--cfg_path', '/tmp/tmpe3m14ymd']
[2020-01-08 19:17:01,023] {logging_mixin.py:112} INFO - [2020-01-08 19:17:01,023] {local_task_job.py:124} WARNING - Time since last heartbeat(0.05 s) < heartrate(5.0 s), sleeping for 4.950611 s
[2020-01-08 19:17:04,826] {logging_mixin.py:112} INFO - [2020-01-08 19:17:04,826] {sequential_executor.py:45} INFO - Executing command: ['airflow', 'run', 'trigger_dag.process_results', 'sensor_triggered_dag', '2020-01-08T19:16:15.069971+00:00', '--local', '--pool', 'default_pool', '-sd', 'DAGS_FOLDER/trigger_dag.py', '--cfg_path', '/tmp/tmpe3m14ymd']
[2020-01-08 19:17:05,912] {base_task_runner.py:115} INFO - Job 97: Subtask process_results /usr/local/lib/python3.7/site-packages/airflow/configuration.py:226: FutureWarning: The task_runner setting in [core] has the old default value of 'BashTaskRunner'. This value has been changed to 'StandardTaskRunner' in the running config, but please update your config before Apache Airflow 2.0.
[2020-01-08 19:17:05,920] {base_task_runner.py:115} INFO - Job 97: Subtask process_results   FutureWarning
[2020-01-08 19:17:05,920] {base_task_runner.py:115} INFO - Job 97: Subtask process_results /usr/local/lib/python3.7/site-packages/airflow/config_templates/airflow_local_settings.py:65: DeprecationWarning: The elasticsearch_host option in [elasticsearch] has been renamed to host - the old setting has been used, but please update your config.
[2020-01-08 19:17:05,921] {base_task_runner.py:115} INFO - Job 97: Subtask process_results   ELASTICSEARCH_HOST = conf.get('elasticsearch', 'HOST')
[2020-01-08 19:17:05,921] {base_task_runner.py:115} INFO - Job 97: Subtask process_results /usr/local/lib/python3.7/site-packages/airflow/config_templates/airflow_local_settings.py:67: DeprecationWarning: The elasticsearch_log_id_template option in [elasticsearch] has been renamed to log_id_template - the old setting has been used, but please update your config.
[2020-01-08 19:17:05,922] {base_task_runner.py:115} INFO - Job 97: Subtask process_results   ELASTICSEARCH_LOG_ID_TEMPLATE = conf.get('elasticsearch', 'LOG_ID_TEMPLATE')
[2020-01-08 19:17:05,922] {base_task_runner.py:115} INFO - Job 97: Subtask process_results /usr/local/lib/python3.7/site-packages/airflow/config_templates/airflow_local_settings.py:69: DeprecationWarning: The elasticsearch_end_of_log_mark option in [elasticsearch] has been renamed to end_of_log_mark - the old setting has been used, but please update your config.
[2020-01-08 19:17:05,932] {base_task_runner.py:115} INFO - Job 97: Subtask process_results   ELASTICSEARCH_END_OF_LOG_MARK = conf.get('elasticsearch', 'END_OF_LOG_MARK')
[2020-01-08 19:17:06,058] {logging_mixin.py:112} INFO - [2020-01-08 19:17:06,058] {local_task_job.py:124} WARNING - Time since last heartbeat(0.04 s) < heartrate(5.0 s), sleeping for 4.960955 s
[2020-01-08 19:17:06,733] {base_task_runner.py:115} INFO - Job 97: Subtask process_results [2020-01-08 19:17:06,724] {settings.py:252} INFO - settings.configure_orm(): Using pool settings. pool_size=5, max_overflow=10, pool_recycle=1800, pid=1844
[2020-01-08 19:17:08,950] {base_task_runner.py:115} INFO - Job 97: Subtask process_results [2020-01-08 19:17:08,950] {__init__.py:51} INFO - Using executor CeleryExecutor
[2020-01-08 19:17:08,951] {base_task_runner.py:115} INFO - Job 97: Subtask process_results [2020-01-08 19:17:08,950] {dagbag.py:92} INFO - Filling up the DagBag from /usr/local/airflow/dags/trigger_dag.py
[2020-01-08 19:17:09,162] {base_task_runner.py:115} INFO - Job 97: Subtask process_results [2020-01-08 19:17:09,161] {cli.py:545} INFO - Running <TaskInstance: trigger_dag.process_results.sensor_triggered_dag 2020-01-08T19:16:15.069971+00:00 [queued]> on host 6667999380fe
[2020-01-08 19:17:11,166] {logging_mixin.py:112} INFO - [2020-01-08 19:17:11,166] {local_task_job.py:124} WARNING - Time since last heartbeat(0.06 s) < heartrate(5.0 s), sleeping for 4.941634 s
[2020-01-08 19:17:16,211] {logging_mixin.py:112} INFO - [2020-01-08 19:17:16,211] {local_task_job.py:124} WARNING - Time since last heartbeat(0.04 s) < heartrate(5.0 s), sleeping for 4.963797 s
[2020-01-08 19:17:19,622] {logging_mixin.py:112} INFO - [2020-01-08 19:17:19,621] {backfill_job.py:215} WARNING - Task instance <TaskInstance: trigger_dag.process_results.sensor_triggered_dag 2020-01-08 19:16:15.069971+00:00 [up_for_reschedule]> is up for reschedule
[2020-01-08 19:17:19,743] {logging_mixin.py:112} INFO - [2020-01-08 19:17:19,742] {backfill_job.py:363} INFO - [backfill progress] | finished run 0 of 1 | tasks waiting: 4 | succeeded: 0 | running: 0 | failed: 0 | skipped: 0 | deadlocked: 0 | not ready: 3
[2020-01-08 19:17:20,918] {logging_mixin.py:112} INFO - [2020-01-08 19:17:20,917] {backfill_job.py:363} INFO - [backfill progress] | finished run 0 of 1 | tasks waiting: 4 | succeeded: 0 | running: 0 | failed: 0 | skipped: 0 | deadlocked: 0 | not ready: 3
[2020-01-08 19:17:21,434] {logging_mixin.py:112} INFO - [2020-01-08 19:17:21,434] {local_task_job.py:124} WARNING - Time since last heartbeat(0.08 s) < heartrate(5.0 s), sleeping for 4.922458 s
[2020-01-08 19:17:25,853] {logging_mixin.py:112} INFO - [2020-01-08 19:17:25,852] {backfill_job.py:363} INFO - [backfill progress] | finished run 0 of 1 | tasks waiting: 4 | succeeded: 0 | running: 0 | failed: 0 | skipped: 0 | deadlocked: 0 | not ready: 3
[2020-01-08 19:17:26,546] {logging_mixin.py:112} INFO - [2020-01-08 19:17:26,545] {local_task_job.py:124} WARNING - Time since last heartbeat(0.05 s) < heartrate(5.0 s), sleeping for 4.945097 s
[2020-01-08 19:17:31,045] {logging_mixin.py:112} INFO - [2020-01-08 19:17:31,044] {backfill_job.py:363} INFO - [backfill progress] | finished run 0 of 1 | tasks waiting: 4 | succeeded: 0 | running: 0 | failed: 0 | skipped: 0 | deadlocked: 0 | not ready: 3
[2020-01-08 19:17:31,666] {logging_mixin.py:112} INFO - [2020-01-08 19:17:31,666] {local_task_job.py:124} WARNING - Time since last heartbeat(0.06 s) < heartrate(5.0 s), sleeping for 4.935981 s
[2020-01-08 19:17:36,134] {logging_mixin.py:112} INFO - [2020-01-08 19:17:36,134] {backfill_job.py:363} INFO - [backfill progress] | finished run 0 of 1 | tasks waiting: 4 | succeeded: 0 | running: 0 | failed: 0 | skipped: 0 | deadlocked: 0 | not ready: 3
[2020-01-08 19:17:36,562] {logging_mixin.py:112} INFO - [2020-01-08 19:17:36,562] {base_executor.py:59} INFO - Adding to queue: ['airflow', 'run', 'trigger_dag.process_results', 'sensor_triggered_dag', '2020-01-08T19:16:15.069971+00:00', '--local', '--pool', 'default_pool', '-sd', 'DAGS_FOLDER/trigger_dag.py', '--cfg_path', '/tmp/tmp_fz9hm3h']
[2020-01-08 19:17:36,790] {logging_mixin.py:112} INFO - [2020-01-08 19:17:36,790] {local_task_job.py:124} WARNING - Time since last heartbeat(0.09 s) < heartrate(5.0 s), sleeping for 4.906155 s
[2020-01-08 19:17:40,914] {logging_mixin.py:112} INFO - [2020-01-08 19:17:40,914] {sequential_executor.py:45} INFO - Executing command: ['airflow', 'run', 'trigger_dag.process_results', 'sensor_triggered_dag', '2020-01-08T19:16:15.069971+00:00', '--local', '--pool', 'default_pool', '-sd', 'DAGS_FOLDER/trigger_dag.py', '--cfg_path', '/tmp/tmp_fz9hm3h']
[2020-01-08 19:17:41,837] {logging_mixin.py:112} INFO - [2020-01-08 19:17:41,837] {local_task_job.py:124} WARNING - Time since last heartbeat(0.05 s) < heartrate(5.0 s), sleeping for 4.949218 s
[2020-01-08 19:17:42,281] {base_task_runner.py:115} INFO - Job 97: Subtask process_results /usr/local/lib/python3.7/site-packages/airflow/configuration.py:226: FutureWarning: The task_runner setting in [core] has the old default value of 'BashTaskRunner'. This value has been changed to 'StandardTaskRunner' in the running config, but please update your config before Apache Airflow 2.0.
[2020-01-08 19:17:42,282] {base_task_runner.py:115} INFO - Job 97: Subtask process_results   FutureWarning
[2020-01-08 19:17:42,282] {base_task_runner.py:115} INFO - Job 97: Subtask process_results /usr/local/lib/python3.7/site-packages/airflow/config_templates/airflow_local_settings.py:65: DeprecationWarning: The elasticsearch_host option in [elasticsearch] has been renamed to host - the old setting has been used, but please update your config.
[2020-01-08 19:17:42,282] {base_task_runner.py:115} INFO - Job 97: Subtask process_results   ELASTICSEARCH_HOST = conf.get('elasticsearch', 'HOST')
[2020-01-08 19:17:42,283] {base_task_runner.py:115} INFO - Job 97: Subtask process_results /usr/local/lib/python3.7/site-packages/airflow/config_templates/airflow_local_settings.py:67: DeprecationWarning: The elasticsearch_log_id_template option in [elasticsearch] has been renamed to log_id_template - the old setting has been used, but please update your config.
[2020-01-08 19:17:42,284] {base_task_runner.py:115} INFO - Job 97: Subtask process_results   ELASTICSEARCH_LOG_ID_TEMPLATE = conf.get('elasticsearch', 'LOG_ID_TEMPLATE')
[2020-01-08 19:17:42,284] {base_task_runner.py:115} INFO - Job 97: Subtask process_results /usr/local/lib/python3.7/site-packages/airflow/config_templates/airflow_local_settings.py:69: DeprecationWarning: The elasticsearch_end_of_log_mark option in [elasticsearch] has been renamed to end_of_log_mark - the old setting has been used, but please update your config.
[2020-01-08 19:17:42,284] {base_task_runner.py:115} INFO - Job 97: Subtask process_results   ELASTICSEARCH_END_OF_LOG_MARK = conf.get('elasticsearch', 'END_OF_LOG_MARK')
[2020-01-08 19:17:42,505] {base_task_runner.py:115} INFO - Job 97: Subtask process_results [2020-01-08 19:17:42,505] {settings.py:252} INFO - settings.configure_orm(): Using pool settings. pool_size=5, max_overflow=10, pool_recycle=1800, pid=1867
[2020-01-08 19:17:43,604] {base_task_runner.py:115} INFO - Job 97: Subtask process_results [2020-01-08 19:17:43,603] {__init__.py:51} INFO - Using executor CeleryExecutor
[2020-01-08 19:17:43,604] {base_task_runner.py:115} INFO - Job 97: Subtask process_results [2020-01-08 19:17:43,604] {dagbag.py:92} INFO - Filling up the DagBag from /usr/local/airflow/dags/trigger_dag.py
[2020-01-08 19:17:43,821] {base_task_runner.py:115} INFO - Job 97: Subtask process_results [2020-01-08 19:17:43,820] {cli.py:545} INFO - Running <TaskInstance: trigger_dag.process_results.sensor_triggered_dag 2020-01-08T19:16:15.069971+00:00 [queued]> on host 6667999380fe
[2020-01-08 19:17:46,985] {logging_mixin.py:112} INFO - [2020-01-08 19:17:46,985] {local_task_job.py:124} WARNING - Time since last heartbeat(0.07 s) < heartrate(5.0 s), sleeping for 4.926886 s
[2020-01-08 19:17:52,033] {logging_mixin.py:112} INFO - [2020-01-08 19:17:52,032] {local_task_job.py:124} WARNING - Time since last heartbeat(0.05 s) < heartrate(5.0 s), sleeping for 4.948658 s
[2020-01-08 19:17:54,213] {logging_mixin.py:112} INFO - [2020-01-08 19:17:54,213] {backfill_job.py:215} WARNING - Task instance <TaskInstance: trigger_dag.process_results.sensor_triggered_dag 2020-01-08 19:16:15.069971+00:00 [up_for_reschedule]> is up for reschedule
[2020-01-08 19:17:54,322] {logging_mixin.py:112} INFO - [2020-01-08 19:17:54,322] {backfill_job.py:363} INFO - [backfill progress] | finished run 0 of 1 | tasks waiting: 4 | succeeded: 0 | running: 0 | failed: 0 | skipped: 0 | deadlocked: 0 | not ready: 3
[2020-01-08 19:17:55,262] {logging_mixin.py:112} INFO - [2020-01-08 19:17:55,261] {backfill_job.py:363} INFO - [backfill progress] | finished run 0 of 1 | tasks waiting: 4 | succeeded: 0 | running: 0 | failed: 0 | skipped: 0 | deadlocked: 0 | not ready: 3
[2020-01-08 19:17:57,152] {logging_mixin.py:112} INFO - [2020-01-08 19:17:57,152] {local_task_job.py:124} WARNING - Time since last heartbeat(0.07 s) < heartrate(5.0 s), sleeping for 4.931648 s
[2020-01-08 19:18:00,412] {logging_mixin.py:112} INFO - [2020-01-08 19:18:00,412] {backfill_job.py:363} INFO - [backfill progress] | finished run 0 of 1 | tasks waiting: 4 | succeeded: 0 | running: 0 | failed: 0 | skipped: 0 | deadlocked: 0 | not ready: 3
[2020-01-08 19:18:02,381] {logging_mixin.py:112} INFO - [2020-01-08 19:18:02,380] {local_task_job.py:124} WARNING - Time since last heartbeat(0.11 s) < heartrate(5.0 s), sleeping for 4.890814 s
[2020-01-08 19:18:05,428] {logging_mixin.py:112} INFO - [2020-01-08 19:18:05,428] {backfill_job.py:363} INFO - [backfill progress] | finished run 0 of 1 | tasks waiting: 4 | succeeded: 0 | running: 0 | failed: 0 | skipped: 0 | deadlocked: 0 | not ready: 3
[2020-01-08 19:18:07,394] {logging_mixin.py:112} INFO - [2020-01-08 19:18:07,394] {local_task_job.py:124} WARNING - Time since last heartbeat(0.07 s) < heartrate(5.0 s), sleeping for 4.92547 s
[2020-01-08 19:18:10,450] {logging_mixin.py:112} INFO - [2020-01-08 19:18:10,450] {backfill_job.py:363} INFO - [backfill progress] | finished run 0 of 1 | tasks waiting: 4 | succeeded: 0 | running: 0 | failed: 0 | skipped: 0 | deadlocked: 0 | not ready: 3
[2020-01-08 19:18:10,686] {logging_mixin.py:112} INFO - [2020-01-08 19:18:10,686] {base_executor.py:59} INFO - Adding to queue: ['airflow', 'run', 'trigger_dag.process_results', 'sensor_triggered_dag', '2020-01-08T19:16:15.069971+00:00', '--local', '--pool', 'default_pool', '-sd', 'DAGS_FOLDER/trigger_dag.py', '--cfg_path', '/tmp/tmpcg6nhfx5']
[2020-01-08 19:18:12,468] {logging_mixin.py:112} INFO - [2020-01-08 19:18:12,468] {local_task_job.py:124} WARNING - Time since last heartbeat(0.07 s) < heartrate(5.0 s), sleeping for 4.931592 s
[2020-01-08 19:18:15,335] {logging_mixin.py:112} INFO - [2020-01-08 19:18:15,335] {sequential_executor.py:45} INFO - Executing command: ['airflow', 'run', 'trigger_dag.process_results', 'sensor_triggered_dag', '2020-01-08T19:16:15.069971+00:00', '--local', '--pool', 'default_pool', '-sd', 'DAGS_FOLDER/trigger_dag.py', '--cfg_path', '/tmp/tmpcg6nhfx5']
[2020-01-08 19:18:16,326] {base_task_runner.py:115} INFO - Job 97: Subtask process_results /usr/local/lib/python3.7/site-packages/airflow/configuration.py:226: FutureWarning: The task_runner setting in [core] has the old default value of 'BashTaskRunner'. This value has been changed to 'StandardTaskRunner' in the running config, but please update your config before Apache Airflow 2.0.
[2020-01-08 19:18:16,326] {base_task_runner.py:115} INFO - Job 97: Subtask process_results   FutureWarning
[2020-01-08 19:18:16,327] {base_task_runner.py:115} INFO - Job 97: Subtask process_results /usr/local/lib/python3.7/site-packages/airflow/config_templates/airflow_local_settings.py:65: DeprecationWarning: The elasticsearch_host option in [elasticsearch] has been renamed to host - the old setting has been used, but please update your config.
[2020-01-08 19:18:16,327] {base_task_runner.py:115} INFO - Job 97: Subtask process_results   ELASTICSEARCH_HOST = conf.get('elasticsearch', 'HOST')
[2020-01-08 19:18:16,328] {base_task_runner.py:115} INFO - Job 97: Subtask process_results /usr/local/lib/python3.7/site-packages/airflow/config_templates/airflow_local_settings.py:67: DeprecationWarning: The elasticsearch_log_id_template option in [elasticsearch] has been renamed to log_id_template - the old setting has been used, but please update your config.
[2020-01-08 19:18:16,328] {base_task_runner.py:115} INFO - Job 97: Subtask process_results   ELASTICSEARCH_LOG_ID_TEMPLATE = conf.get('elasticsearch', 'LOG_ID_TEMPLATE')
[2020-01-08 19:18:16,329] {base_task_runner.py:115} INFO - Job 97: Subtask process_results /usr/local/lib/python3.7/site-packages/airflow/config_templates/airflow_local_settings.py:69: DeprecationWarning: The elasticsearch_end_of_log_mark option in [elasticsearch] has been renamed to end_of_log_mark - the old setting has been used, but please update your config.
[2020-01-08 19:18:16,329] {base_task_runner.py:115} INFO - Job 97: Subtask process_results   ELASTICSEARCH_END_OF_LOG_MARK = conf.get('elasticsearch', 'END_OF_LOG_MARK')
[2020-01-08 19:18:16,666] {base_task_runner.py:115} INFO - Job 97: Subtask process_results [2020-01-08 19:18:16,664] {settings.py:252} INFO - settings.configure_orm(): Using pool settings. pool_size=5, max_overflow=10, pool_recycle=1800, pid=1883
[2020-01-08 19:18:17,711] {logging_mixin.py:112} INFO - [2020-01-08 19:18:17,710] {local_task_job.py:124} WARNING - Time since last heartbeat(0.11 s) < heartrate(5.0 s), sleeping for 4.893232 s
[2020-01-08 19:18:18,307] {base_task_runner.py:115} INFO - Job 97: Subtask process_results [2020-01-08 19:18:18,307] {__init__.py:51} INFO - Using executor CeleryExecutor
[2020-01-08 19:18:18,309] {base_task_runner.py:115} INFO - Job 97: Subtask process_results [2020-01-08 19:18:18,308] {dagbag.py:92} INFO - Filling up the DagBag from /usr/local/airflow/dags/trigger_dag.py
[2020-01-08 19:18:18,619] {base_task_runner.py:115} INFO - Job 97: Subtask process_results [2020-01-08 19:18:18,618] {cli.py:545} INFO - Running <TaskInstance: trigger_dag.process_results.sensor_triggered_dag 2020-01-08T19:16:15.069971+00:00 [queued]> on host 6667999380fe
[2020-01-08 19:18:22,760] {logging_mixin.py:112} INFO - [2020-01-08 19:18:22,760] {local_task_job.py:124} WARNING - Time since last heartbeat(0.06 s) < heartrate(5.0 s), sleeping for 4.940391 s
[2020-01-08 19:18:27,820] {logging_mixin.py:112} INFO - [2020-01-08 19:18:27,820] {local_task_job.py:124} WARNING - Time since last heartbeat(0.04 s) < heartrate(5.0 s), sleeping for 4.955385 s
[2020-01-08 19:18:29,131] {logging_mixin.py:112} INFO - [2020-01-08 19:18:29,131] {backfill_job.py:363} INFO - [backfill progress] | finished run 0 of 1 | tasks waiting: 3 | succeeded: 1 | running: 0 | failed: 0 | skipped: 0 | deadlocked: 0 | not ready: 3
[2020-01-08 19:18:29,327] {logging_mixin.py:112} INFO - [2020-01-08 19:18:29,326] {base_executor.py:59} INFO - Adding to queue: ['airflow', 'run', 'trigger_dag.process_results', 'print_result', '2020-01-08T19:16:15.069971+00:00', '--local', '--pool', 'default_pool', '-sd', 'DAGS_FOLDER/trigger_dag.py', '--cfg_path', '/tmp/tmpw5ksonbi']
[2020-01-08 19:18:29,832] {logging_mixin.py:112} INFO - [2020-01-08 19:18:29,831] {sequential_executor.py:45} INFO - Executing command: ['airflow', 'run', 'trigger_dag.process_results', 'print_result', '2020-01-08T19:16:15.069971+00:00', '--local', '--pool', 'default_pool', '-sd', 'DAGS_FOLDER/trigger_dag.py', '--cfg_path', '/tmp/tmpw5ksonbi']
[2020-01-08 19:18:30,932] {base_task_runner.py:115} INFO - Job 97: Subtask process_results /usr/local/lib/python3.7/site-packages/airflow/configuration.py:226: FutureWarning: The task_runner setting in [core] has the old default value of 'BashTaskRunner'. This value has been changed to 'StandardTaskRunner' in the running config, but please update your config before Apache Airflow 2.0.
[2020-01-08 19:18:30,933] {base_task_runner.py:115} INFO - Job 97: Subtask process_results   FutureWarning
[2020-01-08 19:18:30,933] {base_task_runner.py:115} INFO - Job 97: Subtask process_results /usr/local/lib/python3.7/site-packages/airflow/config_templates/airflow_local_settings.py:65: DeprecationWarning: The elasticsearch_host option in [elasticsearch] has been renamed to host - the old setting has been used, but please update your config.
[2020-01-08 19:18:30,934] {base_task_runner.py:115} INFO - Job 97: Subtask process_results   ELASTICSEARCH_HOST = conf.get('elasticsearch', 'HOST')
[2020-01-08 19:18:30,935] {base_task_runner.py:115} INFO - Job 97: Subtask process_results /usr/local/lib/python3.7/site-packages/airflow/config_templates/airflow_local_settings.py:67: DeprecationWarning: The elasticsearch_log_id_template option in [elasticsearch] has been renamed to log_id_template - the old setting has been used, but please update your config.
[2020-01-08 19:18:30,935] {base_task_runner.py:115} INFO - Job 97: Subtask process_results   ELASTICSEARCH_LOG_ID_TEMPLATE = conf.get('elasticsearch', 'LOG_ID_TEMPLATE')
[2020-01-08 19:18:30,936] {base_task_runner.py:115} INFO - Job 97: Subtask process_results /usr/local/lib/python3.7/site-packages/airflow/config_templates/airflow_local_settings.py:69: DeprecationWarning: The elasticsearch_end_of_log_mark option in [elasticsearch] has been renamed to end_of_log_mark - the old setting has been used, but please update your config.
[2020-01-08 19:18:30,938] {base_task_runner.py:115} INFO - Job 97: Subtask process_results   ELASTICSEARCH_END_OF_LOG_MARK = conf.get('elasticsearch', 'END_OF_LOG_MARK')
[2020-01-08 19:18:31,054] {base_task_runner.py:115} INFO - Job 97: Subtask process_results [2020-01-08 19:18:31,054] {settings.py:252} INFO - settings.configure_orm(): Using pool settings. pool_size=5, max_overflow=10, pool_recycle=1800, pid=1892
[2020-01-08 19:18:32,319] {base_task_runner.py:115} INFO - Job 97: Subtask process_results [2020-01-08 19:18:32,318] {__init__.py:51} INFO - Using executor CeleryExecutor
[2020-01-08 19:18:32,319] {base_task_runner.py:115} INFO - Job 97: Subtask process_results [2020-01-08 19:18:32,319] {dagbag.py:92} INFO - Filling up the DagBag from /usr/local/airflow/dags/trigger_dag.py
[2020-01-08 19:18:32,644] {base_task_runner.py:115} INFO - Job 97: Subtask process_results [2020-01-08 19:18:32,644] {cli.py:545} INFO - Running <TaskInstance: trigger_dag.process_results.print_result 2020-01-08T19:16:15.069971+00:00 [queued]> on host 6667999380fe
[2020-01-08 19:18:33,129] {logging_mixin.py:112} INFO - [2020-01-08 19:18:33,129] {local_task_job.py:124} WARNING - Time since last heartbeat(0.11 s) < heartrate(5.0 s), sleeping for 4.885307 s
[2020-01-08 19:18:38,107] {logging_mixin.py:112} INFO - [2020-01-08 19:18:38,107] {local_task_job.py:124} WARNING - Time since last heartbeat(0.04 s) < heartrate(5.0 s), sleeping for 4.961268 s
[2020-01-08 19:18:43,230] {logging_mixin.py:112} INFO - [2020-01-08 19:18:43,229] {backfill_job.py:363} INFO - [backfill progress] | finished run 0 of 1 | tasks waiting: 2 | succeeded: 2 | running: 0 | failed: 0 | skipped: 0 | deadlocked: 0 | not ready: 2
[2020-01-08 19:18:43,250] {logging_mixin.py:112} INFO - [2020-01-08 19:18:43,250] {local_task_job.py:124} WARNING - Time since last heartbeat(0.06 s) < heartrate(5.0 s), sleeping for 4.935127 s
[2020-01-08 19:18:43,501] {logging_mixin.py:112} INFO - [2020-01-08 19:18:43,495] {base_executor.py:59} INFO - Adding to queue: ['airflow', 'run', 'trigger_dag.process_results', 'remove_run_file', '2020-01-08T19:16:15.069971+00:00', '--local', '--pool', 'default_pool', '-sd', 'DAGS_FOLDER/trigger_dag.py', '--cfg_path', '/tmp/tmpt9u5pazc']
[2020-01-08 19:18:43,733] {logging_mixin.py:112} INFO - [2020-01-08 19:18:43,733] {sequential_executor.py:45} INFO - Executing command: ['airflow', 'run', 'trigger_dag.process_results', 'remove_run_file', '2020-01-08T19:16:15.069971+00:00', '--local', '--pool', 'default_pool', '-sd', 'DAGS_FOLDER/trigger_dag.py', '--cfg_path', '/tmp/tmpt9u5pazc']
[2020-01-08 19:18:44,690] {base_task_runner.py:115} INFO - Job 97: Subtask process_results /usr/local/lib/python3.7/site-packages/airflow/configuration.py:226: FutureWarning: The task_runner setting in [core] has the old default value of 'BashTaskRunner'. This value has been changed to 'StandardTaskRunner' in the running config, but please update your config before Apache Airflow 2.0.
[2020-01-08 19:18:44,691] {base_task_runner.py:115} INFO - Job 97: Subtask process_results   FutureWarning
[2020-01-08 19:18:44,691] {base_task_runner.py:115} INFO - Job 97: Subtask process_results /usr/local/lib/python3.7/site-packages/airflow/config_templates/airflow_local_settings.py:65: DeprecationWarning: The elasticsearch_host option in [elasticsearch] has been renamed to host - the old setting has been used, but please update your config.
[2020-01-08 19:18:44,692] {base_task_runner.py:115} INFO - Job 97: Subtask process_results   ELASTICSEARCH_HOST = conf.get('elasticsearch', 'HOST')
[2020-01-08 19:18:44,692] {base_task_runner.py:115} INFO - Job 97: Subtask process_results /usr/local/lib/python3.7/site-packages/airflow/config_templates/airflow_local_settings.py:67: DeprecationWarning: The elasticsearch_log_id_template option in [elasticsearch] has been renamed to log_id_template - the old setting has been used, but please update your config.
[2020-01-08 19:18:44,692] {base_task_runner.py:115} INFO - Job 97: Subtask process_results   ELASTICSEARCH_LOG_ID_TEMPLATE = conf.get('elasticsearch', 'LOG_ID_TEMPLATE')
[2020-01-08 19:18:44,693] {base_task_runner.py:115} INFO - Job 97: Subtask process_results /usr/local/lib/python3.7/site-packages/airflow/config_templates/airflow_local_settings.py:69: DeprecationWarning: The elasticsearch_end_of_log_mark option in [elasticsearch] has been renamed to end_of_log_mark - the old setting has been used, but please update your config.
[2020-01-08 19:18:44,693] {base_task_runner.py:115} INFO - Job 97: Subtask process_results   ELASTICSEARCH_END_OF_LOG_MARK = conf.get('elasticsearch', 'END_OF_LOG_MARK')
[2020-01-08 19:18:44,812] {base_task_runner.py:115} INFO - Job 97: Subtask process_results [2020-01-08 19:18:44,812] {settings.py:252} INFO - settings.configure_orm(): Using pool settings. pool_size=5, max_overflow=10, pool_recycle=1800, pid=1906
[2020-01-08 19:18:45,673] {base_task_runner.py:115} INFO - Job 97: Subtask process_results [2020-01-08 19:18:45,672] {__init__.py:51} INFO - Using executor CeleryExecutor
[2020-01-08 19:18:45,674] {base_task_runner.py:115} INFO - Job 97: Subtask process_results [2020-01-08 19:18:45,673] {dagbag.py:92} INFO - Filling up the DagBag from /usr/local/airflow/dags/trigger_dag.py
[2020-01-08 19:18:45,881] {base_task_runner.py:115} INFO - Job 97: Subtask process_results [2020-01-08 19:18:45,881] {cli.py:545} INFO - Running <TaskInstance: trigger_dag.process_results.remove_run_file 2020-01-08T19:16:15.069971+00:00 [queued]> on host 6667999380fe
[2020-01-08 19:18:48,452] {logging_mixin.py:112} INFO - [2020-01-08 19:18:48,452] {local_task_job.py:124} WARNING - Time since last heartbeat(0.07 s) < heartrate(5.0 s), sleeping for 4.927628 s
[2020-01-08 19:18:53,570] {logging_mixin.py:112} INFO - [2020-01-08 19:18:53,570] {local_task_job.py:124} WARNING - Time since last heartbeat(0.08 s) < heartrate(5.0 s), sleeping for 4.924158 s
[2020-01-08 19:18:56,712] {logging_mixin.py:112} INFO - [2020-01-08 19:18:56,712] {backfill_job.py:363} INFO - [backfill progress] | finished run 0 of 1 | tasks waiting: 1 | succeeded: 3 | running: 0 | failed: 0 | skipped: 0 | deadlocked: 0 | not ready: 1
[2020-01-08 19:18:56,978] {logging_mixin.py:112} INFO - [2020-01-08 19:18:56,978] {base_executor.py:59} INFO - Adding to queue: ['airflow', 'run', 'trigger_dag.process_results', 'finished_timestamp', '2020-01-08T19:16:15.069971+00:00', '--local', '--pool', 'default_pool', '-sd', 'DAGS_FOLDER/trigger_dag.py', '--cfg_path', '/tmp/tmpj_gvh7_7']
[2020-01-08 19:18:57,087] {logging_mixin.py:112} INFO - [2020-01-08 19:18:57,086] {sequential_executor.py:45} INFO - Executing command: ['airflow', 'run', 'trigger_dag.process_results', 'finished_timestamp', '2020-01-08T19:16:15.069971+00:00', '--local', '--pool', 'default_pool', '-sd', 'DAGS_FOLDER/trigger_dag.py', '--cfg_path', '/tmp/tmpj_gvh7_7']
[2020-01-08 19:18:57,913] {base_task_runner.py:115} INFO - Job 97: Subtask process_results /usr/local/lib/python3.7/site-packages/airflow/configuration.py:226: FutureWarning: The task_runner setting in [core] has the old default value of 'BashTaskRunner'. This value has been changed to 'StandardTaskRunner' in the running config, but please update your config before Apache Airflow 2.0.
[2020-01-08 19:18:57,914] {base_task_runner.py:115} INFO - Job 97: Subtask process_results   FutureWarning
[2020-01-08 19:18:57,914] {base_task_runner.py:115} INFO - Job 97: Subtask process_results /usr/local/lib/python3.7/site-packages/airflow/config_templates/airflow_local_settings.py:65: DeprecationWarning: The elasticsearch_host option in [elasticsearch] has been renamed to host - the old setting has been used, but please update your config.
[2020-01-08 19:18:57,914] {base_task_runner.py:115} INFO - Job 97: Subtask process_results   ELASTICSEARCH_HOST = conf.get('elasticsearch', 'HOST')
[2020-01-08 19:18:57,915] {base_task_runner.py:115} INFO - Job 97: Subtask process_results /usr/local/lib/python3.7/site-packages/airflow/config_templates/airflow_local_settings.py:67: DeprecationWarning: The elasticsearch_log_id_template option in [elasticsearch] has been renamed to log_id_template - the old setting has been used, but please update your config.
[2020-01-08 19:18:57,915] {base_task_runner.py:115} INFO - Job 97: Subtask process_results   ELASTICSEARCH_LOG_ID_TEMPLATE = conf.get('elasticsearch', 'LOG_ID_TEMPLATE')
[2020-01-08 19:18:57,915] {base_task_runner.py:115} INFO - Job 97: Subtask process_results /usr/local/lib/python3.7/site-packages/airflow/config_templates/airflow_local_settings.py:69: DeprecationWarning: The elasticsearch_end_of_log_mark option in [elasticsearch] has been renamed to end_of_log_mark - the old setting has been used, but please update your config.
[2020-01-08 19:18:57,916] {base_task_runner.py:115} INFO - Job 97: Subtask process_results   ELASTICSEARCH_END_OF_LOG_MARK = conf.get('elasticsearch', 'END_OF_LOG_MARK')
[2020-01-08 19:18:58,051] {base_task_runner.py:115} INFO - Job 97: Subtask process_results [2020-01-08 19:18:58,051] {settings.py:252} INFO - settings.configure_orm(): Using pool settings. pool_size=5, max_overflow=10, pool_recycle=1800, pid=1917
[2020-01-08 19:18:58,607] {logging_mixin.py:112} INFO - [2020-01-08 19:18:58,606] {local_task_job.py:124} WARNING - Time since last heartbeat(0.04 s) < heartrate(5.0 s), sleeping for 4.961721 s
[2020-01-08 19:18:58,923] {base_task_runner.py:115} INFO - Job 97: Subtask process_results [2020-01-08 19:18:58,922] {__init__.py:51} INFO - Using executor CeleryExecutor
[2020-01-08 19:18:58,924] {base_task_runner.py:115} INFO - Job 97: Subtask process_results [2020-01-08 19:18:58,924] {dagbag.py:92} INFO - Filling up the DagBag from /usr/local/airflow/dags/trigger_dag.py
[2020-01-08 19:18:59,308] {base_task_runner.py:115} INFO - Job 97: Subtask process_results [2020-01-08 19:18:59,302] {cli.py:545} INFO - Running <TaskInstance: trigger_dag.process_results.finished_timestamp 2020-01-08T19:16:15.069971+00:00 [queued]> on host 6667999380fe
[2020-01-08 19:19:03,678] {logging_mixin.py:112} INFO - [2020-01-08 19:19:03,678] {local_task_job.py:124} WARNING - Time since last heartbeat(0.04 s) < heartrate(5.0 s), sleeping for 4.963747 s
[2020-01-08 19:19:08,720] {logging_mixin.py:112} INFO - [2020-01-08 19:19:08,720] {local_task_job.py:124} WARNING - Time since last heartbeat(0.04 s) < heartrate(5.0 s), sleeping for 4.958287 s
[2020-01-08 19:19:09,830] {logging_mixin.py:112} INFO - [2020-01-08 19:19:09,830] {dagrun.py:317} INFO - Marking run <DagRun trigger_dag.process_results @ 2020-01-08T19:16:15.069971+00:00: backfill_2020-01-08T19:16:15.069971+00:00, externally triggered: False> successful
[2020-01-08 19:19:09,847] {logging_mixin.py:112} INFO - [2020-01-08 19:19:09,847] {backfill_job.py:363} INFO - [backfill progress] | finished run 1 of 1 | tasks waiting: 0 | succeeded: 4 | running: 0 | failed: 0 | skipped: 0 | deadlocked: 0 | not ready: 0
[2020-01-08 19:19:09,848] {logging_mixin.py:112} INFO - [2020-01-08 19:19:09,848] {backfill_job.py:795} INFO - Backfill done. Exiting.
[2020-01-08 19:19:13,682] {logging_mixin.py:112} INFO - [2020-01-08 19:19:13,682] {local_task_job.py:103} INFO - Task exited with return code 0
