[2020-01-08 17:24:20,937] {taskinstance.py:630} INFO - Dependencies all met for <TaskInstance: dag_id_0.skip_table_creation 2020-01-07T00:00:00+00:00 [queued]>
[2020-01-08 17:24:21,142] {taskinstance.py:630} INFO - Dependencies all met for <TaskInstance: dag_id_0.skip_table_creation 2020-01-07T00:00:00+00:00 [queued]>
[2020-01-08 17:24:21,143] {taskinstance.py:841} INFO - 
--------------------------------------------------------------------------------
[2020-01-08 17:24:21,143] {taskinstance.py:842} INFO - Starting attempt 1 of 1
[2020-01-08 17:24:21,144] {taskinstance.py:843} INFO - 
--------------------------------------------------------------------------------
[2020-01-08 17:24:21,177] {taskinstance.py:862} INFO - Executing <Task(DummyOperator): skip_table_creation> on 2020-01-07T00:00:00+00:00
[2020-01-08 17:24:21,180] {base_task_runner.py:133} INFO - Running: ['airflow', 'run', 'dag_id_0', 'skip_table_creation', '2020-01-07T00:00:00+00:00', '--job_id', '58', '--pool', 'default_pool', '--raw', '-sd', 'DAGS_FOLDER/jobs_dag.py', '--cfg_path', '/tmp/tmpfagw2a9n']
[2020-01-08 17:24:22,473] {base_task_runner.py:115} INFO - Job 58: Subtask skip_table_creation /usr/local/lib/python3.7/site-packages/airflow/configuration.py:226: FutureWarning: The task_runner setting in [core] has the old default value of 'BashTaskRunner'. This value has been changed to 'StandardTaskRunner' in the running config, but please update your config before Apache Airflow 2.0.
[2020-01-08 17:24:22,476] {base_task_runner.py:115} INFO - Job 58: Subtask skip_table_creation   FutureWarning
[2020-01-08 17:24:22,479] {base_task_runner.py:115} INFO - Job 58: Subtask skip_table_creation /usr/local/lib/python3.7/site-packages/airflow/config_templates/airflow_local_settings.py:65: DeprecationWarning: The elasticsearch_host option in [elasticsearch] has been renamed to host - the old setting has been used, but please update your config.
[2020-01-08 17:24:22,482] {base_task_runner.py:115} INFO - Job 58: Subtask skip_table_creation   ELASTICSEARCH_HOST = conf.get('elasticsearch', 'HOST')
[2020-01-08 17:24:22,483] {base_task_runner.py:115} INFO - Job 58: Subtask skip_table_creation /usr/local/lib/python3.7/site-packages/airflow/config_templates/airflow_local_settings.py:67: DeprecationWarning: The elasticsearch_log_id_template option in [elasticsearch] has been renamed to log_id_template - the old setting has been used, but please update your config.
[2020-01-08 17:24:22,487] {base_task_runner.py:115} INFO - Job 58: Subtask skip_table_creation   ELASTICSEARCH_LOG_ID_TEMPLATE = conf.get('elasticsearch', 'LOG_ID_TEMPLATE')
[2020-01-08 17:24:22,489] {base_task_runner.py:115} INFO - Job 58: Subtask skip_table_creation /usr/local/lib/python3.7/site-packages/airflow/config_templates/airflow_local_settings.py:69: DeprecationWarning: The elasticsearch_end_of_log_mark option in [elasticsearch] has been renamed to end_of_log_mark - the old setting has been used, but please update your config.
[2020-01-08 17:24:22,491] {base_task_runner.py:115} INFO - Job 58: Subtask skip_table_creation   ELASTICSEARCH_END_OF_LOG_MARK = conf.get('elasticsearch', 'END_OF_LOG_MARK')
[2020-01-08 17:24:22,800] {base_task_runner.py:115} INFO - Job 58: Subtask skip_table_creation [2020-01-08 17:24:22,800] {settings.py:252} INFO - settings.configure_orm(): Using pool settings. pool_size=5, max_overflow=10, pool_recycle=1800, pid=335
[2020-01-08 17:24:23,894] {base_task_runner.py:115} INFO - Job 58: Subtask skip_table_creation [2020-01-08 17:24:23,893] {__init__.py:51} INFO - Using executor CeleryExecutor
[2020-01-08 17:24:23,894] {base_task_runner.py:115} INFO - Job 58: Subtask skip_table_creation [2020-01-08 17:24:23,894] {dagbag.py:92} INFO - Filling up the DagBag from /usr/local/airflow/dags/jobs_dag.py
[2020-01-08 17:24:24,078] {base_task_runner.py:115} INFO - Job 58: Subtask skip_table_creation [2020-01-08 17:24:24,077] {cli.py:545} INFO - Running <TaskInstance: dag_id_0.skip_table_creation 2020-01-07T00:00:00+00:00 [running]> on host 4c15a692b677
[2020-01-08 17:24:25,876] {logging_mixin.py:112} INFO - [2020-01-08 17:24:25,875] {local_task_job.py:124} WARNING - Time since last heartbeat(0.05 s) < heartrate(5.0 s), sleeping for 4.946483 s
[2020-01-08 17:24:30,827] {logging_mixin.py:112} INFO - [2020-01-08 17:24:30,826] {local_task_job.py:103} INFO - Task exited with return code 0
