[2020-01-08 17:39:19,771] {taskinstance.py:630} INFO - Dependencies all met for <TaskInstance: dag_id_0.query_the_table 2020-01-08T17:38:36.564037+00:00 [queued]>
[2020-01-08 17:39:19,863] {taskinstance.py:630} INFO - Dependencies all met for <TaskInstance: dag_id_0.query_the_table 2020-01-08T17:38:36.564037+00:00 [queued]>
[2020-01-08 17:39:19,864] {taskinstance.py:841} INFO - 
--------------------------------------------------------------------------------
[2020-01-08 17:39:19,864] {taskinstance.py:842} INFO - Starting attempt 1 of 1
[2020-01-08 17:39:19,864] {taskinstance.py:843} INFO - 
--------------------------------------------------------------------------------
[2020-01-08 17:39:19,882] {taskinstance.py:862} INFO - Executing <Task(PythonOperator): query_the_table> on 2020-01-08T17:38:36.564037+00:00
[2020-01-08 17:39:19,882] {base_task_runner.py:133} INFO - Running: ['airflow', 'run', 'dag_id_0', 'query_the_table', '2020-01-08T17:38:36.564037+00:00', '--job_id', '80', '--pool', 'default_pool', '--raw', '-sd', 'DAGS_FOLDER/jobs_dag.py', '--cfg_path', '/tmp/tmp6i9s9dj3']
[2020-01-08 17:39:20,589] {base_task_runner.py:115} INFO - Job 80: Subtask query_the_table /usr/local/lib/python3.7/site-packages/airflow/configuration.py:226: FutureWarning: The task_runner setting in [core] has the old default value of 'BashTaskRunner'. This value has been changed to 'StandardTaskRunner' in the running config, but please update your config before Apache Airflow 2.0.
[2020-01-08 17:39:20,590] {base_task_runner.py:115} INFO - Job 80: Subtask query_the_table   FutureWarning
[2020-01-08 17:39:20,591] {base_task_runner.py:115} INFO - Job 80: Subtask query_the_table /usr/local/lib/python3.7/site-packages/airflow/config_templates/airflow_local_settings.py:65: DeprecationWarning: The elasticsearch_host option in [elasticsearch] has been renamed to host - the old setting has been used, but please update your config.
[2020-01-08 17:39:20,591] {base_task_runner.py:115} INFO - Job 80: Subtask query_the_table   ELASTICSEARCH_HOST = conf.get('elasticsearch', 'HOST')
[2020-01-08 17:39:20,591] {base_task_runner.py:115} INFO - Job 80: Subtask query_the_table /usr/local/lib/python3.7/site-packages/airflow/config_templates/airflow_local_settings.py:67: DeprecationWarning: The elasticsearch_log_id_template option in [elasticsearch] has been renamed to log_id_template - the old setting has been used, but please update your config.
[2020-01-08 17:39:20,592] {base_task_runner.py:115} INFO - Job 80: Subtask query_the_table   ELASTICSEARCH_LOG_ID_TEMPLATE = conf.get('elasticsearch', 'LOG_ID_TEMPLATE')
[2020-01-08 17:39:20,592] {base_task_runner.py:115} INFO - Job 80: Subtask query_the_table /usr/local/lib/python3.7/site-packages/airflow/config_templates/airflow_local_settings.py:69: DeprecationWarning: The elasticsearch_end_of_log_mark option in [elasticsearch] has been renamed to end_of_log_mark - the old setting has been used, but please update your config.
[2020-01-08 17:39:20,593] {base_task_runner.py:115} INFO - Job 80: Subtask query_the_table   ELASTICSEARCH_END_OF_LOG_MARK = conf.get('elasticsearch', 'END_OF_LOG_MARK')
[2020-01-08 17:39:20,699] {base_task_runner.py:115} INFO - Job 80: Subtask query_the_table [2020-01-08 17:39:20,698] {settings.py:252} INFO - settings.configure_orm(): Using pool settings. pool_size=5, max_overflow=10, pool_recycle=1800, pid=564
[2020-01-08 17:39:21,636] {base_task_runner.py:115} INFO - Job 80: Subtask query_the_table [2020-01-08 17:39:21,636] {__init__.py:51} INFO - Using executor CeleryExecutor
[2020-01-08 17:39:21,637] {base_task_runner.py:115} INFO - Job 80: Subtask query_the_table [2020-01-08 17:39:21,636] {dagbag.py:92} INFO - Filling up the DagBag from /usr/local/airflow/dags/jobs_dag.py
[2020-01-08 17:39:21,784] {base_task_runner.py:115} INFO - Job 80: Subtask query_the_table [2020-01-08 17:39:21,784] {cli.py:545} INFO - Running <TaskInstance: dag_id_0.query_the_table 2020-01-08T17:38:36.564037+00:00 [running]> on host 6667999380fe
[2020-01-08 17:39:21,854] {python_operator.py:105} INFO - Exporting the following env vars:
AIRFLOW_CTX_DAG_ID=dag_id_0
AIRFLOW_CTX_TASK_ID=query_the_table
AIRFLOW_CTX_EXECUTION_DATE=2020-01-08T17:38:36.564037+00:00
AIRFLOW_CTX_DAG_RUN_ID=manual__2020-01-08T17:38:36.564037+00:00
[2020-01-08 17:39:21,907] {logging_mixin.py:112} INFO - [2020-01-08 17:39:21,906] {jobs_dag.py:32} INFO - {'conf': <airflow.configuration.AirflowConfigParser object at 0x7f99c888f850>, 'dag': <DAG: dag_id_0>, 'ds': '2020-01-08', 'next_ds': '2020-01-08', 'next_ds_nodash': '20200108', 'prev_ds': '2020-01-08', 'prev_ds_nodash': '20200108', 'ds_nodash': '20200108', 'ts': '2020-01-08T17:38:36.564037+00:00', 'ts_nodash': '20200108T173836', 'ts_nodash_with_tz': '20200108T173836.564037+0000', 'yesterday_ds': '2020-01-07', 'yesterday_ds_nodash': '20200107', 'tomorrow_ds': '2020-01-09', 'tomorrow_ds_nodash': '20200109', 'END_DATE': '2020-01-08', 'end_date': '2020-01-08', 'dag_run': <DagRun dag_id_0 @ 2020-01-08 17:38:36.564037+00:00: manual__2020-01-08T17:38:36.564037+00:00, externally triggered: True>, 'run_id': 'manual__2020-01-08T17:38:36.564037+00:00', 'execution_date': <Pendulum [2020-01-08T17:38:36.564037+00:00]>, 'prev_execution_date': <Pendulum [2020-01-08T17:38:36.564037+00:00]>, 'prev_execution_date_success': <Proxy at 0x7f99b6808140 with factory <function TaskInstance.get_template_context.<locals>.<lambda> at 0x7f99b685b050>>, 'prev_start_date_success': <Proxy at 0x7f99b6808370 with factory <function TaskInstance.get_template_context.<locals>.<lambda> at 0x7f99b67fb320>>, 'next_execution_date': <Pendulum [2020-01-08T17:38:36.564037+00:00]>, 'latest_date': '2020-01-08', 'macros': <module 'airflow.macros' from '/usr/local/lib/python3.7/site-packages/airflow/macros/__init__.py'>, 'params': {}, 'tables': None, 'task': <Task(PythonOperator): query_the_table>, 'task_instance': <TaskInstance: dag_id_0.query_the_table 2020-01-08T17:38:36.564037+00:00 [running]>, 'ti': <TaskInstance: dag_id_0.query_the_table 2020-01-08T17:38:36.564037+00:00 [running]>, 'task_instance_key_str': 'dag_id_0__query_the_table__20200108', 'test_mode': False, 'var': {'value': None, 'json': None}, 'inlets': [], 'outlets': [], 'templates_dict': None}
[2020-01-08 17:39:21,907] {python_operator.py:114} INFO - Done. Returned value was: None
[2020-01-08 17:39:24,738] {logging_mixin.py:112} INFO - [2020-01-08 17:39:24,738] {local_task_job.py:124} WARNING - Time since last heartbeat(0.05 s) < heartrate(5.0 s), sleeping for 4.954146 s
[2020-01-08 17:39:29,699] {logging_mixin.py:112} INFO - [2020-01-08 17:39:29,698] {local_task_job.py:103} INFO - Task exited with return code 0
