[2020-01-08 19:17:09,280] {taskinstance.py:630} INFO - Dependencies all met for <TaskInstance: trigger_dag.process_results.sensor_triggered_dag 2020-01-08T19:16:15.069971+00:00 [queued]>
[2020-01-08 19:17:09,369] {taskinstance.py:630} INFO - Dependencies all met for <TaskInstance: trigger_dag.process_results.sensor_triggered_dag 2020-01-08T19:16:15.069971+00:00 [queued]>
[2020-01-08 19:17:09,372] {taskinstance.py:841} INFO - 
--------------------------------------------------------------------------------
[2020-01-08 19:17:09,372] {taskinstance.py:842} INFO - Starting attempt 1 of 1
[2020-01-08 19:17:09,374] {taskinstance.py:843} INFO - 
--------------------------------------------------------------------------------
[2020-01-08 19:17:09,458] {taskinstance.py:862} INFO - Executing <Task(ExternalTaskSensor): sensor_triggered_dag> on 2020-01-08T19:16:15.069971+00:00
[2020-01-08 19:17:09,461] {base_task_runner.py:133} INFO - Running: ['airflow', 'run', 'trigger_dag.process_results', 'sensor_triggered_dag', '2020-01-08T19:16:15.069971+00:00', '--job_id', '101', '--pool', 'default_pool', '--raw', '-sd', 'DAGS_FOLDER/trigger_dag.py', '--cfg_path', '/tmp/tmpg1jr49e4']
[2020-01-08 19:17:11,054] {base_task_runner.py:115} INFO - Job 101: Subtask sensor_triggered_dag /usr/local/lib/python3.7/site-packages/airflow/configuration.py:226: FutureWarning: The task_runner setting in [core] has the old default value of 'BashTaskRunner'. This value has been changed to 'StandardTaskRunner' in the running config, but please update your config before Apache Airflow 2.0.
[2020-01-08 19:17:11,055] {base_task_runner.py:115} INFO - Job 101: Subtask sensor_triggered_dag   FutureWarning
[2020-01-08 19:17:11,055] {base_task_runner.py:115} INFO - Job 101: Subtask sensor_triggered_dag /usr/local/lib/python3.7/site-packages/airflow/config_templates/airflow_local_settings.py:65: DeprecationWarning: The elasticsearch_host option in [elasticsearch] has been renamed to host - the old setting has been used, but please update your config.
[2020-01-08 19:17:11,056] {base_task_runner.py:115} INFO - Job 101: Subtask sensor_triggered_dag   ELASTICSEARCH_HOST = conf.get('elasticsearch', 'HOST')
[2020-01-08 19:17:11,056] {base_task_runner.py:115} INFO - Job 101: Subtask sensor_triggered_dag /usr/local/lib/python3.7/site-packages/airflow/config_templates/airflow_local_settings.py:67: DeprecationWarning: The elasticsearch_log_id_template option in [elasticsearch] has been renamed to log_id_template - the old setting has been used, but please update your config.
[2020-01-08 19:17:11,057] {base_task_runner.py:115} INFO - Job 101: Subtask sensor_triggered_dag   ELASTICSEARCH_LOG_ID_TEMPLATE = conf.get('elasticsearch', 'LOG_ID_TEMPLATE')
[2020-01-08 19:17:11,057] {base_task_runner.py:115} INFO - Job 101: Subtask sensor_triggered_dag /usr/local/lib/python3.7/site-packages/airflow/config_templates/airflow_local_settings.py:69: DeprecationWarning: The elasticsearch_end_of_log_mark option in [elasticsearch] has been renamed to end_of_log_mark - the old setting has been used, but please update your config.
[2020-01-08 19:17:11,057] {base_task_runner.py:115} INFO - Job 101: Subtask sensor_triggered_dag   ELASTICSEARCH_END_OF_LOG_MARK = conf.get('elasticsearch', 'END_OF_LOG_MARK')
[2020-01-08 19:17:11,318] {base_task_runner.py:115} INFO - Job 101: Subtask sensor_triggered_dag [2020-01-08 19:17:11,318] {settings.py:252} INFO - settings.configure_orm(): Using pool settings. pool_size=5, max_overflow=10, pool_recycle=1800, pid=1848
[2020-01-08 19:17:12,399] {base_task_runner.py:115} INFO - Job 101: Subtask sensor_triggered_dag [2020-01-08 19:17:12,399] {__init__.py:51} INFO - Using executor CeleryExecutor
[2020-01-08 19:17:12,400] {base_task_runner.py:115} INFO - Job 101: Subtask sensor_triggered_dag [2020-01-08 19:17:12,400] {dagbag.py:92} INFO - Filling up the DagBag from /usr/local/airflow/dags/trigger_dag.py
[2020-01-08 19:17:12,681] {base_task_runner.py:115} INFO - Job 101: Subtask sensor_triggered_dag [2020-01-08 19:17:12,681] {cli.py:545} INFO - Running <TaskInstance: trigger_dag.process_results.sensor_triggered_dag 2020-01-08T19:16:15.069971+00:00 [running]> on host 6667999380fe
[2020-01-08 19:17:12,885] {external_task_sensor.py:113} INFO - Poking for dag_id_0.None on 2020-01-08T19:16:15.069971+00:00 ... 
[2020-01-08 19:17:13,068] {taskinstance.py:1054} INFO - Rescheduling task, marking task as UP_FOR_RESCHEDULE
[2020-01-08 19:17:14,224] {logging_mixin.py:112} INFO - [2020-01-08 19:17:14,224] {local_task_job.py:124} WARNING - Time since last heartbeat(0.03 s) < heartrate(5.0 s), sleeping for 4.968171 s
[2020-01-08 19:17:19,199] {logging_mixin.py:112} INFO - [2020-01-08 19:17:19,198] {local_task_job.py:103} INFO - Task exited with return code 0
[2020-01-08 19:17:43,946] {taskinstance.py:630} INFO - Dependencies all met for <TaskInstance: trigger_dag.process_results.sensor_triggered_dag 2020-01-08T19:16:15.069971+00:00 [queued]>
[2020-01-08 19:17:44,016] {taskinstance.py:630} INFO - Dependencies all met for <TaskInstance: trigger_dag.process_results.sensor_triggered_dag 2020-01-08T19:16:15.069971+00:00 [queued]>
[2020-01-08 19:17:44,017] {taskinstance.py:841} INFO - 
--------------------------------------------------------------------------------
[2020-01-08 19:17:44,019] {taskinstance.py:842} INFO - Starting attempt 1 of 1
[2020-01-08 19:17:44,020] {taskinstance.py:843} INFO - 
--------------------------------------------------------------------------------
[2020-01-08 19:17:44,130] {taskinstance.py:862} INFO - Executing <Task(ExternalTaskSensor): sensor_triggered_dag> on 2020-01-08T19:16:15.069971+00:00
[2020-01-08 19:17:44,131] {base_task_runner.py:133} INFO - Running: ['airflow', 'run', 'trigger_dag.process_results', 'sensor_triggered_dag', '2020-01-08T19:16:15.069971+00:00', '--job_id', '105', '--pool', 'default_pool', '--raw', '-sd', 'DAGS_FOLDER/trigger_dag.py', '--cfg_path', '/tmp/tmpnw7jqjv8']
[2020-01-08 19:17:45,557] {base_task_runner.py:115} INFO - Job 105: Subtask sensor_triggered_dag /usr/local/lib/python3.7/site-packages/airflow/configuration.py:226: FutureWarning: The task_runner setting in [core] has the old default value of 'BashTaskRunner'. This value has been changed to 'StandardTaskRunner' in the running config, but please update your config before Apache Airflow 2.0.
[2020-01-08 19:17:45,558] {base_task_runner.py:115} INFO - Job 105: Subtask sensor_triggered_dag   FutureWarning
[2020-01-08 19:17:45,559] {base_task_runner.py:115} INFO - Job 105: Subtask sensor_triggered_dag /usr/local/lib/python3.7/site-packages/airflow/config_templates/airflow_local_settings.py:65: DeprecationWarning: The elasticsearch_host option in [elasticsearch] has been renamed to host - the old setting has been used, but please update your config.
[2020-01-08 19:17:45,559] {base_task_runner.py:115} INFO - Job 105: Subtask sensor_triggered_dag   ELASTICSEARCH_HOST = conf.get('elasticsearch', 'HOST')
[2020-01-08 19:17:45,559] {base_task_runner.py:115} INFO - Job 105: Subtask sensor_triggered_dag /usr/local/lib/python3.7/site-packages/airflow/config_templates/airflow_local_settings.py:67: DeprecationWarning: The elasticsearch_log_id_template option in [elasticsearch] has been renamed to log_id_template - the old setting has been used, but please update your config.
[2020-01-08 19:17:45,560] {base_task_runner.py:115} INFO - Job 105: Subtask sensor_triggered_dag   ELASTICSEARCH_LOG_ID_TEMPLATE = conf.get('elasticsearch', 'LOG_ID_TEMPLATE')
[2020-01-08 19:17:45,560] {base_task_runner.py:115} INFO - Job 105: Subtask sensor_triggered_dag /usr/local/lib/python3.7/site-packages/airflow/config_templates/airflow_local_settings.py:69: DeprecationWarning: The elasticsearch_end_of_log_mark option in [elasticsearch] has been renamed to end_of_log_mark - the old setting has been used, but please update your config.
[2020-01-08 19:17:45,561] {base_task_runner.py:115} INFO - Job 105: Subtask sensor_triggered_dag   ELASTICSEARCH_END_OF_LOG_MARK = conf.get('elasticsearch', 'END_OF_LOG_MARK')
[2020-01-08 19:17:45,693] {base_task_runner.py:115} INFO - Job 105: Subtask sensor_triggered_dag [2020-01-08 19:17:45,687] {settings.py:252} INFO - settings.configure_orm(): Using pool settings. pool_size=5, max_overflow=10, pool_recycle=1800, pid=1871
[2020-01-08 19:17:47,281] {base_task_runner.py:115} INFO - Job 105: Subtask sensor_triggered_dag [2020-01-08 19:17:47,279] {__init__.py:51} INFO - Using executor CeleryExecutor
[2020-01-08 19:17:47,282] {base_task_runner.py:115} INFO - Job 105: Subtask sensor_triggered_dag [2020-01-08 19:17:47,281] {dagbag.py:92} INFO - Filling up the DagBag from /usr/local/airflow/dags/trigger_dag.py
[2020-01-08 19:17:47,637] {base_task_runner.py:115} INFO - Job 105: Subtask sensor_triggered_dag [2020-01-08 19:17:47,637] {cli.py:545} INFO - Running <TaskInstance: trigger_dag.process_results.sensor_triggered_dag 2020-01-08T19:16:15.069971+00:00 [running]> on host 6667999380fe
[2020-01-08 19:17:47,846] {external_task_sensor.py:113} INFO - Poking for dag_id_0.None on 2020-01-08T19:16:15.069971+00:00 ... 
[2020-01-08 19:17:48,033] {taskinstance.py:1054} INFO - Rescheduling task, marking task as UP_FOR_RESCHEDULE
[2020-01-08 19:17:48,895] {logging_mixin.py:112} INFO - [2020-01-08 19:17:48,895] {local_task_job.py:124} WARNING - Time since last heartbeat(0.03 s) < heartrate(5.0 s), sleeping for 4.965927 s
[2020-01-08 19:17:53,868] {logging_mixin.py:112} INFO - [2020-01-08 19:17:53,867] {local_task_job.py:103} INFO - Task exited with return code 0
[2020-01-08 19:18:18,719] {taskinstance.py:630} INFO - Dependencies all met for <TaskInstance: trigger_dag.process_results.sensor_triggered_dag 2020-01-08T19:16:15.069971+00:00 [queued]>
[2020-01-08 19:18:18,780] {taskinstance.py:630} INFO - Dependencies all met for <TaskInstance: trigger_dag.process_results.sensor_triggered_dag 2020-01-08T19:16:15.069971+00:00 [queued]>
[2020-01-08 19:18:18,780] {taskinstance.py:841} INFO - 
--------------------------------------------------------------------------------
[2020-01-08 19:18:18,781] {taskinstance.py:842} INFO - Starting attempt 1 of 1
[2020-01-08 19:18:18,781] {taskinstance.py:843} INFO - 
--------------------------------------------------------------------------------
[2020-01-08 19:18:18,836] {taskinstance.py:862} INFO - Executing <Task(ExternalTaskSensor): sensor_triggered_dag> on 2020-01-08T19:16:15.069971+00:00
[2020-01-08 19:18:18,837] {base_task_runner.py:133} INFO - Running: ['airflow', 'run', 'trigger_dag.process_results', 'sensor_triggered_dag', '2020-01-08T19:16:15.069971+00:00', '--job_id', '107', '--pool', 'default_pool', '--raw', '-sd', 'DAGS_FOLDER/trigger_dag.py', '--cfg_path', '/tmp/tmpgj_rtyco']
[2020-01-08 19:18:20,072] {base_task_runner.py:115} INFO - Job 107: Subtask sensor_triggered_dag /usr/local/lib/python3.7/site-packages/airflow/configuration.py:226: FutureWarning: The task_runner setting in [core] has the old default value of 'BashTaskRunner'. This value has been changed to 'StandardTaskRunner' in the running config, but please update your config before Apache Airflow 2.0.
[2020-01-08 19:18:20,073] {base_task_runner.py:115} INFO - Job 107: Subtask sensor_triggered_dag   FutureWarning
[2020-01-08 19:18:20,073] {base_task_runner.py:115} INFO - Job 107: Subtask sensor_triggered_dag /usr/local/lib/python3.7/site-packages/airflow/config_templates/airflow_local_settings.py:65: DeprecationWarning: The elasticsearch_host option in [elasticsearch] has been renamed to host - the old setting has been used, but please update your config.
[2020-01-08 19:18:20,074] {base_task_runner.py:115} INFO - Job 107: Subtask sensor_triggered_dag   ELASTICSEARCH_HOST = conf.get('elasticsearch', 'HOST')
[2020-01-08 19:18:20,074] {base_task_runner.py:115} INFO - Job 107: Subtask sensor_triggered_dag /usr/local/lib/python3.7/site-packages/airflow/config_templates/airflow_local_settings.py:67: DeprecationWarning: The elasticsearch_log_id_template option in [elasticsearch] has been renamed to log_id_template - the old setting has been used, but please update your config.
[2020-01-08 19:18:20,074] {base_task_runner.py:115} INFO - Job 107: Subtask sensor_triggered_dag   ELASTICSEARCH_LOG_ID_TEMPLATE = conf.get('elasticsearch', 'LOG_ID_TEMPLATE')
[2020-01-08 19:18:20,075] {base_task_runner.py:115} INFO - Job 107: Subtask sensor_triggered_dag /usr/local/lib/python3.7/site-packages/airflow/config_templates/airflow_local_settings.py:69: DeprecationWarning: The elasticsearch_end_of_log_mark option in [elasticsearch] has been renamed to end_of_log_mark - the old setting has been used, but please update your config.
[2020-01-08 19:18:20,075] {base_task_runner.py:115} INFO - Job 107: Subtask sensor_triggered_dag   ELASTICSEARCH_END_OF_LOG_MARK = conf.get('elasticsearch', 'END_OF_LOG_MARK')
[2020-01-08 19:18:20,256] {base_task_runner.py:115} INFO - Job 107: Subtask sensor_triggered_dag [2020-01-08 19:18:20,255] {settings.py:252} INFO - settings.configure_orm(): Using pool settings. pool_size=5, max_overflow=10, pool_recycle=1800, pid=1887
[2020-01-08 19:18:21,197] {base_task_runner.py:115} INFO - Job 107: Subtask sensor_triggered_dag [2020-01-08 19:18:21,197] {__init__.py:51} INFO - Using executor CeleryExecutor
[2020-01-08 19:18:21,198] {base_task_runner.py:115} INFO - Job 107: Subtask sensor_triggered_dag [2020-01-08 19:18:21,197] {dagbag.py:92} INFO - Filling up the DagBag from /usr/local/airflow/dags/trigger_dag.py
[2020-01-08 19:18:21,435] {base_task_runner.py:115} INFO - Job 107: Subtask sensor_triggered_dag [2020-01-08 19:18:21,434] {cli.py:545} INFO - Running <TaskInstance: trigger_dag.process_results.sensor_triggered_dag 2020-01-08T19:16:15.069971+00:00 [running]> on host 6667999380fe
[2020-01-08 19:18:21,568] {external_task_sensor.py:113} INFO - Poking for dag_id_0.None on 2020-01-08T19:16:15.069971+00:00 ... 
[2020-01-08 19:18:21,630] {base_sensor_operator.py:123} INFO - Success criteria met. Exiting.
[2020-01-08 19:18:23,695] {logging_mixin.py:112} INFO - [2020-01-08 19:18:23,694] {local_task_job.py:124} WARNING - Time since last heartbeat(0.04 s) < heartrate(5.0 s), sleeping for 4.956772 s
[2020-01-08 19:18:28,655] {logging_mixin.py:112} INFO - [2020-01-08 19:18:28,654] {local_task_job.py:103} INFO - Task exited with return code 0
