[2020-01-09 16:12:20,258] {taskinstance.py:630} INFO - Dependencies all met for <TaskInstance: trigger_dag.process_results.sensor_triggered_dag 2020-01-09T16:10:41.998875+00:00 [queued]>
[2020-01-09 16:12:20,319] {taskinstance.py:630} INFO - Dependencies all met for <TaskInstance: trigger_dag.process_results.sensor_triggered_dag 2020-01-09T16:10:41.998875+00:00 [queued]>
[2020-01-09 16:12:20,319] {taskinstance.py:841} INFO - 
--------------------------------------------------------------------------------
[2020-01-09 16:12:20,320] {taskinstance.py:842} INFO - Starting attempt 1 of 1
[2020-01-09 16:12:20,320] {taskinstance.py:843} INFO - 
--------------------------------------------------------------------------------
[2020-01-09 16:12:20,440] {taskinstance.py:862} INFO - Executing <Task(ExternalTaskSensor): sensor_triggered_dag> on 2020-01-09T16:10:41.998875+00:00
[2020-01-09 16:12:20,441] {base_task_runner.py:133} INFO - Running: ['airflow', 'run', 'trigger_dag.process_results', 'sensor_triggered_dag', '2020-01-09T16:10:41.998875+00:00', '--job_id', '119', '--pool', 'default_pool', '--raw', '-sd', 'DAGS_FOLDER/trigger_dag.py', '--cfg_path', '/tmp/tmp91hfe1lg']
[2020-01-09 16:12:21,856] {base_task_runner.py:115} INFO - Job 119: Subtask sensor_triggered_dag /usr/local/lib/python3.7/site-packages/airflow/configuration.py:226: FutureWarning: The task_runner setting in [core] has the old default value of 'BashTaskRunner'. This value has been changed to 'StandardTaskRunner' in the running config, but please update your config before Apache Airflow 2.0.
[2020-01-09 16:12:21,861] {base_task_runner.py:115} INFO - Job 119: Subtask sensor_triggered_dag   FutureWarning
[2020-01-09 16:12:21,861] {base_task_runner.py:115} INFO - Job 119: Subtask sensor_triggered_dag /usr/local/lib/python3.7/site-packages/airflow/config_templates/airflow_local_settings.py:65: DeprecationWarning: The elasticsearch_host option in [elasticsearch] has been renamed to host - the old setting has been used, but please update your config.
[2020-01-09 16:12:21,862] {base_task_runner.py:115} INFO - Job 119: Subtask sensor_triggered_dag   ELASTICSEARCH_HOST = conf.get('elasticsearch', 'HOST')
[2020-01-09 16:12:21,862] {base_task_runner.py:115} INFO - Job 119: Subtask sensor_triggered_dag /usr/local/lib/python3.7/site-packages/airflow/config_templates/airflow_local_settings.py:67: DeprecationWarning: The elasticsearch_log_id_template option in [elasticsearch] has been renamed to log_id_template - the old setting has been used, but please update your config.
[2020-01-09 16:12:21,863] {base_task_runner.py:115} INFO - Job 119: Subtask sensor_triggered_dag   ELASTICSEARCH_LOG_ID_TEMPLATE = conf.get('elasticsearch', 'LOG_ID_TEMPLATE')
[2020-01-09 16:12:21,865] {base_task_runner.py:115} INFO - Job 119: Subtask sensor_triggered_dag /usr/local/lib/python3.7/site-packages/airflow/config_templates/airflow_local_settings.py:69: DeprecationWarning: The elasticsearch_end_of_log_mark option in [elasticsearch] has been renamed to end_of_log_mark - the old setting has been used, but please update your config.
[2020-01-09 16:12:21,865] {base_task_runner.py:115} INFO - Job 119: Subtask sensor_triggered_dag   ELASTICSEARCH_END_OF_LOG_MARK = conf.get('elasticsearch', 'END_OF_LOG_MARK')
[2020-01-09 16:12:22,372] {base_task_runner.py:115} INFO - Job 119: Subtask sensor_triggered_dag [2020-01-09 16:12:22,372] {settings.py:252} INFO - settings.configure_orm(): Using pool settings. pool_size=5, max_overflow=10, pool_recycle=1800, pid=125
[2020-01-09 16:12:24,289] {base_task_runner.py:115} INFO - Job 119: Subtask sensor_triggered_dag [2020-01-09 16:12:24,288] {__init__.py:51} INFO - Using executor CeleryExecutor
[2020-01-09 16:12:24,301] {base_task_runner.py:115} INFO - Job 119: Subtask sensor_triggered_dag [2020-01-09 16:12:24,298] {dagbag.py:92} INFO - Filling up the DagBag from /usr/local/airflow/dags/trigger_dag.py
[2020-01-09 16:12:24,914] {base_task_runner.py:115} INFO - Job 119: Subtask sensor_triggered_dag [2020-01-09 16:12:24,903] {cli.py:545} INFO - Running <TaskInstance: trigger_dag.process_results.sensor_triggered_dag 2020-01-09T16:10:41.998875+00:00 [running]> on host 68423a1cda8f
[2020-01-09 16:12:25,220] {external_task_sensor.py:113} INFO - Poking for dag_id_0.None on 2020-01-09T16:10:41.998875+00:00 ... 
[2020-01-09 16:12:25,302] {logging_mixin.py:112} INFO - [2020-01-09 16:12:25,302] {local_task_job.py:124} WARNING - Time since last heartbeat(0.18 s) < heartrate(5.0 s), sleeping for 4.823172 s
[2020-01-09 16:12:25,657] {taskinstance.py:1054} INFO - Rescheduling task, marking task as UP_FOR_RESCHEDULE
[2020-01-09 16:12:30,093] {logging_mixin.py:112} INFO - [2020-01-09 16:12:30,092] {local_task_job.py:103} INFO - Task exited with return code 0
[2020-01-09 16:12:55,850] {taskinstance.py:630} INFO - Dependencies all met for <TaskInstance: trigger_dag.process_results.sensor_triggered_dag 2020-01-09T16:10:41.998875+00:00 [queued]>
[2020-01-09 16:12:55,966] {taskinstance.py:630} INFO - Dependencies all met for <TaskInstance: trigger_dag.process_results.sensor_triggered_dag 2020-01-09T16:10:41.998875+00:00 [queued]>
[2020-01-09 16:12:55,968] {taskinstance.py:841} INFO - 
--------------------------------------------------------------------------------
[2020-01-09 16:12:55,970] {taskinstance.py:842} INFO - Starting attempt 1 of 1
[2020-01-09 16:12:55,971] {taskinstance.py:843} INFO - 
--------------------------------------------------------------------------------
[2020-01-09 16:12:56,057] {taskinstance.py:862} INFO - Executing <Task(ExternalTaskSensor): sensor_triggered_dag> on 2020-01-09T16:10:41.998875+00:00
[2020-01-09 16:12:56,065] {base_task_runner.py:133} INFO - Running: ['airflow', 'run', 'trigger_dag.process_results', 'sensor_triggered_dag', '2020-01-09T16:10:41.998875+00:00', '--job_id', '122', '--pool', 'default_pool', '--raw', '-sd', 'DAGS_FOLDER/trigger_dag.py', '--cfg_path', '/tmp/tmpwii5p3lp']
[2020-01-09 16:12:57,511] {base_task_runner.py:115} INFO - Job 122: Subtask sensor_triggered_dag /usr/local/lib/python3.7/site-packages/airflow/configuration.py:226: FutureWarning: The task_runner setting in [core] has the old default value of 'BashTaskRunner'. This value has been changed to 'StandardTaskRunner' in the running config, but please update your config before Apache Airflow 2.0.
[2020-01-09 16:12:57,512] {base_task_runner.py:115} INFO - Job 122: Subtask sensor_triggered_dag   FutureWarning
[2020-01-09 16:12:57,513] {base_task_runner.py:115} INFO - Job 122: Subtask sensor_triggered_dag /usr/local/lib/python3.7/site-packages/airflow/config_templates/airflow_local_settings.py:65: DeprecationWarning: The elasticsearch_host option in [elasticsearch] has been renamed to host - the old setting has been used, but please update your config.
[2020-01-09 16:12:57,514] {base_task_runner.py:115} INFO - Job 122: Subtask sensor_triggered_dag   ELASTICSEARCH_HOST = conf.get('elasticsearch', 'HOST')
[2020-01-09 16:12:57,515] {base_task_runner.py:115} INFO - Job 122: Subtask sensor_triggered_dag /usr/local/lib/python3.7/site-packages/airflow/config_templates/airflow_local_settings.py:67: DeprecationWarning: The elasticsearch_log_id_template option in [elasticsearch] has been renamed to log_id_template - the old setting has been used, but please update your config.
[2020-01-09 16:12:57,517] {base_task_runner.py:115} INFO - Job 122: Subtask sensor_triggered_dag   ELASTICSEARCH_LOG_ID_TEMPLATE = conf.get('elasticsearch', 'LOG_ID_TEMPLATE')
[2020-01-09 16:12:57,518] {base_task_runner.py:115} INFO - Job 122: Subtask sensor_triggered_dag /usr/local/lib/python3.7/site-packages/airflow/config_templates/airflow_local_settings.py:69: DeprecationWarning: The elasticsearch_end_of_log_mark option in [elasticsearch] has been renamed to end_of_log_mark - the old setting has been used, but please update your config.
[2020-01-09 16:12:57,520] {base_task_runner.py:115} INFO - Job 122: Subtask sensor_triggered_dag   ELASTICSEARCH_END_OF_LOG_MARK = conf.get('elasticsearch', 'END_OF_LOG_MARK')
[2020-01-09 16:12:58,619] {base_task_runner.py:115} INFO - Job 122: Subtask sensor_triggered_dag [2020-01-09 16:12:58,617] {settings.py:252} INFO - settings.configure_orm(): Using pool settings. pool_size=5, max_overflow=10, pool_recycle=1800, pid=149
[2020-01-09 16:13:00,752] {logging_mixin.py:112} INFO - [2020-01-09 16:13:00,752] {local_task_job.py:124} WARNING - Time since last heartbeat(0.13 s) < heartrate(5.0 s), sleeping for 4.872229 s
[2020-01-09 16:13:01,517] {base_task_runner.py:115} INFO - Job 122: Subtask sensor_triggered_dag [2020-01-09 16:13:01,512] {__init__.py:51} INFO - Using executor CeleryExecutor
[2020-01-09 16:13:01,519] {base_task_runner.py:115} INFO - Job 122: Subtask sensor_triggered_dag [2020-01-09 16:13:01,518] {dagbag.py:92} INFO - Filling up the DagBag from /usr/local/airflow/dags/trigger_dag.py
[2020-01-09 16:13:01,975] {base_task_runner.py:115} INFO - Job 122: Subtask sensor_triggered_dag [2020-01-09 16:13:01,960] {cli.py:545} INFO - Running <TaskInstance: trigger_dag.process_results.sensor_triggered_dag 2020-01-09T16:10:41.998875+00:00 [running]> on host 68423a1cda8f
[2020-01-09 16:13:02,340] {external_task_sensor.py:113} INFO - Poking for dag_id_0.None on 2020-01-09T16:10:41.998875+00:00 ... 
[2020-01-09 16:13:02,539] {taskinstance.py:1054} INFO - Rescheduling task, marking task as UP_FOR_RESCHEDULE
[2020-01-09 16:13:05,632] {logging_mixin.py:112} INFO - [2020-01-09 16:13:05,631] {local_task_job.py:103} INFO - Task exited with return code 0
[2020-01-09 16:13:30,536] {taskinstance.py:630} INFO - Dependencies all met for <TaskInstance: trigger_dag.process_results.sensor_triggered_dag 2020-01-09T16:10:41.998875+00:00 [queued]>
[2020-01-09 16:13:30,643] {taskinstance.py:630} INFO - Dependencies all met for <TaskInstance: trigger_dag.process_results.sensor_triggered_dag 2020-01-09T16:10:41.998875+00:00 [queued]>
[2020-01-09 16:13:30,644] {taskinstance.py:841} INFO - 
--------------------------------------------------------------------------------
[2020-01-09 16:13:30,645] {taskinstance.py:842} INFO - Starting attempt 1 of 1
[2020-01-09 16:13:30,645] {taskinstance.py:843} INFO - 
--------------------------------------------------------------------------------
[2020-01-09 16:13:30,717] {taskinstance.py:862} INFO - Executing <Task(ExternalTaskSensor): sensor_triggered_dag> on 2020-01-09T16:10:41.998875+00:00
[2020-01-09 16:13:30,718] {base_task_runner.py:133} INFO - Running: ['airflow', 'run', 'trigger_dag.process_results', 'sensor_triggered_dag', '2020-01-09T16:10:41.998875+00:00', '--job_id', '125', '--pool', 'default_pool', '--raw', '-sd', 'DAGS_FOLDER/trigger_dag.py', '--cfg_path', '/tmp/tmpl4amay3f']
[2020-01-09 16:13:31,368] {base_task_runner.py:115} INFO - Job 125: Subtask sensor_triggered_dag /usr/local/lib/python3.7/site-packages/airflow/configuration.py:226: FutureWarning: The task_runner setting in [core] has the old default value of 'BashTaskRunner'. This value has been changed to 'StandardTaskRunner' in the running config, but please update your config before Apache Airflow 2.0.
[2020-01-09 16:13:31,369] {base_task_runner.py:115} INFO - Job 125: Subtask sensor_triggered_dag   FutureWarning
[2020-01-09 16:13:31,370] {base_task_runner.py:115} INFO - Job 125: Subtask sensor_triggered_dag /usr/local/lib/python3.7/site-packages/airflow/config_templates/airflow_local_settings.py:65: DeprecationWarning: The elasticsearch_host option in [elasticsearch] has been renamed to host - the old setting has been used, but please update your config.
[2020-01-09 16:13:31,371] {base_task_runner.py:115} INFO - Job 125: Subtask sensor_triggered_dag   ELASTICSEARCH_HOST = conf.get('elasticsearch', 'HOST')
[2020-01-09 16:13:31,371] {base_task_runner.py:115} INFO - Job 125: Subtask sensor_triggered_dag /usr/local/lib/python3.7/site-packages/airflow/config_templates/airflow_local_settings.py:67: DeprecationWarning: The elasticsearch_log_id_template option in [elasticsearch] has been renamed to log_id_template - the old setting has been used, but please update your config.
[2020-01-09 16:13:31,372] {base_task_runner.py:115} INFO - Job 125: Subtask sensor_triggered_dag   ELASTICSEARCH_LOG_ID_TEMPLATE = conf.get('elasticsearch', 'LOG_ID_TEMPLATE')
[2020-01-09 16:13:31,372] {base_task_runner.py:115} INFO - Job 125: Subtask sensor_triggered_dag /usr/local/lib/python3.7/site-packages/airflow/config_templates/airflow_local_settings.py:69: DeprecationWarning: The elasticsearch_end_of_log_mark option in [elasticsearch] has been renamed to end_of_log_mark - the old setting has been used, but please update your config.
[2020-01-09 16:13:31,373] {base_task_runner.py:115} INFO - Job 125: Subtask sensor_triggered_dag   ELASTICSEARCH_END_OF_LOG_MARK = conf.get('elasticsearch', 'END_OF_LOG_MARK')
[2020-01-09 16:13:31,500] {base_task_runner.py:115} INFO - Job 125: Subtask sensor_triggered_dag [2020-01-09 16:13:31,494] {settings.py:252} INFO - settings.configure_orm(): Using pool settings. pool_size=5, max_overflow=10, pool_recycle=1800, pid=171
[2020-01-09 16:13:32,599] {base_task_runner.py:115} INFO - Job 125: Subtask sensor_triggered_dag [2020-01-09 16:13:32,597] {__init__.py:51} INFO - Using executor CeleryExecutor
[2020-01-09 16:13:32,601] {base_task_runner.py:115} INFO - Job 125: Subtask sensor_triggered_dag [2020-01-09 16:13:32,599] {dagbag.py:92} INFO - Filling up the DagBag from /usr/local/airflow/dags/trigger_dag.py
[2020-01-09 16:13:32,809] {base_task_runner.py:115} INFO - Job 125: Subtask sensor_triggered_dag [2020-01-09 16:13:32,808] {cli.py:545} INFO - Running <TaskInstance: trigger_dag.process_results.sensor_triggered_dag 2020-01-09T16:10:41.998875+00:00 [running]> on host 68423a1cda8f
[2020-01-09 16:13:32,932] {external_task_sensor.py:113} INFO - Poking for dag_id_0.None on 2020-01-09T16:10:41.998875+00:00 ... 
[2020-01-09 16:13:32,968] {base_sensor_operator.py:123} INFO - Success criteria met. Exiting.
[2020-01-09 16:13:35,456] {logging_mixin.py:112} INFO - [2020-01-09 16:13:35,456] {local_task_job.py:124} WARNING - Time since last heartbeat(0.04 s) < heartrate(5.0 s), sleeping for 4.959402 s
[2020-01-09 16:13:40,424] {logging_mixin.py:112} INFO - [2020-01-09 16:13:40,423] {local_task_job.py:103} INFO - Task exited with return code 0
