[2020-01-08 19:14:37,939] {taskinstance.py:630} INFO - Dependencies all met for <TaskInstance: dag_id_0.query_the_table 2020-01-08T19:00:42.082277+00:00 [queued]>
[2020-01-08 19:14:38,036] {taskinstance.py:630} INFO - Dependencies all met for <TaskInstance: dag_id_0.query_the_table 2020-01-08T19:00:42.082277+00:00 [queued]>
[2020-01-08 19:14:38,036] {taskinstance.py:841} INFO - 
--------------------------------------------------------------------------------
[2020-01-08 19:14:38,037] {taskinstance.py:842} INFO - Starting attempt 1 of 1
[2020-01-08 19:14:38,037] {taskinstance.py:843} INFO - 
--------------------------------------------------------------------------------
[2020-01-08 19:14:38,090] {taskinstance.py:862} INFO - Executing <Task(PythonOperator): query_the_table> on 2020-01-08T19:00:42.082277+00:00
[2020-01-08 19:14:38,091] {base_task_runner.py:133} INFO - Running: ['airflow', 'run', 'dag_id_0', 'query_the_table', '2020-01-08T19:00:42.082277+00:00', '--job_id', '94', '--pool', 'default_pool', '--raw', '-sd', 'DAGS_FOLDER/jobs_dag.py', '--cfg_path', '/tmp/tmpxnn33joo']
[2020-01-08 19:14:38,901] {base_task_runner.py:115} INFO - Job 94: Subtask query_the_table /usr/local/lib/python3.7/site-packages/airflow/configuration.py:226: FutureWarning: The task_runner setting in [core] has the old default value of 'BashTaskRunner'. This value has been changed to 'StandardTaskRunner' in the running config, but please update your config before Apache Airflow 2.0.
[2020-01-08 19:14:38,903] {base_task_runner.py:115} INFO - Job 94: Subtask query_the_table   FutureWarning
[2020-01-08 19:14:38,903] {base_task_runner.py:115} INFO - Job 94: Subtask query_the_table /usr/local/lib/python3.7/site-packages/airflow/config_templates/airflow_local_settings.py:65: DeprecationWarning: The elasticsearch_host option in [elasticsearch] has been renamed to host - the old setting has been used, but please update your config.
[2020-01-08 19:14:38,903] {base_task_runner.py:115} INFO - Job 94: Subtask query_the_table   ELASTICSEARCH_HOST = conf.get('elasticsearch', 'HOST')
[2020-01-08 19:14:38,904] {base_task_runner.py:115} INFO - Job 94: Subtask query_the_table /usr/local/lib/python3.7/site-packages/airflow/config_templates/airflow_local_settings.py:67: DeprecationWarning: The elasticsearch_log_id_template option in [elasticsearch] has been renamed to log_id_template - the old setting has been used, but please update your config.
[2020-01-08 19:14:38,904] {base_task_runner.py:115} INFO - Job 94: Subtask query_the_table   ELASTICSEARCH_LOG_ID_TEMPLATE = conf.get('elasticsearch', 'LOG_ID_TEMPLATE')
[2020-01-08 19:14:38,905] {base_task_runner.py:115} INFO - Job 94: Subtask query_the_table /usr/local/lib/python3.7/site-packages/airflow/config_templates/airflow_local_settings.py:69: DeprecationWarning: The elasticsearch_end_of_log_mark option in [elasticsearch] has been renamed to end_of_log_mark - the old setting has been used, but please update your config.
[2020-01-08 19:14:38,905] {base_task_runner.py:115} INFO - Job 94: Subtask query_the_table   ELASTICSEARCH_END_OF_LOG_MARK = conf.get('elasticsearch', 'END_OF_LOG_MARK')
[2020-01-08 19:14:39,135] {base_task_runner.py:115} INFO - Job 94: Subtask query_the_table [2020-01-08 19:14:39,134] {settings.py:252} INFO - settings.configure_orm(): Using pool settings. pool_size=5, max_overflow=10, pool_recycle=1800, pid=1837
[2020-01-08 19:14:39,766] {base_task_runner.py:115} INFO - Job 94: Subtask query_the_table [2020-01-08 19:14:39,766] {__init__.py:51} INFO - Using executor CeleryExecutor
[2020-01-08 19:14:39,767] {base_task_runner.py:115} INFO - Job 94: Subtask query_the_table [2020-01-08 19:14:39,767] {dagbag.py:92} INFO - Filling up the DagBag from /usr/local/airflow/dags/jobs_dag.py
[2020-01-08 19:14:39,922] {base_task_runner.py:115} INFO - Job 94: Subtask query_the_table [2020-01-08 19:14:39,922] {cli.py:545} INFO - Running <TaskInstance: dag_id_0.query_the_table 2020-01-08T19:00:42.082277+00:00 [running]> on host 4c15a692b677
[2020-01-08 19:14:40,013] {python_operator.py:105} INFO - Exporting the following env vars:
AIRFLOW_CTX_DAG_ID=dag_id_0
AIRFLOW_CTX_TASK_ID=query_the_table
AIRFLOW_CTX_EXECUTION_DATE=2020-01-08T19:00:42.082277+00:00
AIRFLOW_CTX_DAG_RUN_ID=manual__2020-01-08T19:00:42.082277+00:00
[2020-01-08 19:14:40,072] {logging_mixin.py:112} INFO - [2020-01-08 19:14:40,071] {base_hook.py:84} INFO - Using connection to: id: postgres_default. Host: postgres, Port: 5432, Schema: airflow, Login: airflow, Password: XXXXXXXX, extra: {}
[2020-01-08 19:14:40,255] {logging_mixin.py:112} INFO - [2020-01-08 19:14:40,254] {jobs_dag.py:49} INFO - SELECT COUNT(*) FROM clients
[2020-01-08 19:14:40,257] {python_operator.py:114} INFO - Done. Returned value was: None
[2020-01-08 19:14:42,884] {logging_mixin.py:112} INFO - [2020-01-08 19:14:42,884] {local_task_job.py:124} WARNING - Time since last heartbeat(0.03 s) < heartrate(5.0 s), sleeping for 4.968811 s
[2020-01-08 19:14:47,861] {logging_mixin.py:112} INFO - [2020-01-08 19:14:47,861] {local_task_job.py:103} INFO - Task exited with return code 0
