[2020-01-09 16:11:57,461] {taskinstance.py:630} INFO - Dependencies all met for <TaskInstance: trigger_dag.trigger_dags 2020-01-09T16:10:41.998875+00:00 [queued]>
[2020-01-09 16:11:57,658] {taskinstance.py:630} INFO - Dependencies all met for <TaskInstance: trigger_dag.trigger_dags 2020-01-09T16:10:41.998875+00:00 [queued]>
[2020-01-09 16:11:57,659] {taskinstance.py:841} INFO - 
--------------------------------------------------------------------------------
[2020-01-09 16:11:57,660] {taskinstance.py:842} INFO - Starting attempt 1 of 1
[2020-01-09 16:11:57,660] {taskinstance.py:843} INFO - 
--------------------------------------------------------------------------------
[2020-01-09 16:11:57,701] {taskinstance.py:862} INFO - Executing <Task(TriggerDagRunOperator): trigger_dags> on 2020-01-09T16:10:41.998875+00:00
[2020-01-09 16:11:57,701] {base_task_runner.py:133} INFO - Running: ['airflow', 'run', 'trigger_dag', 'trigger_dags', '2020-01-09T16:10:41.998875+00:00', '--job_id', '114', '--pool', 'default_pool', '--raw', '-sd', 'DAGS_FOLDER/trigger_dag.py', '--cfg_path', '/tmp/tmp_34wix4h']
[2020-01-09 16:11:58,622] {base_task_runner.py:115} INFO - Job 114: Subtask trigger_dags /usr/local/lib/python3.7/site-packages/airflow/configuration.py:226: FutureWarning: The task_runner setting in [core] has the old default value of 'BashTaskRunner'. This value has been changed to 'StandardTaskRunner' in the running config, but please update your config before Apache Airflow 2.0.
[2020-01-09 16:11:58,623] {base_task_runner.py:115} INFO - Job 114: Subtask trigger_dags   FutureWarning
[2020-01-09 16:11:58,623] {base_task_runner.py:115} INFO - Job 114: Subtask trigger_dags /usr/local/lib/python3.7/site-packages/airflow/config_templates/airflow_local_settings.py:65: DeprecationWarning: The elasticsearch_host option in [elasticsearch] has been renamed to host - the old setting has been used, but please update your config.
[2020-01-09 16:11:58,623] {base_task_runner.py:115} INFO - Job 114: Subtask trigger_dags   ELASTICSEARCH_HOST = conf.get('elasticsearch', 'HOST')
[2020-01-09 16:11:58,624] {base_task_runner.py:115} INFO - Job 114: Subtask trigger_dags /usr/local/lib/python3.7/site-packages/airflow/config_templates/airflow_local_settings.py:67: DeprecationWarning: The elasticsearch_log_id_template option in [elasticsearch] has been renamed to log_id_template - the old setting has been used, but please update your config.
[2020-01-09 16:11:58,624] {base_task_runner.py:115} INFO - Job 114: Subtask trigger_dags   ELASTICSEARCH_LOG_ID_TEMPLATE = conf.get('elasticsearch', 'LOG_ID_TEMPLATE')
[2020-01-09 16:11:58,625] {base_task_runner.py:115} INFO - Job 114: Subtask trigger_dags /usr/local/lib/python3.7/site-packages/airflow/config_templates/airflow_local_settings.py:69: DeprecationWarning: The elasticsearch_end_of_log_mark option in [elasticsearch] has been renamed to end_of_log_mark - the old setting has been used, but please update your config.
[2020-01-09 16:11:58,625] {base_task_runner.py:115} INFO - Job 114: Subtask trigger_dags   ELASTICSEARCH_END_OF_LOG_MARK = conf.get('elasticsearch', 'END_OF_LOG_MARK')
[2020-01-09 16:11:58,759] {base_task_runner.py:115} INFO - Job 114: Subtask trigger_dags [2020-01-09 16:11:58,758] {settings.py:252} INFO - settings.configure_orm(): Using pool settings. pool_size=5, max_overflow=10, pool_recycle=1800, pid=100
[2020-01-09 16:11:59,434] {base_task_runner.py:115} INFO - Job 114: Subtask trigger_dags [2020-01-09 16:11:59,434] {__init__.py:51} INFO - Using executor CeleryExecutor
[2020-01-09 16:11:59,435] {base_task_runner.py:115} INFO - Job 114: Subtask trigger_dags [2020-01-09 16:11:59,434] {dagbag.py:92} INFO - Filling up the DagBag from /usr/local/airflow/dags/trigger_dag.py
[2020-01-09 16:11:59,622] {base_task_runner.py:115} INFO - Job 114: Subtask trigger_dags [2020-01-09 16:11:59,622] {cli.py:545} INFO - Running <TaskInstance: trigger_dag.trigger_dags 2020-01-09T16:10:41.998875+00:00 [running]> on host 68423a1cda8f
[2020-01-09 16:11:59,836] {logging_mixin.py:112} INFO - [2020-01-09 16:11:59,835] {dagbag.py:92} INFO - Filling up the DagBag from /usr/local/airflow/dags/jobs_dag.py
[2020-01-09 16:12:02,247] {logging_mixin.py:112} INFO - [2020-01-09 16:12:02,247] {local_task_job.py:124} WARNING - Time since last heartbeat(0.04 s) < heartrate(5.0 s), sleeping for 4.959581 s
[2020-01-09 16:12:07,213] {logging_mixin.py:112} INFO - [2020-01-09 16:12:07,212] {local_task_job.py:103} INFO - Task exited with return code 0
