[2020-01-09 16:12:18,835] {taskinstance.py:630} INFO - Dependencies all met for <TaskInstance: dag_id_0.get_current_user 2020-01-09T16:10:41.998875+00:00 [queued]>
[2020-01-09 16:12:19,007] {taskinstance.py:630} INFO - Dependencies all met for <TaskInstance: dag_id_0.get_current_user 2020-01-09T16:10:41.998875+00:00 [queued]>
[2020-01-09 16:12:19,008] {taskinstance.py:841} INFO - 
--------------------------------------------------------------------------------
[2020-01-09 16:12:19,009] {taskinstance.py:842} INFO - Starting attempt 1 of 1
[2020-01-09 16:12:19,010] {taskinstance.py:843} INFO - 
--------------------------------------------------------------------------------
[2020-01-09 16:12:19,034] {taskinstance.py:862} INFO - Executing <Task(BashOperator): get_current_user> on 2020-01-09T16:10:41.998875+00:00
[2020-01-09 16:12:19,034] {base_task_runner.py:133} INFO - Running: ['airflow', 'run', 'dag_id_0', 'get_current_user', '2020-01-09T16:10:41.998875+00:00', '--job_id', '118', '--pool', 'default_pool', '--raw', '-sd', 'DAGS_FOLDER/jobs_dag.py', '--cfg_path', '/tmp/tmpqqysx657']
[2020-01-09 16:12:21,290] {base_task_runner.py:115} INFO - Job 118: Subtask get_current_user /usr/local/lib/python3.7/site-packages/airflow/configuration.py:226: FutureWarning: The task_runner setting in [core] has the old default value of 'BashTaskRunner'. This value has been changed to 'StandardTaskRunner' in the running config, but please update your config before Apache Airflow 2.0.
[2020-01-09 16:12:21,291] {base_task_runner.py:115} INFO - Job 118: Subtask get_current_user   FutureWarning
[2020-01-09 16:12:21,291] {base_task_runner.py:115} INFO - Job 118: Subtask get_current_user /usr/local/lib/python3.7/site-packages/airflow/config_templates/airflow_local_settings.py:65: DeprecationWarning: The elasticsearch_host option in [elasticsearch] has been renamed to host - the old setting has been used, but please update your config.
[2020-01-09 16:12:21,292] {base_task_runner.py:115} INFO - Job 118: Subtask get_current_user   ELASTICSEARCH_HOST = conf.get('elasticsearch', 'HOST')
[2020-01-09 16:12:21,293] {base_task_runner.py:115} INFO - Job 118: Subtask get_current_user /usr/local/lib/python3.7/site-packages/airflow/config_templates/airflow_local_settings.py:67: DeprecationWarning: The elasticsearch_log_id_template option in [elasticsearch] has been renamed to log_id_template - the old setting has been used, but please update your config.
[2020-01-09 16:12:21,293] {base_task_runner.py:115} INFO - Job 118: Subtask get_current_user   ELASTICSEARCH_LOG_ID_TEMPLATE = conf.get('elasticsearch', 'LOG_ID_TEMPLATE')
[2020-01-09 16:12:21,294] {base_task_runner.py:115} INFO - Job 118: Subtask get_current_user /usr/local/lib/python3.7/site-packages/airflow/config_templates/airflow_local_settings.py:69: DeprecationWarning: The elasticsearch_end_of_log_mark option in [elasticsearch] has been renamed to end_of_log_mark - the old setting has been used, but please update your config.
[2020-01-09 16:12:21,295] {base_task_runner.py:115} INFO - Job 118: Subtask get_current_user   ELASTICSEARCH_END_OF_LOG_MARK = conf.get('elasticsearch', 'END_OF_LOG_MARK')
[2020-01-09 16:12:21,714] {base_task_runner.py:115} INFO - Job 118: Subtask get_current_user [2020-01-09 16:12:21,714] {settings.py:252} INFO - settings.configure_orm(): Using pool settings. pool_size=5, max_overflow=10, pool_recycle=1800, pid=115
[2020-01-09 16:12:23,706] {logging_mixin.py:112} INFO - [2020-01-09 16:12:23,706] {local_task_job.py:124} WARNING - Time since last heartbeat(0.04 s) < heartrate(5.0 s), sleeping for 4.964406 s
[2020-01-09 16:12:24,066] {base_task_runner.py:115} INFO - Job 118: Subtask get_current_user [2020-01-09 16:12:24,065] {__init__.py:51} INFO - Using executor CeleryExecutor
[2020-01-09 16:12:24,066] {base_task_runner.py:115} INFO - Job 118: Subtask get_current_user [2020-01-09 16:12:24,066] {dagbag.py:92} INFO - Filling up the DagBag from /usr/local/airflow/dags/jobs_dag.py
[2020-01-09 16:12:24,321] {base_task_runner.py:115} INFO - Job 118: Subtask get_current_user [2020-01-09 16:12:24,310] {cli.py:545} INFO - Running <TaskInstance: dag_id_0.get_current_user 2020-01-09T16:10:41.998875+00:00 [running]> on host cf8b4dbca29e
[2020-01-09 16:12:24,569] {bash_operator.py:81} INFO - Tmp dir root location: 
 /tmp
[2020-01-09 16:12:24,574] {bash_operator.py:91} INFO - Exporting the following env vars:
AIRFLOW_CTX_DAG_ID=dag_id_0
AIRFLOW_CTX_TASK_ID=get_current_user
AIRFLOW_CTX_EXECUTION_DATE=2020-01-09T16:10:41.998875+00:00
AIRFLOW_CTX_DAG_RUN_ID=trig__2020-01-09T16:10:41.998875+00:00
[2020-01-09 16:12:24,576] {bash_operator.py:105} INFO - Temporary script location: /tmp/airflowtmpbrw1ivfk/get_current_userbe9139jc
[2020-01-09 16:12:24,582] {bash_operator.py:115} INFO - Running command: echo $USER
[2020-01-09 16:12:24,696] {bash_operator.py:124} INFO - Output:
[2020-01-09 16:12:24,777] {bash_operator.py:128} INFO - 
[2020-01-09 16:12:24,778] {bash_operator.py:132} INFO - Command exited with return code 0
[2020-01-09 16:12:28,681] {logging_mixin.py:112} INFO - [2020-01-09 16:12:28,678] {local_task_job.py:103} INFO - Task exited with return code 0
