[2020-01-08 17:33:14,402] {taskinstance.py:630} INFO - Dependencies all met for <TaskInstance: trigger_dag.process_results.remove_run_file 2020-01-07T00:00:00+00:00 [queued]>
[2020-01-08 17:33:14,502] {taskinstance.py:630} INFO - Dependencies all met for <TaskInstance: trigger_dag.process_results.remove_run_file 2020-01-07T00:00:00+00:00 [queued]>
[2020-01-08 17:33:14,502] {taskinstance.py:841} INFO - 
--------------------------------------------------------------------------------
[2020-01-08 17:33:14,502] {taskinstance.py:842} INFO - Starting attempt 4 of 4
[2020-01-08 17:33:14,503] {taskinstance.py:843} INFO - 
--------------------------------------------------------------------------------
[2020-01-08 17:33:14,555] {taskinstance.py:862} INFO - Executing <Task(BashOperator): remove_run_file> on 2020-01-07T00:00:00+00:00
[2020-01-08 17:33:14,557] {base_task_runner.py:133} INFO - Running: ['airflow', 'run', 'trigger_dag.process_results', 'remove_run_file', '2020-01-07T00:00:00+00:00', '--job_id', '73', '--pool', 'default_pool', '--raw', '-sd', 'DAGS_FOLDER/trigger_dag.py', '--cfg_path', '/tmp/tmpga4liqil']
[2020-01-08 17:33:15,513] {base_task_runner.py:115} INFO - Job 73: Subtask remove_run_file /usr/local/lib/python3.7/site-packages/airflow/configuration.py:226: FutureWarning: The task_runner setting in [core] has the old default value of 'BashTaskRunner'. This value has been changed to 'StandardTaskRunner' in the running config, but please update your config before Apache Airflow 2.0.
[2020-01-08 17:33:15,514] {base_task_runner.py:115} INFO - Job 73: Subtask remove_run_file   FutureWarning
[2020-01-08 17:33:15,515] {base_task_runner.py:115} INFO - Job 73: Subtask remove_run_file /usr/local/lib/python3.7/site-packages/airflow/config_templates/airflow_local_settings.py:65: DeprecationWarning: The elasticsearch_host option in [elasticsearch] has been renamed to host - the old setting has been used, but please update your config.
[2020-01-08 17:33:15,515] {base_task_runner.py:115} INFO - Job 73: Subtask remove_run_file   ELASTICSEARCH_HOST = conf.get('elasticsearch', 'HOST')
[2020-01-08 17:33:15,516] {base_task_runner.py:115} INFO - Job 73: Subtask remove_run_file /usr/local/lib/python3.7/site-packages/airflow/config_templates/airflow_local_settings.py:67: DeprecationWarning: The elasticsearch_log_id_template option in [elasticsearch] has been renamed to log_id_template - the old setting has been used, but please update your config.
[2020-01-08 17:33:15,516] {base_task_runner.py:115} INFO - Job 73: Subtask remove_run_file   ELASTICSEARCH_LOG_ID_TEMPLATE = conf.get('elasticsearch', 'LOG_ID_TEMPLATE')
[2020-01-08 17:33:15,517] {base_task_runner.py:115} INFO - Job 73: Subtask remove_run_file /usr/local/lib/python3.7/site-packages/airflow/config_templates/airflow_local_settings.py:69: DeprecationWarning: The elasticsearch_end_of_log_mark option in [elasticsearch] has been renamed to end_of_log_mark - the old setting has been used, but please update your config.
[2020-01-08 17:33:15,517] {base_task_runner.py:115} INFO - Job 73: Subtask remove_run_file   ELASTICSEARCH_END_OF_LOG_MARK = conf.get('elasticsearch', 'END_OF_LOG_MARK')
[2020-01-08 17:33:15,642] {base_task_runner.py:115} INFO - Job 73: Subtask remove_run_file [2020-01-08 17:33:15,641] {settings.py:252} INFO - settings.configure_orm(): Using pool settings. pool_size=5, max_overflow=10, pool_recycle=1800, pid=491
[2020-01-08 17:33:16,480] {base_task_runner.py:115} INFO - Job 73: Subtask remove_run_file [2020-01-08 17:33:16,480] {__init__.py:51} INFO - Using executor CeleryExecutor
[2020-01-08 17:33:16,481] {base_task_runner.py:115} INFO - Job 73: Subtask remove_run_file [2020-01-08 17:33:16,480] {dagbag.py:92} INFO - Filling up the DagBag from /usr/local/airflow/dags/trigger_dag.py
[2020-01-08 17:33:16,689] {base_task_runner.py:115} INFO - Job 73: Subtask remove_run_file [2020-01-08 17:33:16,688] {cli.py:545} INFO - Running <TaskInstance: trigger_dag.process_results.remove_run_file 2020-01-07T00:00:00+00:00 [running]> on host 4c15a692b677
[2020-01-08 17:33:16,779] {bash_operator.py:81} INFO - Tmp dir root location: 
 /tmp
[2020-01-08 17:33:16,780] {bash_operator.py:91} INFO - Exporting the following env vars:
AIRFLOW_CTX_DAG_ID=trigger_dag.process_results
AIRFLOW_CTX_TASK_ID=remove_run_file
AIRFLOW_CTX_EXECUTION_DATE=2020-01-07T00:00:00+00:00
AIRFLOW_CTX_DAG_RUN_ID=backfill_2020-01-07T00:00:00+00:00
[2020-01-08 17:33:16,782] {bash_operator.py:105} INFO - Temporary script location: /tmp/airflowtmpq6d3x47b/remove_run_fileq39oddfk
[2020-01-08 17:33:16,782] {bash_operator.py:115} INFO - Running command: rm $AIRFLOW_HOME/storage/input/run
[2020-01-08 17:33:16,791] {bash_operator.py:124} INFO - Output:
[2020-01-08 17:33:16,797] {bash_operator.py:132} INFO - Command exited with return code 0
[2020-01-08 17:33:19,329] {logging_mixin.py:112} INFO - [2020-01-08 17:33:19,328] {local_task_job.py:124} WARNING - Time since last heartbeat(0.04 s) < heartrate(5.0 s), sleeping for 4.959839 s
[2020-01-08 17:33:24,291] {logging_mixin.py:112} INFO - [2020-01-08 17:33:24,290] {local_task_job.py:103} INFO - Task exited with return code 0
