[2020-01-09 16:12:06,263] {taskinstance.py:630} INFO - Dependencies all met for <TaskInstance: trigger_dag.process_results 2020-01-09T16:10:41.998875+00:00 [queued]>
[2020-01-09 16:12:06,432] {taskinstance.py:630} INFO - Dependencies all met for <TaskInstance: trigger_dag.process_results 2020-01-09T16:10:41.998875+00:00 [queued]>
[2020-01-09 16:12:06,432] {taskinstance.py:841} INFO - 
--------------------------------------------------------------------------------
[2020-01-09 16:12:06,433] {taskinstance.py:842} INFO - Starting attempt 1 of 1
[2020-01-09 16:12:06,433] {taskinstance.py:843} INFO - 
--------------------------------------------------------------------------------
[2020-01-09 16:12:06,553] {taskinstance.py:862} INFO - Executing <Task(SubDagOperator): process_results> on 2020-01-09T16:10:41.998875+00:00
[2020-01-09 16:12:06,555] {base_task_runner.py:133} INFO - Running: ['airflow', 'run', 'trigger_dag', 'process_results', '2020-01-09T16:10:41.998875+00:00', '--job_id', '116', '--pool', 'default_pool', '--raw', '-sd', 'DAGS_FOLDER/trigger_dag.py', '--cfg_path', '/tmp/tmpj_uyvl2g']
[2020-01-09 16:12:08,253] {base_task_runner.py:115} INFO - Job 116: Subtask process_results /usr/local/lib/python3.7/site-packages/airflow/configuration.py:226: FutureWarning: The task_runner setting in [core] has the old default value of 'BashTaskRunner'. This value has been changed to 'StandardTaskRunner' in the running config, but please update your config before Apache Airflow 2.0.
[2020-01-09 16:12:08,271] {base_task_runner.py:115} INFO - Job 116: Subtask process_results   FutureWarning
[2020-01-09 16:12:08,273] {base_task_runner.py:115} INFO - Job 116: Subtask process_results /usr/local/lib/python3.7/site-packages/airflow/config_templates/airflow_local_settings.py:65: DeprecationWarning: The elasticsearch_host option in [elasticsearch] has been renamed to host - the old setting has been used, but please update your config.
[2020-01-09 16:12:08,274] {base_task_runner.py:115} INFO - Job 116: Subtask process_results   ELASTICSEARCH_HOST = conf.get('elasticsearch', 'HOST')
[2020-01-09 16:12:08,275] {base_task_runner.py:115} INFO - Job 116: Subtask process_results /usr/local/lib/python3.7/site-packages/airflow/config_templates/airflow_local_settings.py:67: DeprecationWarning: The elasticsearch_log_id_template option in [elasticsearch] has been renamed to log_id_template - the old setting has been used, but please update your config.
[2020-01-09 16:12:08,275] {base_task_runner.py:115} INFO - Job 116: Subtask process_results   ELASTICSEARCH_LOG_ID_TEMPLATE = conf.get('elasticsearch', 'LOG_ID_TEMPLATE')
[2020-01-09 16:12:08,276] {base_task_runner.py:115} INFO - Job 116: Subtask process_results /usr/local/lib/python3.7/site-packages/airflow/config_templates/airflow_local_settings.py:69: DeprecationWarning: The elasticsearch_end_of_log_mark option in [elasticsearch] has been renamed to end_of_log_mark - the old setting has been used, but please update your config.
[2020-01-09 16:12:08,276] {base_task_runner.py:115} INFO - Job 116: Subtask process_results   ELASTICSEARCH_END_OF_LOG_MARK = conf.get('elasticsearch', 'END_OF_LOG_MARK')
[2020-01-09 16:12:08,575] {base_task_runner.py:115} INFO - Job 116: Subtask process_results [2020-01-09 16:12:08,575] {settings.py:252} INFO - settings.configure_orm(): Using pool settings. pool_size=5, max_overflow=10, pool_recycle=1800, pid=109
[2020-01-09 16:12:10,357] {base_task_runner.py:115} INFO - Job 116: Subtask process_results [2020-01-09 16:12:10,356] {__init__.py:51} INFO - Using executor CeleryExecutor
[2020-01-09 16:12:10,358] {base_task_runner.py:115} INFO - Job 116: Subtask process_results [2020-01-09 16:12:10,357] {dagbag.py:92} INFO - Filling up the DagBag from /usr/local/airflow/dags/trigger_dag.py
[2020-01-09 16:12:10,824] {base_task_runner.py:115} INFO - Job 116: Subtask process_results [2020-01-09 16:12:10,823] {cli.py:545} INFO - Running <TaskInstance: trigger_dag.process_results 2020-01-09T16:10:41.998875+00:00 [running]> on host 68423a1cda8f
[2020-01-09 16:12:11,212] {logging_mixin.py:112} INFO - [2020-01-09 16:12:11,212] {local_task_job.py:124} WARNING - Time since last heartbeat(0.14 s) < heartrate(5.0 s), sleeping for 4.863427 s
[2020-01-09 16:12:12,091] {logging_mixin.py:112} INFO - [2020-01-09 16:12:12,090] {base_executor.py:59} INFO - Adding to queue: ['airflow', 'run', 'trigger_dag.process_results', 'sensor_triggered_dag', '2020-01-09T16:10:41.998875+00:00', '--local', '--pool', 'default_pool', '-sd', 'DAGS_FOLDER/trigger_dag.py', '--cfg_path', '/tmp/tmpfy4lr44g']
[2020-01-09 16:12:16,062] {logging_mixin.py:112} INFO - [2020-01-09 16:12:16,062] {sequential_executor.py:45} INFO - Executing command: ['airflow', 'run', 'trigger_dag.process_results', 'sensor_triggered_dag', '2020-01-09T16:10:41.998875+00:00', '--local', '--pool', 'default_pool', '-sd', 'DAGS_FOLDER/trigger_dag.py', '--cfg_path', '/tmp/tmpfy4lr44g']
[2020-01-09 16:12:16,365] {logging_mixin.py:112} INFO - [2020-01-09 16:12:16,365] {local_task_job.py:124} WARNING - Time since last heartbeat(0.05 s) < heartrate(5.0 s), sleeping for 4.951781 s
[2020-01-09 16:12:17,665] {base_task_runner.py:115} INFO - Job 116: Subtask process_results /usr/local/lib/python3.7/site-packages/airflow/configuration.py:226: FutureWarning: The task_runner setting in [core] has the old default value of 'BashTaskRunner'. This value has been changed to 'StandardTaskRunner' in the running config, but please update your config before Apache Airflow 2.0.
[2020-01-09 16:12:17,667] {base_task_runner.py:115} INFO - Job 116: Subtask process_results   FutureWarning
[2020-01-09 16:12:17,668] {base_task_runner.py:115} INFO - Job 116: Subtask process_results /usr/local/lib/python3.7/site-packages/airflow/config_templates/airflow_local_settings.py:65: DeprecationWarning: The elasticsearch_host option in [elasticsearch] has been renamed to host - the old setting has been used, but please update your config.
[2020-01-09 16:12:17,668] {base_task_runner.py:115} INFO - Job 116: Subtask process_results   ELASTICSEARCH_HOST = conf.get('elasticsearch', 'HOST')
[2020-01-09 16:12:17,669] {base_task_runner.py:115} INFO - Job 116: Subtask process_results /usr/local/lib/python3.7/site-packages/airflow/config_templates/airflow_local_settings.py:67: DeprecationWarning: The elasticsearch_log_id_template option in [elasticsearch] has been renamed to log_id_template - the old setting has been used, but please update your config.
[2020-01-09 16:12:17,669] {base_task_runner.py:115} INFO - Job 116: Subtask process_results   ELASTICSEARCH_LOG_ID_TEMPLATE = conf.get('elasticsearch', 'LOG_ID_TEMPLATE')
[2020-01-09 16:12:17,670] {base_task_runner.py:115} INFO - Job 116: Subtask process_results /usr/local/lib/python3.7/site-packages/airflow/config_templates/airflow_local_settings.py:69: DeprecationWarning: The elasticsearch_end_of_log_mark option in [elasticsearch] has been renamed to end_of_log_mark - the old setting has been used, but please update your config.
[2020-01-09 16:12:17,671] {base_task_runner.py:115} INFO - Job 116: Subtask process_results   ELASTICSEARCH_END_OF_LOG_MARK = conf.get('elasticsearch', 'END_OF_LOG_MARK')
[2020-01-09 16:12:17,887] {base_task_runner.py:115} INFO - Job 116: Subtask process_results [2020-01-09 16:12:17,878] {settings.py:252} INFO - settings.configure_orm(): Using pool settings. pool_size=5, max_overflow=10, pool_recycle=1800, pid=121
[2020-01-09 16:12:19,679] {base_task_runner.py:115} INFO - Job 116: Subtask process_results [2020-01-09 16:12:19,675] {__init__.py:51} INFO - Using executor CeleryExecutor
[2020-01-09 16:12:19,684] {base_task_runner.py:115} INFO - Job 116: Subtask process_results [2020-01-09 16:12:19,681] {dagbag.py:92} INFO - Filling up the DagBag from /usr/local/airflow/dags/trigger_dag.py
[2020-01-09 16:12:20,039] {base_task_runner.py:115} INFO - Job 116: Subtask process_results [2020-01-09 16:12:20,035] {cli.py:545} INFO - Running <TaskInstance: trigger_dag.process_results.sensor_triggered_dag 2020-01-09T16:10:41.998875+00:00 [queued]> on host 68423a1cda8f
[2020-01-09 16:12:21,566] {logging_mixin.py:112} INFO - [2020-01-09 16:12:21,566] {local_task_job.py:124} WARNING - Time since last heartbeat(0.06 s) < heartrate(5.0 s), sleeping for 4.940575 s
[2020-01-09 16:12:26,767] {logging_mixin.py:112} INFO - [2020-01-09 16:12:26,766] {local_task_job.py:124} WARNING - Time since last heartbeat(0.06 s) < heartrate(5.0 s), sleeping for 4.942567 s
[2020-01-09 16:12:30,966] {logging_mixin.py:112} INFO - [2020-01-09 16:12:30,965] {backfill_job.py:215} WARNING - Task instance <TaskInstance: trigger_dag.process_results.sensor_triggered_dag 2020-01-09 16:10:41.998875+00:00 [up_for_reschedule]> is up for reschedule
[2020-01-09 16:12:31,082] {logging_mixin.py:112} INFO - [2020-01-09 16:12:31,081] {backfill_job.py:363} INFO - [backfill progress] | finished run 0 of 1 | tasks waiting: 4 | succeeded: 0 | running: 0 | failed: 0 | skipped: 0 | deadlocked: 0 | not ready: 3
[2020-01-09 16:12:32,242] {logging_mixin.py:112} INFO - [2020-01-09 16:12:32,241] {local_task_job.py:124} WARNING - Time since last heartbeat(0.18 s) < heartrate(5.0 s), sleeping for 4.824976 s
[2020-01-09 16:12:32,753] {logging_mixin.py:112} INFO - [2020-01-09 16:12:32,752] {backfill_job.py:363} INFO - [backfill progress] | finished run 0 of 1 | tasks waiting: 4 | succeeded: 0 | running: 0 | failed: 0 | skipped: 0 | deadlocked: 0 | not ready: 3
[2020-01-09 16:12:37,286] {logging_mixin.py:112} INFO - [2020-01-09 16:12:37,286] {local_task_job.py:124} WARNING - Time since last heartbeat(0.06 s) < heartrate(5.0 s), sleeping for 4.944941 s
[2020-01-09 16:12:38,017] {logging_mixin.py:112} INFO - [2020-01-09 16:12:38,016] {backfill_job.py:363} INFO - [backfill progress] | finished run 0 of 1 | tasks waiting: 4 | succeeded: 0 | running: 0 | failed: 0 | skipped: 0 | deadlocked: 0 | not ready: 3
[2020-01-09 16:12:42,349] {logging_mixin.py:112} INFO - [2020-01-09 16:12:42,349] {local_task_job.py:124} WARNING - Time since last heartbeat(0.04 s) < heartrate(5.0 s), sleeping for 4.958239 s
[2020-01-09 16:12:42,901] {logging_mixin.py:112} INFO - [2020-01-09 16:12:42,900] {backfill_job.py:363} INFO - [backfill progress] | finished run 0 of 1 | tasks waiting: 4 | succeeded: 0 | running: 0 | failed: 0 | skipped: 0 | deadlocked: 0 | not ready: 3
[2020-01-09 16:12:47,455] {logging_mixin.py:112} INFO - [2020-01-09 16:12:47,455] {local_task_job.py:124} WARNING - Time since last heartbeat(0.07 s) < heartrate(5.0 s), sleeping for 4.933896 s
[2020-01-09 16:12:47,958] {logging_mixin.py:112} INFO - [2020-01-09 16:12:47,958] {backfill_job.py:363} INFO - [backfill progress] | finished run 0 of 1 | tasks waiting: 4 | succeeded: 0 | running: 0 | failed: 0 | skipped: 0 | deadlocked: 0 | not ready: 3
[2020-01-09 16:12:48,194] {logging_mixin.py:112} INFO - [2020-01-09 16:12:48,194] {base_executor.py:59} INFO - Adding to queue: ['airflow', 'run', 'trigger_dag.process_results', 'sensor_triggered_dag', '2020-01-09T16:10:41.998875+00:00', '--local', '--pool', 'default_pool', '-sd', 'DAGS_FOLDER/trigger_dag.py', '--cfg_path', '/tmp/tmpwmqlbve4']
[2020-01-09 16:12:52,562] {logging_mixin.py:112} INFO - [2020-01-09 16:12:52,561] {local_task_job.py:124} WARNING - Time since last heartbeat(0.07 s) < heartrate(5.0 s), sleeping for 4.93372 s
[2020-01-09 16:12:52,825] {logging_mixin.py:112} INFO - [2020-01-09 16:12:52,825] {sequential_executor.py:45} INFO - Executing command: ['airflow', 'run', 'trigger_dag.process_results', 'sensor_triggered_dag', '2020-01-09T16:10:41.998875+00:00', '--local', '--pool', 'default_pool', '-sd', 'DAGS_FOLDER/trigger_dag.py', '--cfg_path', '/tmp/tmpwmqlbve4']
[2020-01-09 16:12:53,746] {base_task_runner.py:115} INFO - Job 116: Subtask process_results /usr/local/lib/python3.7/site-packages/airflow/configuration.py:226: FutureWarning: The task_runner setting in [core] has the old default value of 'BashTaskRunner'. This value has been changed to 'StandardTaskRunner' in the running config, but please update your config before Apache Airflow 2.0.
[2020-01-09 16:12:53,747] {base_task_runner.py:115} INFO - Job 116: Subtask process_results   FutureWarning
[2020-01-09 16:12:53,747] {base_task_runner.py:115} INFO - Job 116: Subtask process_results /usr/local/lib/python3.7/site-packages/airflow/config_templates/airflow_local_settings.py:65: DeprecationWarning: The elasticsearch_host option in [elasticsearch] has been renamed to host - the old setting has been used, but please update your config.
[2020-01-09 16:12:53,748] {base_task_runner.py:115} INFO - Job 116: Subtask process_results   ELASTICSEARCH_HOST = conf.get('elasticsearch', 'HOST')
[2020-01-09 16:12:53,748] {base_task_runner.py:115} INFO - Job 116: Subtask process_results /usr/local/lib/python3.7/site-packages/airflow/config_templates/airflow_local_settings.py:67: DeprecationWarning: The elasticsearch_log_id_template option in [elasticsearch] has been renamed to log_id_template - the old setting has been used, but please update your config.
[2020-01-09 16:12:53,748] {base_task_runner.py:115} INFO - Job 116: Subtask process_results   ELASTICSEARCH_LOG_ID_TEMPLATE = conf.get('elasticsearch', 'LOG_ID_TEMPLATE')
[2020-01-09 16:12:53,749] {base_task_runner.py:115} INFO - Job 116: Subtask process_results /usr/local/lib/python3.7/site-packages/airflow/config_templates/airflow_local_settings.py:69: DeprecationWarning: The elasticsearch_end_of_log_mark option in [elasticsearch] has been renamed to end_of_log_mark - the old setting has been used, but please update your config.
[2020-01-09 16:12:53,749] {base_task_runner.py:115} INFO - Job 116: Subtask process_results   ELASTICSEARCH_END_OF_LOG_MARK = conf.get('elasticsearch', 'END_OF_LOG_MARK')
[2020-01-09 16:12:53,961] {base_task_runner.py:115} INFO - Job 116: Subtask process_results [2020-01-09 16:12:53,960] {settings.py:252} INFO - settings.configure_orm(): Using pool settings. pool_size=5, max_overflow=10, pool_recycle=1800, pid=144
[2020-01-09 16:12:55,334] {base_task_runner.py:115} INFO - Job 116: Subtask process_results [2020-01-09 16:12:55,333] {__init__.py:51} INFO - Using executor CeleryExecutor
[2020-01-09 16:12:55,335] {base_task_runner.py:115} INFO - Job 116: Subtask process_results [2020-01-09 16:12:55,334] {dagbag.py:92} INFO - Filling up the DagBag from /usr/local/airflow/dags/trigger_dag.py
[2020-01-09 16:12:55,567] {base_task_runner.py:115} INFO - Job 116: Subtask process_results [2020-01-09 16:12:55,567] {cli.py:545} INFO - Running <TaskInstance: trigger_dag.process_results.sensor_triggered_dag 2020-01-09T16:10:41.998875+00:00 [queued]> on host 68423a1cda8f
[2020-01-09 16:12:57,693] {logging_mixin.py:112} INFO - [2020-01-09 16:12:57,692] {local_task_job.py:124} WARNING - Time since last heartbeat(0.09 s) < heartrate(5.0 s), sleeping for 4.906712 s
[2020-01-09 16:13:02,703] {logging_mixin.py:112} INFO - [2020-01-09 16:13:02,702] {local_task_job.py:124} WARNING - Time since last heartbeat(0.04 s) < heartrate(5.0 s), sleeping for 4.961835 s
[2020-01-09 16:13:06,266] {logging_mixin.py:112} INFO - [2020-01-09 16:13:06,265] {backfill_job.py:215} WARNING - Task instance <TaskInstance: trigger_dag.process_results.sensor_triggered_dag 2020-01-09 16:10:41.998875+00:00 [up_for_reschedule]> is up for reschedule
[2020-01-09 16:13:06,423] {logging_mixin.py:112} INFO - [2020-01-09 16:13:06,422] {backfill_job.py:363} INFO - [backfill progress] | finished run 0 of 1 | tasks waiting: 4 | succeeded: 0 | running: 0 | failed: 0 | skipped: 0 | deadlocked: 0 | not ready: 3
[2020-01-09 16:13:07,750] {logging_mixin.py:112} INFO - [2020-01-09 16:13:07,750] {backfill_job.py:363} INFO - [backfill progress] | finished run 0 of 1 | tasks waiting: 4 | succeeded: 0 | running: 0 | failed: 0 | skipped: 0 | deadlocked: 0 | not ready: 3
[2020-01-09 16:13:07,939] {logging_mixin.py:112} INFO - [2020-01-09 16:13:07,938] {local_task_job.py:124} WARNING - Time since last heartbeat(0.13 s) < heartrate(5.0 s), sleeping for 4.8689 s
[2020-01-09 16:13:12,864] {logging_mixin.py:112} INFO - [2020-01-09 16:13:12,859] {backfill_job.py:363} INFO - [backfill progress] | finished run 0 of 1 | tasks waiting: 4 | succeeded: 0 | running: 0 | failed: 0 | skipped: 0 | deadlocked: 0 | not ready: 3
[2020-01-09 16:13:12,984] {logging_mixin.py:112} INFO - [2020-01-09 16:13:12,984] {local_task_job.py:124} WARNING - Time since last heartbeat(0.06 s) < heartrate(5.0 s), sleeping for 4.941376 s
[2020-01-09 16:13:17,765] {logging_mixin.py:112} INFO - [2020-01-09 16:13:17,765] {backfill_job.py:363} INFO - [backfill progress] | finished run 0 of 1 | tasks waiting: 4 | succeeded: 0 | running: 0 | failed: 0 | skipped: 0 | deadlocked: 0 | not ready: 3
[2020-01-09 16:13:18,210] {logging_mixin.py:112} INFO - [2020-01-09 16:13:18,208] {local_task_job.py:124} WARNING - Time since last heartbeat(0.09 s) < heartrate(5.0 s), sleeping for 4.911003 s
[2020-01-09 16:13:22,758] {logging_mixin.py:112} INFO - [2020-01-09 16:13:22,758] {backfill_job.py:363} INFO - [backfill progress] | finished run 0 of 1 | tasks waiting: 4 | succeeded: 0 | running: 0 | failed: 0 | skipped: 0 | deadlocked: 0 | not ready: 3
[2020-01-09 16:13:22,906] {logging_mixin.py:112} INFO - [2020-01-09 16:13:22,906] {base_executor.py:59} INFO - Adding to queue: ['airflow', 'run', 'trigger_dag.process_results', 'sensor_triggered_dag', '2020-01-09T16:10:41.998875+00:00', '--local', '--pool', 'default_pool', '-sd', 'DAGS_FOLDER/trigger_dag.py', '--cfg_path', '/tmp/tmpthub_z4l']
[2020-01-09 16:13:23,267] {logging_mixin.py:112} INFO - [2020-01-09 16:13:23,267] {local_task_job.py:124} WARNING - Time since last heartbeat(0.04 s) < heartrate(5.0 s), sleeping for 4.96099 s
[2020-01-09 16:13:27,733] {logging_mixin.py:112} INFO - [2020-01-09 16:13:27,731] {sequential_executor.py:45} INFO - Executing command: ['airflow', 'run', 'trigger_dag.process_results', 'sensor_triggered_dag', '2020-01-09T16:10:41.998875+00:00', '--local', '--pool', 'default_pool', '-sd', 'DAGS_FOLDER/trigger_dag.py', '--cfg_path', '/tmp/tmpthub_z4l']
[2020-01-09 16:13:28,362] {logging_mixin.py:112} INFO - [2020-01-09 16:13:28,362] {local_task_job.py:124} WARNING - Time since last heartbeat(0.04 s) < heartrate(5.0 s), sleeping for 4.959434 s
[2020-01-09 16:13:28,875] {base_task_runner.py:115} INFO - Job 116: Subtask process_results /usr/local/lib/python3.7/site-packages/airflow/configuration.py:226: FutureWarning: The task_runner setting in [core] has the old default value of 'BashTaskRunner'. This value has been changed to 'StandardTaskRunner' in the running config, but please update your config before Apache Airflow 2.0.
[2020-01-09 16:13:28,876] {base_task_runner.py:115} INFO - Job 116: Subtask process_results   FutureWarning
[2020-01-09 16:13:28,877] {base_task_runner.py:115} INFO - Job 116: Subtask process_results /usr/local/lib/python3.7/site-packages/airflow/config_templates/airflow_local_settings.py:65: DeprecationWarning: The elasticsearch_host option in [elasticsearch] has been renamed to host - the old setting has been used, but please update your config.
[2020-01-09 16:13:28,878] {base_task_runner.py:115} INFO - Job 116: Subtask process_results   ELASTICSEARCH_HOST = conf.get('elasticsearch', 'HOST')
[2020-01-09 16:13:28,878] {base_task_runner.py:115} INFO - Job 116: Subtask process_results /usr/local/lib/python3.7/site-packages/airflow/config_templates/airflow_local_settings.py:67: DeprecationWarning: The elasticsearch_log_id_template option in [elasticsearch] has been renamed to log_id_template - the old setting has been used, but please update your config.
[2020-01-09 16:13:28,879] {base_task_runner.py:115} INFO - Job 116: Subtask process_results   ELASTICSEARCH_LOG_ID_TEMPLATE = conf.get('elasticsearch', 'LOG_ID_TEMPLATE')
[2020-01-09 16:13:28,879] {base_task_runner.py:115} INFO - Job 116: Subtask process_results /usr/local/lib/python3.7/site-packages/airflow/config_templates/airflow_local_settings.py:69: DeprecationWarning: The elasticsearch_end_of_log_mark option in [elasticsearch] has been renamed to end_of_log_mark - the old setting has been used, but please update your config.
[2020-01-09 16:13:28,880] {base_task_runner.py:115} INFO - Job 116: Subtask process_results   ELASTICSEARCH_END_OF_LOG_MARK = conf.get('elasticsearch', 'END_OF_LOG_MARK')
[2020-01-09 16:13:29,016] {base_task_runner.py:115} INFO - Job 116: Subtask process_results [2020-01-09 16:13:29,016] {settings.py:252} INFO - settings.configure_orm(): Using pool settings. pool_size=5, max_overflow=10, pool_recycle=1800, pid=167
[2020-01-09 16:13:30,188] {base_task_runner.py:115} INFO - Job 116: Subtask process_results [2020-01-09 16:13:30,187] {__init__.py:51} INFO - Using executor CeleryExecutor
[2020-01-09 16:13:30,188] {base_task_runner.py:115} INFO - Job 116: Subtask process_results [2020-01-09 16:13:30,188] {dagbag.py:92} INFO - Filling up the DagBag from /usr/local/airflow/dags/trigger_dag.py
[2020-01-09 16:13:30,379] {base_task_runner.py:115} INFO - Job 116: Subtask process_results [2020-01-09 16:13:30,379] {cli.py:545} INFO - Running <TaskInstance: trigger_dag.process_results.sensor_triggered_dag 2020-01-09T16:10:41.998875+00:00 [queued]> on host 68423a1cda8f
[2020-01-09 16:13:33,407] {logging_mixin.py:112} INFO - [2020-01-09 16:13:33,407] {local_task_job.py:124} WARNING - Time since last heartbeat(0.03 s) < heartrate(5.0 s), sleeping for 4.965015 s
[2020-01-09 16:13:38,510] {logging_mixin.py:112} INFO - [2020-01-09 16:13:38,510] {local_task_job.py:124} WARNING - Time since last heartbeat(0.05 s) < heartrate(5.0 s), sleeping for 4.951055 s
[2020-01-09 16:13:40,978] {logging_mixin.py:112} INFO - [2020-01-09 16:13:40,977] {backfill_job.py:363} INFO - [backfill progress] | finished run 0 of 1 | tasks waiting: 3 | succeeded: 1 | running: 0 | failed: 0 | skipped: 0 | deadlocked: 0 | not ready: 3
[2020-01-09 16:13:41,261] {logging_mixin.py:112} INFO - [2020-01-09 16:13:41,261] {base_executor.py:59} INFO - Adding to queue: ['airflow', 'run', 'trigger_dag.process_results', 'print_result', '2020-01-09T16:10:41.998875+00:00', '--local', '--pool', 'default_pool', '-sd', 'DAGS_FOLDER/trigger_dag.py', '--cfg_path', '/tmp/tmpy44mq8lz']
[2020-01-09 16:13:41,893] {logging_mixin.py:112} INFO - [2020-01-09 16:13:41,893] {sequential_executor.py:45} INFO - Executing command: ['airflow', 'run', 'trigger_dag.process_results', 'print_result', '2020-01-09T16:10:41.998875+00:00', '--local', '--pool', 'default_pool', '-sd', 'DAGS_FOLDER/trigger_dag.py', '--cfg_path', '/tmp/tmpy44mq8lz']
[2020-01-09 16:13:42,987] {base_task_runner.py:115} INFO - Job 116: Subtask process_results /usr/local/lib/python3.7/site-packages/airflow/configuration.py:226: FutureWarning: The task_runner setting in [core] has the old default value of 'BashTaskRunner'. This value has been changed to 'StandardTaskRunner' in the running config, but please update your config before Apache Airflow 2.0.
[2020-01-09 16:13:42,987] {base_task_runner.py:115} INFO - Job 116: Subtask process_results   FutureWarning
[2020-01-09 16:13:42,988] {base_task_runner.py:115} INFO - Job 116: Subtask process_results /usr/local/lib/python3.7/site-packages/airflow/config_templates/airflow_local_settings.py:65: DeprecationWarning: The elasticsearch_host option in [elasticsearch] has been renamed to host - the old setting has been used, but please update your config.
[2020-01-09 16:13:42,988] {base_task_runner.py:115} INFO - Job 116: Subtask process_results   ELASTICSEARCH_HOST = conf.get('elasticsearch', 'HOST')
[2020-01-09 16:13:42,988] {base_task_runner.py:115} INFO - Job 116: Subtask process_results /usr/local/lib/python3.7/site-packages/airflow/config_templates/airflow_local_settings.py:67: DeprecationWarning: The elasticsearch_log_id_template option in [elasticsearch] has been renamed to log_id_template - the old setting has been used, but please update your config.
[2020-01-09 16:13:42,989] {base_task_runner.py:115} INFO - Job 116: Subtask process_results   ELASTICSEARCH_LOG_ID_TEMPLATE = conf.get('elasticsearch', 'LOG_ID_TEMPLATE')
[2020-01-09 16:13:42,989] {base_task_runner.py:115} INFO - Job 116: Subtask process_results /usr/local/lib/python3.7/site-packages/airflow/config_templates/airflow_local_settings.py:69: DeprecationWarning: The elasticsearch_end_of_log_mark option in [elasticsearch] has been renamed to end_of_log_mark - the old setting has been used, but please update your config.
[2020-01-09 16:13:42,989] {base_task_runner.py:115} INFO - Job 116: Subtask process_results   ELASTICSEARCH_END_OF_LOG_MARK = conf.get('elasticsearch', 'END_OF_LOG_MARK')
[2020-01-09 16:13:43,105] {base_task_runner.py:115} INFO - Job 116: Subtask process_results [2020-01-09 16:13:43,104] {settings.py:252} INFO - settings.configure_orm(): Using pool settings. pool_size=5, max_overflow=10, pool_recycle=1800, pid=176
[2020-01-09 16:13:43,599] {logging_mixin.py:112} INFO - [2020-01-09 16:13:43,598] {local_task_job.py:124} WARNING - Time since last heartbeat(0.06 s) < heartrate(5.0 s), sleeping for 4.935981 s
[2020-01-09 16:13:44,423] {base_task_runner.py:115} INFO - Job 116: Subtask process_results [2020-01-09 16:13:44,422] {__init__.py:51} INFO - Using executor CeleryExecutor
[2020-01-09 16:13:44,424] {base_task_runner.py:115} INFO - Job 116: Subtask process_results [2020-01-09 16:13:44,423] {dagbag.py:92} INFO - Filling up the DagBag from /usr/local/airflow/dags/trigger_dag.py
[2020-01-09 16:13:44,696] {base_task_runner.py:115} INFO - Job 116: Subtask process_results [2020-01-09 16:13:44,695] {cli.py:545} INFO - Running <TaskInstance: trigger_dag.process_results.print_result 2020-01-09T16:10:41.998875+00:00 [queued]> on host 68423a1cda8f
[2020-01-09 16:13:48,683] {logging_mixin.py:112} INFO - [2020-01-09 16:13:48,683] {local_task_job.py:124} WARNING - Time since last heartbeat(0.05 s) < heartrate(5.0 s), sleeping for 4.9453 s
[2020-01-09 16:13:53,876] {logging_mixin.py:112} INFO - [2020-01-09 16:13:53,876] {local_task_job.py:124} WARNING - Time since last heartbeat(0.06 s) < heartrate(5.0 s), sleeping for 4.944741 s
[2020-01-09 16:13:55,332] {logging_mixin.py:112} INFO - [2020-01-09 16:13:55,331] {backfill_job.py:363} INFO - [backfill progress] | finished run 0 of 1 | tasks waiting: 2 | succeeded: 2 | running: 0 | failed: 0 | skipped: 0 | deadlocked: 0 | not ready: 2
[2020-01-09 16:13:55,523] {logging_mixin.py:112} INFO - [2020-01-09 16:13:55,523] {base_executor.py:59} INFO - Adding to queue: ['airflow', 'run', 'trigger_dag.process_results', 'remove_run_file', '2020-01-09T16:10:41.998875+00:00', '--local', '--pool', 'default_pool', '-sd', 'DAGS_FOLDER/trigger_dag.py', '--cfg_path', '/tmp/tmpj07w_bvi']
[2020-01-09 16:13:55,826] {logging_mixin.py:112} INFO - [2020-01-09 16:13:55,826] {sequential_executor.py:45} INFO - Executing command: ['airflow', 'run', 'trigger_dag.process_results', 'remove_run_file', '2020-01-09T16:10:41.998875+00:00', '--local', '--pool', 'default_pool', '-sd', 'DAGS_FOLDER/trigger_dag.py', '--cfg_path', '/tmp/tmpj07w_bvi']
[2020-01-09 16:13:56,530] {base_task_runner.py:115} INFO - Job 116: Subtask process_results /usr/local/lib/python3.7/site-packages/airflow/configuration.py:226: FutureWarning: The task_runner setting in [core] has the old default value of 'BashTaskRunner'. This value has been changed to 'StandardTaskRunner' in the running config, but please update your config before Apache Airflow 2.0.
[2020-01-09 16:13:56,530] {base_task_runner.py:115} INFO - Job 116: Subtask process_results   FutureWarning
[2020-01-09 16:13:56,531] {base_task_runner.py:115} INFO - Job 116: Subtask process_results /usr/local/lib/python3.7/site-packages/airflow/config_templates/airflow_local_settings.py:65: DeprecationWarning: The elasticsearch_host option in [elasticsearch] has been renamed to host - the old setting has been used, but please update your config.
[2020-01-09 16:13:56,531] {base_task_runner.py:115} INFO - Job 116: Subtask process_results   ELASTICSEARCH_HOST = conf.get('elasticsearch', 'HOST')
[2020-01-09 16:13:56,531] {base_task_runner.py:115} INFO - Job 116: Subtask process_results /usr/local/lib/python3.7/site-packages/airflow/config_templates/airflow_local_settings.py:67: DeprecationWarning: The elasticsearch_log_id_template option in [elasticsearch] has been renamed to log_id_template - the old setting has been used, but please update your config.
[2020-01-09 16:13:56,532] {base_task_runner.py:115} INFO - Job 116: Subtask process_results   ELASTICSEARCH_LOG_ID_TEMPLATE = conf.get('elasticsearch', 'LOG_ID_TEMPLATE')
[2020-01-09 16:13:56,532] {base_task_runner.py:115} INFO - Job 116: Subtask process_results /usr/local/lib/python3.7/site-packages/airflow/config_templates/airflow_local_settings.py:69: DeprecationWarning: The elasticsearch_end_of_log_mark option in [elasticsearch] has been renamed to end_of_log_mark - the old setting has been used, but please update your config.
[2020-01-09 16:13:56,532] {base_task_runner.py:115} INFO - Job 116: Subtask process_results   ELASTICSEARCH_END_OF_LOG_MARK = conf.get('elasticsearch', 'END_OF_LOG_MARK')
[2020-01-09 16:13:56,631] {base_task_runner.py:115} INFO - Job 116: Subtask process_results [2020-01-09 16:13:56,630] {settings.py:252} INFO - settings.configure_orm(): Using pool settings. pool_size=5, max_overflow=10, pool_recycle=1800, pid=193
[2020-01-09 16:13:57,506] {base_task_runner.py:115} INFO - Job 116: Subtask process_results [2020-01-09 16:13:57,505] {__init__.py:51} INFO - Using executor CeleryExecutor
[2020-01-09 16:13:57,508] {base_task_runner.py:115} INFO - Job 116: Subtask process_results [2020-01-09 16:13:57,507] {dagbag.py:92} INFO - Filling up the DagBag from /usr/local/airflow/dags/trigger_dag.py
[2020-01-09 16:13:57,793] {base_task_runner.py:115} INFO - Job 116: Subtask process_results [2020-01-09 16:13:57,793] {cli.py:545} INFO - Running <TaskInstance: trigger_dag.process_results.remove_run_file 2020-01-09T16:10:41.998875+00:00 [queued]> on host 68423a1cda8f
[2020-01-09 16:13:58,947] {logging_mixin.py:112} INFO - [2020-01-09 16:13:58,946] {local_task_job.py:124} WARNING - Time since last heartbeat(0.05 s) < heartrate(5.0 s), sleeping for 4.951323 s
[2020-01-09 16:14:03,975] {logging_mixin.py:112} INFO - [2020-01-09 16:14:03,975] {local_task_job.py:124} WARNING - Time since last heartbeat(0.04 s) < heartrate(5.0 s), sleeping for 4.963581 s
[2020-01-09 16:14:08,511] {logging_mixin.py:112} INFO - [2020-01-09 16:14:08,511] {backfill_job.py:363} INFO - [backfill progress] | finished run 0 of 1 | tasks waiting: 1 | succeeded: 3 | running: 0 | failed: 0 | skipped: 0 | deadlocked: 0 | not ready: 1
[2020-01-09 16:14:08,741] {logging_mixin.py:112} INFO - [2020-01-09 16:14:08,741] {base_executor.py:59} INFO - Adding to queue: ['airflow', 'run', 'trigger_dag.process_results', 'finished_timestamp', '2020-01-09T16:10:41.998875+00:00', '--local', '--pool', 'default_pool', '-sd', 'DAGS_FOLDER/trigger_dag.py', '--cfg_path', '/tmp/tmpelueixgp']
[2020-01-09 16:14:08,819] {logging_mixin.py:112} INFO - [2020-01-09 16:14:08,819] {sequential_executor.py:45} INFO - Executing command: ['airflow', 'run', 'trigger_dag.process_results', 'finished_timestamp', '2020-01-09T16:10:41.998875+00:00', '--local', '--pool', 'default_pool', '-sd', 'DAGS_FOLDER/trigger_dag.py', '--cfg_path', '/tmp/tmpelueixgp']
[2020-01-09 16:14:09,057] {logging_mixin.py:112} INFO - [2020-01-09 16:14:09,057] {local_task_job.py:124} WARNING - Time since last heartbeat(0.04 s) < heartrate(5.0 s), sleeping for 4.958333 s
[2020-01-09 16:14:10,055] {base_task_runner.py:115} INFO - Job 116: Subtask process_results /usr/local/lib/python3.7/site-packages/airflow/configuration.py:226: FutureWarning: The task_runner setting in [core] has the old default value of 'BashTaskRunner'. This value has been changed to 'StandardTaskRunner' in the running config, but please update your config before Apache Airflow 2.0.
[2020-01-09 16:14:10,056] {base_task_runner.py:115} INFO - Job 116: Subtask process_results   FutureWarning
[2020-01-09 16:14:10,056] {base_task_runner.py:115} INFO - Job 116: Subtask process_results /usr/local/lib/python3.7/site-packages/airflow/config_templates/airflow_local_settings.py:65: DeprecationWarning: The elasticsearch_host option in [elasticsearch] has been renamed to host - the old setting has been used, but please update your config.
[2020-01-09 16:14:10,056] {base_task_runner.py:115} INFO - Job 116: Subtask process_results   ELASTICSEARCH_HOST = conf.get('elasticsearch', 'HOST')
[2020-01-09 16:14:10,057] {base_task_runner.py:115} INFO - Job 116: Subtask process_results /usr/local/lib/python3.7/site-packages/airflow/config_templates/airflow_local_settings.py:67: DeprecationWarning: The elasticsearch_log_id_template option in [elasticsearch] has been renamed to log_id_template - the old setting has been used, but please update your config.
[2020-01-09 16:14:10,058] {base_task_runner.py:115} INFO - Job 116: Subtask process_results   ELASTICSEARCH_LOG_ID_TEMPLATE = conf.get('elasticsearch', 'LOG_ID_TEMPLATE')
[2020-01-09 16:14:10,058] {base_task_runner.py:115} INFO - Job 116: Subtask process_results /usr/local/lib/python3.7/site-packages/airflow/config_templates/airflow_local_settings.py:69: DeprecationWarning: The elasticsearch_end_of_log_mark option in [elasticsearch] has been renamed to end_of_log_mark - the old setting has been used, but please update your config.
[2020-01-09 16:14:10,058] {base_task_runner.py:115} INFO - Job 116: Subtask process_results   ELASTICSEARCH_END_OF_LOG_MARK = conf.get('elasticsearch', 'END_OF_LOG_MARK')
[2020-01-09 16:14:10,226] {base_task_runner.py:115} INFO - Job 116: Subtask process_results [2020-01-09 16:14:10,226] {settings.py:252} INFO - settings.configure_orm(): Using pool settings. pool_size=5, max_overflow=10, pool_recycle=1800, pid=204
[2020-01-09 16:14:10,973] {base_task_runner.py:115} INFO - Job 116: Subtask process_results [2020-01-09 16:14:10,973] {__init__.py:51} INFO - Using executor CeleryExecutor
[2020-01-09 16:14:10,974] {base_task_runner.py:115} INFO - Job 116: Subtask process_results [2020-01-09 16:14:10,973] {dagbag.py:92} INFO - Filling up the DagBag from /usr/local/airflow/dags/trigger_dag.py
[2020-01-09 16:14:11,198] {base_task_runner.py:115} INFO - Job 116: Subtask process_results [2020-01-09 16:14:11,197] {cli.py:545} INFO - Running <TaskInstance: trigger_dag.process_results.finished_timestamp 2020-01-09T16:10:41.998875+00:00 [queued]> on host 68423a1cda8f
[2020-01-09 16:14:14,199] {logging_mixin.py:112} INFO - [2020-01-09 16:14:14,198] {local_task_job.py:124} WARNING - Time since last heartbeat(0.08 s) < heartrate(5.0 s), sleeping for 4.915789 s
[2020-01-09 16:14:19,223] {logging_mixin.py:112} INFO - [2020-01-09 16:14:19,222] {local_task_job.py:124} WARNING - Time since last heartbeat(0.03 s) < heartrate(5.0 s), sleeping for 4.970369 s
[2020-01-09 16:14:21,808] {logging_mixin.py:112} INFO - [2020-01-09 16:14:21,808] {dagrun.py:317} INFO - Marking run <DagRun trigger_dag.process_results @ 2020-01-09T16:10:41.998875+00:00: backfill_2020-01-09T16:10:41.998875+00:00, externally triggered: False> successful
[2020-01-09 16:14:21,831] {logging_mixin.py:112} INFO - [2020-01-09 16:14:21,830] {backfill_job.py:363} INFO - [backfill progress] | finished run 1 of 1 | tasks waiting: 0 | succeeded: 4 | running: 0 | failed: 0 | skipped: 0 | deadlocked: 0 | not ready: 0
[2020-01-09 16:14:21,833] {logging_mixin.py:112} INFO - [2020-01-09 16:14:21,833] {backfill_job.py:795} INFO - Backfill done. Exiting.
[2020-01-09 16:14:24,200] {logging_mixin.py:112} INFO - [2020-01-09 16:14:24,199] {local_task_job.py:103} INFO - Task exited with return code 0
