[2020-01-08 17:40:13,879] {taskinstance.py:630} INFO - Dependencies all met for <TaskInstance: dag_id_0.get_current_user 2020-01-08T17:38:36.564037+00:00 [queued]>
[2020-01-08 17:40:13,974] {taskinstance.py:630} INFO - Dependencies all met for <TaskInstance: dag_id_0.get_current_user 2020-01-08T17:38:36.564037+00:00 [queued]>
[2020-01-08 17:40:13,977] {taskinstance.py:841} INFO - 
--------------------------------------------------------------------------------
[2020-01-08 17:40:13,978] {taskinstance.py:842} INFO - Starting attempt 2 of 2
[2020-01-08 17:40:13,978] {taskinstance.py:843} INFO - 
--------------------------------------------------------------------------------
[2020-01-08 17:40:14,087] {taskinstance.py:862} INFO - Executing <Task(BashOperator): get_current_user> on 2020-01-08T17:38:36.564037+00:00
[2020-01-08 17:40:14,090] {base_task_runner.py:133} INFO - Running: ['airflow', 'run', 'dag_id_0', 'get_current_user', '2020-01-08T17:38:36.564037+00:00', '--job_id', '81', '--pool', 'default_pool', '--raw', '-sd', 'DAGS_FOLDER/jobs_dag.py', '--cfg_path', '/tmp/tmpjirp65fx']
[2020-01-08 17:40:15,684] {base_task_runner.py:115} INFO - Job 81: Subtask get_current_user /usr/local/lib/python3.7/site-packages/airflow/configuration.py:226: FutureWarning: The task_runner setting in [core] has the old default value of 'BashTaskRunner'. This value has been changed to 'StandardTaskRunner' in the running config, but please update your config before Apache Airflow 2.0.
[2020-01-08 17:40:15,685] {base_task_runner.py:115} INFO - Job 81: Subtask get_current_user   FutureWarning
[2020-01-08 17:40:15,686] {base_task_runner.py:115} INFO - Job 81: Subtask get_current_user /usr/local/lib/python3.7/site-packages/airflow/config_templates/airflow_local_settings.py:65: DeprecationWarning: The elasticsearch_host option in [elasticsearch] has been renamed to host - the old setting has been used, but please update your config.
[2020-01-08 17:40:15,686] {base_task_runner.py:115} INFO - Job 81: Subtask get_current_user   ELASTICSEARCH_HOST = conf.get('elasticsearch', 'HOST')
[2020-01-08 17:40:15,688] {base_task_runner.py:115} INFO - Job 81: Subtask get_current_user /usr/local/lib/python3.7/site-packages/airflow/config_templates/airflow_local_settings.py:67: DeprecationWarning: The elasticsearch_log_id_template option in [elasticsearch] has been renamed to log_id_template - the old setting has been used, but please update your config.
[2020-01-08 17:40:15,690] {base_task_runner.py:115} INFO - Job 81: Subtask get_current_user   ELASTICSEARCH_LOG_ID_TEMPLATE = conf.get('elasticsearch', 'LOG_ID_TEMPLATE')
[2020-01-08 17:40:15,691] {base_task_runner.py:115} INFO - Job 81: Subtask get_current_user /usr/local/lib/python3.7/site-packages/airflow/config_templates/airflow_local_settings.py:69: DeprecationWarning: The elasticsearch_end_of_log_mark option in [elasticsearch] has been renamed to end_of_log_mark - the old setting has been used, but please update your config.
[2020-01-08 17:40:15,692] {base_task_runner.py:115} INFO - Job 81: Subtask get_current_user   ELASTICSEARCH_END_OF_LOG_MARK = conf.get('elasticsearch', 'END_OF_LOG_MARK')
[2020-01-08 17:40:15,867] {base_task_runner.py:115} INFO - Job 81: Subtask get_current_user [2020-01-08 17:40:15,866] {settings.py:252} INFO - settings.configure_orm(): Using pool settings. pool_size=5, max_overflow=10, pool_recycle=1800, pid=617
[2020-01-08 17:40:17,012] {base_task_runner.py:115} INFO - Job 81: Subtask get_current_user [2020-01-08 17:40:17,011] {__init__.py:51} INFO - Using executor CeleryExecutor
[2020-01-08 17:40:17,012] {base_task_runner.py:115} INFO - Job 81: Subtask get_current_user [2020-01-08 17:40:17,012] {dagbag.py:92} INFO - Filling up the DagBag from /usr/local/airflow/dags/jobs_dag.py
[2020-01-08 17:40:17,183] {base_task_runner.py:115} INFO - Job 81: Subtask get_current_user [2020-01-08 17:40:17,183] {cli.py:545} INFO - Running <TaskInstance: dag_id_0.get_current_user 2020-01-08T17:38:36.564037+00:00 [running]> on host 4c15a692b677
[2020-01-08 17:40:17,300] {bash_operator.py:81} INFO - Tmp dir root location: 
 /tmp
[2020-01-08 17:40:17,302] {bash_operator.py:91} INFO - Exporting the following env vars:
AIRFLOW_CTX_DAG_ID=dag_id_0
AIRFLOW_CTX_TASK_ID=get_current_user
AIRFLOW_CTX_EXECUTION_DATE=2020-01-08T17:38:36.564037+00:00
AIRFLOW_CTX_DAG_RUN_ID=manual__2020-01-08T17:38:36.564037+00:00
[2020-01-08 17:40:17,302] {bash_operator.py:105} INFO - Temporary script location: /tmp/airflowtmp5y1btgn5/get_current_usert166h3cx
[2020-01-08 17:40:17,303] {bash_operator.py:115} INFO - Running command: echo $USER
[2020-01-08 17:40:17,312] {bash_operator.py:124} INFO - Output:
[2020-01-08 17:40:17,313] {bash_operator.py:128} INFO - 
[2020-01-08 17:40:17,314] {bash_operator.py:132} INFO - Command exited with return code 0
[2020-01-08 17:40:18,861] {logging_mixin.py:112} INFO - [2020-01-08 17:40:18,861] {local_task_job.py:124} WARNING - Time since last heartbeat(0.05 s) < heartrate(5.0 s), sleeping for 4.95204 s
[2020-01-08 17:40:23,823] {logging_mixin.py:112} INFO - [2020-01-08 17:40:23,822] {local_task_job.py:103} INFO - Task exited with return code 0
