[2020-01-08 17:23:44,323] {taskinstance.py:630} INFO - Dependencies all met for <TaskInstance: trigger_dag.process_results 2020-01-07T00:00:00+00:00 [queued]>
[2020-01-08 17:23:44,493] {taskinstance.py:630} INFO - Dependencies all met for <TaskInstance: trigger_dag.process_results 2020-01-07T00:00:00+00:00 [queued]>
[2020-01-08 17:23:44,493] {taskinstance.py:841} INFO - 
--------------------------------------------------------------------------------
[2020-01-08 17:23:44,494] {taskinstance.py:842} INFO - Starting attempt 1 of 1
[2020-01-08 17:23:44,494] {taskinstance.py:843} INFO - 
--------------------------------------------------------------------------------
[2020-01-08 17:23:44,537] {taskinstance.py:862} INFO - Executing <Task(SubDagOperator): process_results> on 2020-01-07T00:00:00+00:00
[2020-01-08 17:23:44,539] {base_task_runner.py:133} INFO - Running: ['airflow', 'run', 'trigger_dag', 'process_results', '2020-01-07T00:00:00+00:00', '--job_id', '53', '--pool', 'default_pool', '--raw', '-sd', 'DAGS_FOLDER/trigger_dag.py', '--cfg_path', '/tmp/tmpneyvqczh']
[2020-01-08 17:23:46,237] {base_task_runner.py:115} INFO - Job 53: Subtask process_results /usr/local/lib/python3.7/site-packages/airflow/configuration.py:226: FutureWarning: The task_runner setting in [core] has the old default value of 'BashTaskRunner'. This value has been changed to 'StandardTaskRunner' in the running config, but please update your config before Apache Airflow 2.0.
[2020-01-08 17:23:46,238] {base_task_runner.py:115} INFO - Job 53: Subtask process_results   FutureWarning
[2020-01-08 17:23:46,238] {base_task_runner.py:115} INFO - Job 53: Subtask process_results /usr/local/lib/python3.7/site-packages/airflow/config_templates/airflow_local_settings.py:65: DeprecationWarning: The elasticsearch_host option in [elasticsearch] has been renamed to host - the old setting has been used, but please update your config.
[2020-01-08 17:23:46,239] {base_task_runner.py:115} INFO - Job 53: Subtask process_results   ELASTICSEARCH_HOST = conf.get('elasticsearch', 'HOST')
[2020-01-08 17:23:46,239] {base_task_runner.py:115} INFO - Job 53: Subtask process_results /usr/local/lib/python3.7/site-packages/airflow/config_templates/airflow_local_settings.py:67: DeprecationWarning: The elasticsearch_log_id_template option in [elasticsearch] has been renamed to log_id_template - the old setting has been used, but please update your config.
[2020-01-08 17:23:46,240] {base_task_runner.py:115} INFO - Job 53: Subtask process_results   ELASTICSEARCH_LOG_ID_TEMPLATE = conf.get('elasticsearch', 'LOG_ID_TEMPLATE')
[2020-01-08 17:23:46,241] {base_task_runner.py:115} INFO - Job 53: Subtask process_results /usr/local/lib/python3.7/site-packages/airflow/config_templates/airflow_local_settings.py:69: DeprecationWarning: The elasticsearch_end_of_log_mark option in [elasticsearch] has been renamed to end_of_log_mark - the old setting has been used, but please update your config.
[2020-01-08 17:23:46,241] {base_task_runner.py:115} INFO - Job 53: Subtask process_results   ELASTICSEARCH_END_OF_LOG_MARK = conf.get('elasticsearch', 'END_OF_LOG_MARK')
[2020-01-08 17:23:46,445] {base_task_runner.py:115} INFO - Job 53: Subtask process_results [2020-01-08 17:23:46,443] {settings.py:252} INFO - settings.configure_orm(): Using pool settings. pool_size=5, max_overflow=10, pool_recycle=1800, pid=311
[2020-01-08 17:23:48,517] {base_task_runner.py:115} INFO - Job 53: Subtask process_results [2020-01-08 17:23:48,517] {__init__.py:51} INFO - Using executor CeleryExecutor
[2020-01-08 17:23:48,518] {base_task_runner.py:115} INFO - Job 53: Subtask process_results [2020-01-08 17:23:48,517] {dagbag.py:92} INFO - Filling up the DagBag from /usr/local/airflow/dags/trigger_dag.py
[2020-01-08 17:23:48,788] {base_task_runner.py:115} INFO - Job 53: Subtask process_results [2020-01-08 17:23:48,787] {cli.py:545} INFO - Running <TaskInstance: trigger_dag.process_results 2020-01-07T00:00:00+00:00 [running]> on host 6667999380fe
[2020-01-08 17:23:49,233] {logging_mixin.py:112} INFO - [2020-01-08 17:23:49,233] {local_task_job.py:124} WARNING - Time since last heartbeat(0.05 s) < heartrate(5.0 s), sleeping for 4.945755 s
[2020-01-08 17:23:49,758] {logging_mixin.py:112} INFO - [2020-01-08 17:23:49,755] {base_executor.py:59} INFO - Adding to queue: ['airflow', 'run', 'trigger_dag.process_results', 'sensor_triggered_dag', '2020-01-07T00:00:00+00:00', '--local', '--pool', 'default_pool', '-sd', 'DAGS_FOLDER/trigger_dag.py', '--cfg_path', '/tmp/tmp_v83akvp']
[2020-01-08 17:23:53,974] {logging_mixin.py:112} INFO - [2020-01-08 17:23:53,974] {sequential_executor.py:45} INFO - Executing command: ['airflow', 'run', 'trigger_dag.process_results', 'sensor_triggered_dag', '2020-01-07T00:00:00+00:00', '--local', '--pool', 'default_pool', '-sd', 'DAGS_FOLDER/trigger_dag.py', '--cfg_path', '/tmp/tmp_v83akvp']
[2020-01-08 17:23:54,339] {logging_mixin.py:112} INFO - [2020-01-08 17:23:54,338] {local_task_job.py:124} WARNING - Time since last heartbeat(0.06 s) < heartrate(5.0 s), sleeping for 4.942611 s
[2020-01-08 17:23:55,612] {base_task_runner.py:115} INFO - Job 53: Subtask process_results /usr/local/lib/python3.7/site-packages/airflow/configuration.py:226: FutureWarning: The task_runner setting in [core] has the old default value of 'BashTaskRunner'. This value has been changed to 'StandardTaskRunner' in the running config, but please update your config before Apache Airflow 2.0.
[2020-01-08 17:23:55,613] {base_task_runner.py:115} INFO - Job 53: Subtask process_results   FutureWarning
[2020-01-08 17:23:55,615] {base_task_runner.py:115} INFO - Job 53: Subtask process_results /usr/local/lib/python3.7/site-packages/airflow/config_templates/airflow_local_settings.py:65: DeprecationWarning: The elasticsearch_host option in [elasticsearch] has been renamed to host - the old setting has been used, but please update your config.
[2020-01-08 17:23:55,616] {base_task_runner.py:115} INFO - Job 53: Subtask process_results   ELASTICSEARCH_HOST = conf.get('elasticsearch', 'HOST')
[2020-01-08 17:23:55,617] {base_task_runner.py:115} INFO - Job 53: Subtask process_results /usr/local/lib/python3.7/site-packages/airflow/config_templates/airflow_local_settings.py:67: DeprecationWarning: The elasticsearch_log_id_template option in [elasticsearch] has been renamed to log_id_template - the old setting has been used, but please update your config.
[2020-01-08 17:23:55,617] {base_task_runner.py:115} INFO - Job 53: Subtask process_results   ELASTICSEARCH_LOG_ID_TEMPLATE = conf.get('elasticsearch', 'LOG_ID_TEMPLATE')
[2020-01-08 17:23:55,618] {base_task_runner.py:115} INFO - Job 53: Subtask process_results /usr/local/lib/python3.7/site-packages/airflow/config_templates/airflow_local_settings.py:69: DeprecationWarning: The elasticsearch_end_of_log_mark option in [elasticsearch] has been renamed to end_of_log_mark - the old setting has been used, but please update your config.
[2020-01-08 17:23:55,619] {base_task_runner.py:115} INFO - Job 53: Subtask process_results   ELASTICSEARCH_END_OF_LOG_MARK = conf.get('elasticsearch', 'END_OF_LOG_MARK')
[2020-01-08 17:23:56,501] {base_task_runner.py:115} INFO - Job 53: Subtask process_results [2020-01-08 17:23:56,500] {settings.py:252} INFO - settings.configure_orm(): Using pool settings. pool_size=5, max_overflow=10, pool_recycle=1800, pid=316
[2020-01-08 17:23:59,435] {logging_mixin.py:112} INFO - [2020-01-08 17:23:59,435] {local_task_job.py:124} WARNING - Time since last heartbeat(0.05 s) < heartrate(5.0 s), sleeping for 4.946173 s
[2020-01-08 17:23:59,525] {base_task_runner.py:115} INFO - Job 53: Subtask process_results [2020-01-08 17:23:59,524] {__init__.py:51} INFO - Using executor CeleryExecutor
[2020-01-08 17:23:59,525] {base_task_runner.py:115} INFO - Job 53: Subtask process_results [2020-01-08 17:23:59,525] {dagbag.py:92} INFO - Filling up the DagBag from /usr/local/airflow/dags/trigger_dag.py
[2020-01-08 17:23:59,834] {base_task_runner.py:115} INFO - Job 53: Subtask process_results [2020-01-08 17:23:59,833] {cli.py:545} INFO - Running <TaskInstance: trigger_dag.process_results.sensor_triggered_dag 2020-01-07T00:00:00+00:00 [queued]> on host 6667999380fe
[2020-01-08 17:24:04,576] {logging_mixin.py:112} INFO - [2020-01-08 17:24:04,576] {local_task_job.py:124} WARNING - Time since last heartbeat(0.06 s) < heartrate(5.0 s), sleeping for 4.941538 s
[2020-01-08 17:24:09,690] {logging_mixin.py:112} INFO - [2020-01-08 17:24:09,689] {local_task_job.py:124} WARNING - Time since last heartbeat(0.04 s) < heartrate(5.0 s), sleeping for 4.956441 s
[2020-01-08 17:24:10,583] {logging_mixin.py:112} INFO - [2020-01-08 17:24:10,582] {backfill_job.py:215} WARNING - Task instance <TaskInstance: trigger_dag.process_results.sensor_triggered_dag 2020-01-07 00:00:00+00:00 [up_for_reschedule]> is up for reschedule
[2020-01-08 17:24:10,818] {logging_mixin.py:112} INFO - [2020-01-08 17:24:10,817] {backfill_job.py:363} INFO - [backfill progress] | finished run 0 of 1 | tasks waiting: 4 | succeeded: 0 | running: 0 | failed: 0 | skipped: 0 | deadlocked: 0 | not ready: 3
[2020-01-08 17:24:12,018] {logging_mixin.py:112} INFO - [2020-01-08 17:24:12,018] {backfill_job.py:363} INFO - [backfill progress] | finished run 0 of 1 | tasks waiting: 4 | succeeded: 0 | running: 0 | failed: 0 | skipped: 0 | deadlocked: 0 | not ready: 3
[2020-01-08 17:24:15,131] {logging_mixin.py:112} INFO - [2020-01-08 17:24:15,131] {local_task_job.py:124} WARNING - Time since last heartbeat(0.10 s) < heartrate(5.0 s), sleeping for 4.897089 s
[2020-01-08 17:24:16,985] {logging_mixin.py:112} INFO - [2020-01-08 17:24:16,985] {backfill_job.py:363} INFO - [backfill progress] | finished run 0 of 1 | tasks waiting: 4 | succeeded: 0 | running: 0 | failed: 0 | skipped: 0 | deadlocked: 0 | not ready: 3
[2020-01-08 17:24:20,148] {logging_mixin.py:112} INFO - [2020-01-08 17:24:20,147] {local_task_job.py:124} WARNING - Time since last heartbeat(0.04 s) < heartrate(5.0 s), sleeping for 4.955091 s
[2020-01-08 17:24:22,010] {logging_mixin.py:112} INFO - [2020-01-08 17:24:22,010] {backfill_job.py:363} INFO - [backfill progress] | finished run 0 of 1 | tasks waiting: 4 | succeeded: 0 | running: 0 | failed: 0 | skipped: 0 | deadlocked: 0 | not ready: 3
[2020-01-08 17:24:25,233] {logging_mixin.py:112} INFO - [2020-01-08 17:24:25,233] {local_task_job.py:124} WARNING - Time since last heartbeat(0.04 s) < heartrate(5.0 s), sleeping for 4.964003 s
[2020-01-08 17:24:27,236] {logging_mixin.py:112} INFO - [2020-01-08 17:24:27,236] {backfill_job.py:363} INFO - [backfill progress] | finished run 0 of 1 | tasks waiting: 4 | succeeded: 0 | running: 0 | failed: 0 | skipped: 0 | deadlocked: 0 | not ready: 3
[2020-01-08 17:24:27,499] {logging_mixin.py:112} INFO - [2020-01-08 17:24:27,498] {base_executor.py:59} INFO - Adding to queue: ['airflow', 'run', 'trigger_dag.process_results', 'sensor_triggered_dag', '2020-01-07T00:00:00+00:00', '--local', '--pool', 'default_pool', '-sd', 'DAGS_FOLDER/trigger_dag.py', '--cfg_path', '/tmp/tmpxtvpxozc']
[2020-01-08 17:24:30,314] {logging_mixin.py:112} INFO - [2020-01-08 17:24:30,314] {local_task_job.py:124} WARNING - Time since last heartbeat(0.05 s) < heartrate(5.0 s), sleeping for 4.950796 s
[2020-01-08 17:24:32,018] {logging_mixin.py:112} INFO - [2020-01-08 17:24:32,018] {sequential_executor.py:45} INFO - Executing command: ['airflow', 'run', 'trigger_dag.process_results', 'sensor_triggered_dag', '2020-01-07T00:00:00+00:00', '--local', '--pool', 'default_pool', '-sd', 'DAGS_FOLDER/trigger_dag.py', '--cfg_path', '/tmp/tmpxtvpxozc']
[2020-01-08 17:24:33,341] {base_task_runner.py:115} INFO - Job 53: Subtask process_results /usr/local/lib/python3.7/site-packages/airflow/configuration.py:226: FutureWarning: The task_runner setting in [core] has the old default value of 'BashTaskRunner'. This value has been changed to 'StandardTaskRunner' in the running config, but please update your config before Apache Airflow 2.0.
[2020-01-08 17:24:33,341] {base_task_runner.py:115} INFO - Job 53: Subtask process_results   FutureWarning
[2020-01-08 17:24:33,342] {base_task_runner.py:115} INFO - Job 53: Subtask process_results /usr/local/lib/python3.7/site-packages/airflow/config_templates/airflow_local_settings.py:65: DeprecationWarning: The elasticsearch_host option in [elasticsearch] has been renamed to host - the old setting has been used, but please update your config.
[2020-01-08 17:24:33,342] {base_task_runner.py:115} INFO - Job 53: Subtask process_results   ELASTICSEARCH_HOST = conf.get('elasticsearch', 'HOST')
[2020-01-08 17:24:33,342] {base_task_runner.py:115} INFO - Job 53: Subtask process_results /usr/local/lib/python3.7/site-packages/airflow/config_templates/airflow_local_settings.py:67: DeprecationWarning: The elasticsearch_log_id_template option in [elasticsearch] has been renamed to log_id_template - the old setting has been used, but please update your config.
[2020-01-08 17:24:33,343] {base_task_runner.py:115} INFO - Job 53: Subtask process_results   ELASTICSEARCH_LOG_ID_TEMPLATE = conf.get('elasticsearch', 'LOG_ID_TEMPLATE')
[2020-01-08 17:24:33,343] {base_task_runner.py:115} INFO - Job 53: Subtask process_results /usr/local/lib/python3.7/site-packages/airflow/config_templates/airflow_local_settings.py:69: DeprecationWarning: The elasticsearch_end_of_log_mark option in [elasticsearch] has been renamed to end_of_log_mark - the old setting has been used, but please update your config.
[2020-01-08 17:24:33,343] {base_task_runner.py:115} INFO - Job 53: Subtask process_results   ELASTICSEARCH_END_OF_LOG_MARK = conf.get('elasticsearch', 'END_OF_LOG_MARK')
[2020-01-08 17:24:33,483] {base_task_runner.py:115} INFO - Job 53: Subtask process_results [2020-01-08 17:24:33,482] {settings.py:252} INFO - settings.configure_orm(): Using pool settings. pool_size=5, max_overflow=10, pool_recycle=1800, pid=338
[2020-01-08 17:24:34,986] {base_task_runner.py:115} INFO - Job 53: Subtask process_results [2020-01-08 17:24:34,986] {__init__.py:51} INFO - Using executor CeleryExecutor
[2020-01-08 17:24:34,987] {base_task_runner.py:115} INFO - Job 53: Subtask process_results [2020-01-08 17:24:34,986] {dagbag.py:92} INFO - Filling up the DagBag from /usr/local/airflow/dags/trigger_dag.py
[2020-01-08 17:24:35,184] {base_task_runner.py:115} INFO - Job 53: Subtask process_results [2020-01-08 17:24:35,183] {cli.py:545} INFO - Running <TaskInstance: trigger_dag.process_results.sensor_triggered_dag 2020-01-07T00:00:00+00:00 [queued]> on host 6667999380fe
[2020-01-08 17:24:35,407] {logging_mixin.py:112} INFO - [2020-01-08 17:24:35,407] {local_task_job.py:124} WARNING - Time since last heartbeat(0.05 s) < heartrate(5.0 s), sleeping for 4.949794 s
[2020-01-08 17:24:40,488] {logging_mixin.py:112} INFO - [2020-01-08 17:24:40,488] {local_task_job.py:124} WARNING - Time since last heartbeat(0.05 s) < heartrate(5.0 s), sleeping for 4.946042 s
[2020-01-08 17:24:45,536] {logging_mixin.py:112} INFO - [2020-01-08 17:24:45,536] {local_task_job.py:124} WARNING - Time since last heartbeat(0.05 s) < heartrate(5.0 s), sleeping for 4.945692 s
[2020-01-08 17:24:45,624] {logging_mixin.py:112} INFO - [2020-01-08 17:24:45,623] {backfill_job.py:215} WARNING - Task instance <TaskInstance: trigger_dag.process_results.sensor_triggered_dag 2020-01-07 00:00:00+00:00 [up_for_reschedule]> is up for reschedule
[2020-01-08 17:24:45,951] {logging_mixin.py:112} INFO - [2020-01-08 17:24:45,951] {backfill_job.py:363} INFO - [backfill progress] | finished run 0 of 1 | tasks waiting: 4 | succeeded: 0 | running: 0 | failed: 0 | skipped: 0 | deadlocked: 0 | not ready: 3
[2020-01-08 17:24:47,372] {logging_mixin.py:112} INFO - [2020-01-08 17:24:47,372] {backfill_job.py:363} INFO - [backfill progress] | finished run 0 of 1 | tasks waiting: 4 | succeeded: 0 | running: 0 | failed: 0 | skipped: 0 | deadlocked: 0 | not ready: 3
[2020-01-08 17:24:50,800] {logging_mixin.py:112} INFO - [2020-01-08 17:24:50,800] {local_task_job.py:124} WARNING - Time since last heartbeat(0.16 s) < heartrate(5.0 s), sleeping for 4.841504 s
[2020-01-08 17:24:52,422] {logging_mixin.py:112} INFO - [2020-01-08 17:24:52,421] {backfill_job.py:363} INFO - [backfill progress] | finished run 0 of 1 | tasks waiting: 4 | succeeded: 0 | running: 0 | failed: 0 | skipped: 0 | deadlocked: 0 | not ready: 3
[2020-01-08 17:24:55,825] {logging_mixin.py:112} INFO - [2020-01-08 17:24:55,824] {local_task_job.py:124} WARNING - Time since last heartbeat(0.07 s) < heartrate(5.0 s), sleeping for 4.933517 s
[2020-01-08 17:24:57,448] {logging_mixin.py:112} INFO - [2020-01-08 17:24:57,448] {backfill_job.py:363} INFO - [backfill progress] | finished run 0 of 1 | tasks waiting: 4 | succeeded: 0 | running: 0 | failed: 0 | skipped: 0 | deadlocked: 0 | not ready: 3
[2020-01-08 17:25:01,005] {logging_mixin.py:112} INFO - [2020-01-08 17:25:01,004] {local_task_job.py:124} WARNING - Time since last heartbeat(0.07 s) < heartrate(5.0 s), sleeping for 4.931705 s
[2020-01-08 17:25:02,493] {logging_mixin.py:112} INFO - [2020-01-08 17:25:02,493] {backfill_job.py:363} INFO - [backfill progress] | finished run 0 of 1 | tasks waiting: 4 | succeeded: 0 | running: 0 | failed: 0 | skipped: 0 | deadlocked: 0 | not ready: 3
[2020-01-08 17:25:02,707] {logging_mixin.py:112} INFO - [2020-01-08 17:25:02,706] {base_executor.py:59} INFO - Adding to queue: ['airflow', 'run', 'trigger_dag.process_results', 'sensor_triggered_dag', '2020-01-07T00:00:00+00:00', '--local', '--pool', 'default_pool', '-sd', 'DAGS_FOLDER/trigger_dag.py', '--cfg_path', '/tmp/tmp655pd328']
[2020-01-08 17:25:06,087] {logging_mixin.py:112} INFO - [2020-01-08 17:25:06,087] {local_task_job.py:124} WARNING - Time since last heartbeat(0.07 s) < heartrate(5.0 s), sleeping for 4.928532 s
[2020-01-08 17:25:07,422] {logging_mixin.py:112} INFO - [2020-01-08 17:25:07,421] {sequential_executor.py:45} INFO - Executing command: ['airflow', 'run', 'trigger_dag.process_results', 'sensor_triggered_dag', '2020-01-07T00:00:00+00:00', '--local', '--pool', 'default_pool', '-sd', 'DAGS_FOLDER/trigger_dag.py', '--cfg_path', '/tmp/tmp655pd328']
[2020-01-08 17:25:08,582] {base_task_runner.py:115} INFO - Job 53: Subtask process_results /usr/local/lib/python3.7/site-packages/airflow/configuration.py:226: FutureWarning: The task_runner setting in [core] has the old default value of 'BashTaskRunner'. This value has been changed to 'StandardTaskRunner' in the running config, but please update your config before Apache Airflow 2.0.
[2020-01-08 17:25:08,583] {base_task_runner.py:115} INFO - Job 53: Subtask process_results   FutureWarning
[2020-01-08 17:25:08,588] {base_task_runner.py:115} INFO - Job 53: Subtask process_results /usr/local/lib/python3.7/site-packages/airflow/config_templates/airflow_local_settings.py:65: DeprecationWarning: The elasticsearch_host option in [elasticsearch] has been renamed to host - the old setting has been used, but please update your config.
[2020-01-08 17:25:08,589] {base_task_runner.py:115} INFO - Job 53: Subtask process_results   ELASTICSEARCH_HOST = conf.get('elasticsearch', 'HOST')
[2020-01-08 17:25:08,589] {base_task_runner.py:115} INFO - Job 53: Subtask process_results /usr/local/lib/python3.7/site-packages/airflow/config_templates/airflow_local_settings.py:67: DeprecationWarning: The elasticsearch_log_id_template option in [elasticsearch] has been renamed to log_id_template - the old setting has been used, but please update your config.
[2020-01-08 17:25:08,590] {base_task_runner.py:115} INFO - Job 53: Subtask process_results   ELASTICSEARCH_LOG_ID_TEMPLATE = conf.get('elasticsearch', 'LOG_ID_TEMPLATE')
[2020-01-08 17:25:08,590] {base_task_runner.py:115} INFO - Job 53: Subtask process_results /usr/local/lib/python3.7/site-packages/airflow/config_templates/airflow_local_settings.py:69: DeprecationWarning: The elasticsearch_end_of_log_mark option in [elasticsearch] has been renamed to end_of_log_mark - the old setting has been used, but please update your config.
[2020-01-08 17:25:08,590] {base_task_runner.py:115} INFO - Job 53: Subtask process_results   ELASTICSEARCH_END_OF_LOG_MARK = conf.get('elasticsearch', 'END_OF_LOG_MARK')
[2020-01-08 17:25:09,022] {base_task_runner.py:115} INFO - Job 53: Subtask process_results [2020-01-08 17:25:09,021] {settings.py:252} INFO - settings.configure_orm(): Using pool settings. pool_size=5, max_overflow=10, pool_recycle=1800, pid=361
[2020-01-08 17:25:10,445] {base_task_runner.py:115} INFO - Job 53: Subtask process_results [2020-01-08 17:25:10,445] {__init__.py:51} INFO - Using executor CeleryExecutor
[2020-01-08 17:25:10,446] {base_task_runner.py:115} INFO - Job 53: Subtask process_results [2020-01-08 17:25:10,445] {dagbag.py:92} INFO - Filling up the DagBag from /usr/local/airflow/dags/trigger_dag.py
[2020-01-08 17:25:10,824] {base_task_runner.py:115} INFO - Job 53: Subtask process_results [2020-01-08 17:25:10,821] {cli.py:545} INFO - Running <TaskInstance: trigger_dag.process_results.sensor_triggered_dag 2020-01-07T00:00:00+00:00 [queued]> on host 6667999380fe
[2020-01-08 17:25:11,347] {logging_mixin.py:112} INFO - [2020-01-08 17:25:11,347] {local_task_job.py:124} WARNING - Time since last heartbeat(0.15 s) < heartrate(5.0 s), sleeping for 4.852564 s
[2020-01-08 17:25:16,383] {logging_mixin.py:112} INFO - [2020-01-08 17:25:16,383] {local_task_job.py:124} WARNING - Time since last heartbeat(0.08 s) < heartrate(5.0 s), sleeping for 4.915521 s
[2020-01-08 17:25:21,638] {logging_mixin.py:112} INFO - [2020-01-08 17:25:21,638] {local_task_job.py:124} WARNING - Time since last heartbeat(0.06 s) < heartrate(5.0 s), sleeping for 4.941246 s
[2020-01-08 17:25:21,929] {logging_mixin.py:112} INFO - [2020-01-08 17:25:21,927] {backfill_job.py:363} INFO - [backfill progress] | finished run 0 of 1 | tasks waiting: 3 | succeeded: 1 | running: 0 | failed: 0 | skipped: 0 | deadlocked: 0 | not ready: 3
[2020-01-08 17:25:22,155] {logging_mixin.py:112} INFO - [2020-01-08 17:25:22,154] {base_executor.py:59} INFO - Adding to queue: ['airflow', 'run', 'trigger_dag.process_results', 'print_result', '2020-01-07T00:00:00+00:00', '--local', '--pool', 'default_pool', '-sd', 'DAGS_FOLDER/trigger_dag.py', '--cfg_path', '/tmp/tmptzjjx0q6']
[2020-01-08 17:25:22,756] {logging_mixin.py:112} INFO - [2020-01-08 17:25:22,756] {sequential_executor.py:45} INFO - Executing command: ['airflow', 'run', 'trigger_dag.process_results', 'print_result', '2020-01-07T00:00:00+00:00', '--local', '--pool', 'default_pool', '-sd', 'DAGS_FOLDER/trigger_dag.py', '--cfg_path', '/tmp/tmptzjjx0q6']
[2020-01-08 17:25:23,451] {base_task_runner.py:115} INFO - Job 53: Subtask process_results /usr/local/lib/python3.7/site-packages/airflow/configuration.py:226: FutureWarning: The task_runner setting in [core] has the old default value of 'BashTaskRunner'. This value has been changed to 'StandardTaskRunner' in the running config, but please update your config before Apache Airflow 2.0.
[2020-01-08 17:25:23,452] {base_task_runner.py:115} INFO - Job 53: Subtask process_results   FutureWarning
[2020-01-08 17:25:23,452] {base_task_runner.py:115} INFO - Job 53: Subtask process_results /usr/local/lib/python3.7/site-packages/airflow/config_templates/airflow_local_settings.py:65: DeprecationWarning: The elasticsearch_host option in [elasticsearch] has been renamed to host - the old setting has been used, but please update your config.
[2020-01-08 17:25:23,453] {base_task_runner.py:115} INFO - Job 53: Subtask process_results   ELASTICSEARCH_HOST = conf.get('elasticsearch', 'HOST')
[2020-01-08 17:25:23,453] {base_task_runner.py:115} INFO - Job 53: Subtask process_results /usr/local/lib/python3.7/site-packages/airflow/config_templates/airflow_local_settings.py:67: DeprecationWarning: The elasticsearch_log_id_template option in [elasticsearch] has been renamed to log_id_template - the old setting has been used, but please update your config.
[2020-01-08 17:25:23,454] {base_task_runner.py:115} INFO - Job 53: Subtask process_results   ELASTICSEARCH_LOG_ID_TEMPLATE = conf.get('elasticsearch', 'LOG_ID_TEMPLATE')
[2020-01-08 17:25:23,454] {base_task_runner.py:115} INFO - Job 53: Subtask process_results /usr/local/lib/python3.7/site-packages/airflow/config_templates/airflow_local_settings.py:69: DeprecationWarning: The elasticsearch_end_of_log_mark option in [elasticsearch] has been renamed to end_of_log_mark - the old setting has been used, but please update your config.
[2020-01-08 17:25:23,454] {base_task_runner.py:115} INFO - Job 53: Subtask process_results   ELASTICSEARCH_END_OF_LOG_MARK = conf.get('elasticsearch', 'END_OF_LOG_MARK')
[2020-01-08 17:25:23,618] {base_task_runner.py:115} INFO - Job 53: Subtask process_results [2020-01-08 17:25:23,617] {settings.py:252} INFO - settings.configure_orm(): Using pool settings. pool_size=5, max_overflow=10, pool_recycle=1800, pid=370
[2020-01-08 17:25:24,471] {base_task_runner.py:115} INFO - Job 53: Subtask process_results [2020-01-08 17:25:24,471] {__init__.py:51} INFO - Using executor CeleryExecutor
[2020-01-08 17:25:24,472] {base_task_runner.py:115} INFO - Job 53: Subtask process_results [2020-01-08 17:25:24,471] {dagbag.py:92} INFO - Filling up the DagBag from /usr/local/airflow/dags/trigger_dag.py
[2020-01-08 17:25:24,778] {base_task_runner.py:115} INFO - Job 53: Subtask process_results [2020-01-08 17:25:24,777] {cli.py:545} INFO - Running <TaskInstance: trigger_dag.process_results.print_result 2020-01-07T00:00:00+00:00 [queued]> on host 6667999380fe
[2020-01-08 17:25:26,904] {logging_mixin.py:112} INFO - [2020-01-08 17:25:26,895] {local_task_job.py:124} WARNING - Time since last heartbeat(0.07 s) < heartrate(5.0 s), sleeping for 4.92861 s
[2020-01-08 17:25:32,078] {logging_mixin.py:112} INFO - [2020-01-08 17:25:32,076] {local_task_job.py:124} WARNING - Time since last heartbeat(0.15 s) < heartrate(5.0 s), sleeping for 4.851663 s
[2020-01-08 17:25:35,572] {logging_mixin.py:112} INFO - [2020-01-08 17:25:35,572] {backfill_job.py:363} INFO - [backfill progress] | finished run 0 of 1 | tasks waiting: 2 | succeeded: 2 | running: 0 | failed: 0 | skipped: 0 | deadlocked: 0 | not ready: 2
[2020-01-08 17:25:35,761] {logging_mixin.py:112} INFO - [2020-01-08 17:25:35,760] {base_executor.py:59} INFO - Adding to queue: ['airflow', 'run', 'trigger_dag.process_results', 'remove_run_file', '2020-01-07T00:00:00+00:00', '--local', '--pool', 'default_pool', '-sd', 'DAGS_FOLDER/trigger_dag.py', '--cfg_path', '/tmp/tmp2h4nf0aa']
[2020-01-08 17:25:36,080] {logging_mixin.py:112} INFO - [2020-01-08 17:25:36,080] {sequential_executor.py:45} INFO - Executing command: ['airflow', 'run', 'trigger_dag.process_results', 'remove_run_file', '2020-01-07T00:00:00+00:00', '--local', '--pool', 'default_pool', '-sd', 'DAGS_FOLDER/trigger_dag.py', '--cfg_path', '/tmp/tmp2h4nf0aa']
[2020-01-08 17:25:36,711] {base_task_runner.py:115} INFO - Job 53: Subtask process_results /usr/local/lib/python3.7/site-packages/airflow/configuration.py:226: FutureWarning: The task_runner setting in [core] has the old default value of 'BashTaskRunner'. This value has been changed to 'StandardTaskRunner' in the running config, but please update your config before Apache Airflow 2.0.
[2020-01-08 17:25:36,711] {base_task_runner.py:115} INFO - Job 53: Subtask process_results   FutureWarning
[2020-01-08 17:25:36,712] {base_task_runner.py:115} INFO - Job 53: Subtask process_results /usr/local/lib/python3.7/site-packages/airflow/config_templates/airflow_local_settings.py:65: DeprecationWarning: The elasticsearch_host option in [elasticsearch] has been renamed to host - the old setting has been used, but please update your config.
[2020-01-08 17:25:36,712] {base_task_runner.py:115} INFO - Job 53: Subtask process_results   ELASTICSEARCH_HOST = conf.get('elasticsearch', 'HOST')
[2020-01-08 17:25:36,712] {base_task_runner.py:115} INFO - Job 53: Subtask process_results /usr/local/lib/python3.7/site-packages/airflow/config_templates/airflow_local_settings.py:67: DeprecationWarning: The elasticsearch_log_id_template option in [elasticsearch] has been renamed to log_id_template - the old setting has been used, but please update your config.
[2020-01-08 17:25:36,713] {base_task_runner.py:115} INFO - Job 53: Subtask process_results   ELASTICSEARCH_LOG_ID_TEMPLATE = conf.get('elasticsearch', 'LOG_ID_TEMPLATE')
[2020-01-08 17:25:36,713] {base_task_runner.py:115} INFO - Job 53: Subtask process_results /usr/local/lib/python3.7/site-packages/airflow/config_templates/airflow_local_settings.py:69: DeprecationWarning: The elasticsearch_end_of_log_mark option in [elasticsearch] has been renamed to end_of_log_mark - the old setting has been used, but please update your config.
[2020-01-08 17:25:36,713] {base_task_runner.py:115} INFO - Job 53: Subtask process_results   ELASTICSEARCH_END_OF_LOG_MARK = conf.get('elasticsearch', 'END_OF_LOG_MARK')
[2020-01-08 17:25:36,930] {base_task_runner.py:115} INFO - Job 53: Subtask process_results [2020-01-08 17:25:36,929] {settings.py:252} INFO - settings.configure_orm(): Using pool settings. pool_size=5, max_overflow=10, pool_recycle=1800, pid=384
[2020-01-08 17:25:37,143] {logging_mixin.py:112} INFO - [2020-01-08 17:25:37,143] {local_task_job.py:124} WARNING - Time since last heartbeat(0.07 s) < heartrate(5.0 s), sleeping for 4.92783 s
[2020-01-08 17:25:38,268] {base_task_runner.py:115} INFO - Job 53: Subtask process_results [2020-01-08 17:25:38,267] {__init__.py:51} INFO - Using executor CeleryExecutor
[2020-01-08 17:25:38,268] {base_task_runner.py:115} INFO - Job 53: Subtask process_results [2020-01-08 17:25:38,268] {dagbag.py:92} INFO - Filling up the DagBag from /usr/local/airflow/dags/trigger_dag.py
[2020-01-08 17:25:38,465] {base_task_runner.py:115} INFO - Job 53: Subtask process_results [2020-01-08 17:25:38,464] {cli.py:545} INFO - Running <TaskInstance: trigger_dag.process_results.remove_run_file 2020-01-07T00:00:00+00:00 [queued]> on host 6667999380fe
[2020-01-08 17:25:42,307] {logging_mixin.py:112} INFO - [2020-01-08 17:25:42,307] {local_task_job.py:124} WARNING - Time since last heartbeat(0.08 s) < heartrate(5.0 s), sleeping for 4.919575 s
[2020-01-08 17:25:47,314] {logging_mixin.py:112} INFO - [2020-01-08 17:25:47,314] {local_task_job.py:124} WARNING - Time since last heartbeat(0.04 s) < heartrate(5.0 s), sleeping for 4.956216 s
[2020-01-08 17:25:48,843] {logging_mixin.py:112} INFO - [2020-01-08 17:25:48,843] {backfill_job.py:204} ERROR - Task instance <TaskInstance: trigger_dag.process_results.remove_run_file 2020-01-07 00:00:00+00:00 [failed]> failed
[2020-01-08 17:25:48,989] {logging_mixin.py:112} INFO - [2020-01-08 17:25:48,989] {backfill_job.py:363} INFO - [backfill progress] | finished run 0 of 1 | tasks waiting: 1 | succeeded: 2 | running: 0 | failed: 1 | skipped: 0 | deadlocked: 0 | not ready: 1
[2020-01-08 17:25:49,132] {logging_mixin.py:112} INFO - [2020-01-08 17:25:49,132] {backfill_job.py:460} ERROR - Task instance <TaskInstance: trigger_dag.process_results.finished_timestamp 2020-01-07 00:00:00+00:00 [upstream_failed]> with upstream_failed state
[2020-01-08 17:25:49,291] {logging_mixin.py:112} INFO - [2020-01-08 17:25:49,290] {dagrun.py:308} INFO - Marking run <DagRun trigger_dag.process_results @ 2020-01-07T00:00:00+00:00: backfill_2020-01-07T00:00:00+00:00, externally triggered: False> failed
[2020-01-08 17:25:49,308] {logging_mixin.py:112} INFO - [2020-01-08 17:25:49,307] {backfill_job.py:363} INFO - [backfill progress] | finished run 1 of 1 | tasks waiting: 0 | succeeded: 2 | running: 0 | failed: 2 | skipped: 0 | deadlocked: 0 | not ready: 0
[2020-01-08 17:25:49,392] {taskinstance.py:1058} ERROR - ---------------------------------------------------
Some task instances failed:
{('trigger_dag.process_results', 'remove_run_file', datetime.datetime(2020, 1, 7, 0, 0, tzinfo=<TimezoneInfo [UTC, GMT, +00:00:00, STD]>), 1), ('trigger_dag.process_results', 'finished_timestamp', datetime.datetime(2020, 1, 7, 0, 0, tzinfo=<TimezoneInfo [UTC, GMT, +00:00:00, STD]>), 1)}
Traceback (most recent call last):
  File "/usr/local/lib/python3.7/site-packages/airflow/models/taskinstance.py", line 930, in _run_raw_task
    result = task_copy.execute(context=context)
  File "/usr/local/lib/python3.7/site-packages/airflow/operators/subdag_operator.py", line 102, in execute
    executor=self.executor)
  File "/usr/local/lib/python3.7/site-packages/airflow/models/dag.py", line 1284, in run
    job.run()
  File "/usr/local/lib/python3.7/site-packages/airflow/jobs/base_job.py", line 222, in run
    self._execute()
  File "/usr/local/lib/python3.7/site-packages/airflow/utils/db.py", line 74, in wrapper
    return func(*args, **kwargs)
  File "/usr/local/lib/python3.7/site-packages/airflow/jobs/backfill_job.py", line 776, in _execute
    raise AirflowException(err)
airflow.exceptions.AirflowException: ---------------------------------------------------
Some task instances failed:
{('trigger_dag.process_results', 'remove_run_file', datetime.datetime(2020, 1, 7, 0, 0, tzinfo=<TimezoneInfo [UTC, GMT, +00:00:00, STD]>), 1), ('trigger_dag.process_results', 'finished_timestamp', datetime.datetime(2020, 1, 7, 0, 0, tzinfo=<TimezoneInfo [UTC, GMT, +00:00:00, STD]>), 1)}

[2020-01-08 17:25:49,397] {taskinstance.py:1089} INFO - Marking task as FAILED.
[2020-01-08 17:25:49,461] {base_task_runner.py:115} INFO - Job 53: Subtask process_results Traceback (most recent call last):
[2020-01-08 17:25:49,464] {base_task_runner.py:115} INFO - Job 53: Subtask process_results   File "/usr/local/bin/airflow", line 37, in <module>
[2020-01-08 17:25:49,465] {base_task_runner.py:115} INFO - Job 53: Subtask process_results     args.func(args)
[2020-01-08 17:25:49,467] {base_task_runner.py:115} INFO - Job 53: Subtask process_results   File "/usr/local/lib/python3.7/site-packages/airflow/utils/cli.py", line 74, in wrapper
[2020-01-08 17:25:49,468] {base_task_runner.py:115} INFO - Job 53: Subtask process_results     return f(*args, **kwargs)
[2020-01-08 17:25:49,469] {base_task_runner.py:115} INFO - Job 53: Subtask process_results   File "/usr/local/lib/python3.7/site-packages/airflow/bin/cli.py", line 551, in run
[2020-01-08 17:25:49,469] {base_task_runner.py:115} INFO - Job 53: Subtask process_results     _run(args, dag, ti)
[2020-01-08 17:25:49,470] {base_task_runner.py:115} INFO - Job 53: Subtask process_results   File "/usr/local/lib/python3.7/site-packages/airflow/bin/cli.py", line 469, in _run
[2020-01-08 17:25:49,470] {base_task_runner.py:115} INFO - Job 53: Subtask process_results     pool=args.pool,
[2020-01-08 17:25:49,470] {base_task_runner.py:115} INFO - Job 53: Subtask process_results   File "/usr/local/lib/python3.7/site-packages/airflow/utils/db.py", line 74, in wrapper
[2020-01-08 17:25:49,471] {base_task_runner.py:115} INFO - Job 53: Subtask process_results     return func(*args, **kwargs)
[2020-01-08 17:25:49,471] {base_task_runner.py:115} INFO - Job 53: Subtask process_results   File "/usr/local/lib/python3.7/site-packages/airflow/models/taskinstance.py", line 930, in _run_raw_task
[2020-01-08 17:25:49,472] {base_task_runner.py:115} INFO - Job 53: Subtask process_results     result = task_copy.execute(context=context)
[2020-01-08 17:25:49,473] {base_task_runner.py:115} INFO - Job 53: Subtask process_results   File "/usr/local/lib/python3.7/site-packages/airflow/operators/subdag_operator.py", line 102, in execute
[2020-01-08 17:25:49,474] {base_task_runner.py:115} INFO - Job 53: Subtask process_results     executor=self.executor)
[2020-01-08 17:25:49,474] {base_task_runner.py:115} INFO - Job 53: Subtask process_results   File "/usr/local/lib/python3.7/site-packages/airflow/models/dag.py", line 1284, in run
[2020-01-08 17:25:49,475] {base_task_runner.py:115} INFO - Job 53: Subtask process_results     job.run()
[2020-01-08 17:25:49,475] {base_task_runner.py:115} INFO - Job 53: Subtask process_results   File "/usr/local/lib/python3.7/site-packages/airflow/jobs/base_job.py", line 222, in run
[2020-01-08 17:25:49,475] {base_task_runner.py:115} INFO - Job 53: Subtask process_results     self._execute()
[2020-01-08 17:25:49,476] {base_task_runner.py:115} INFO - Job 53: Subtask process_results   File "/usr/local/lib/python3.7/site-packages/airflow/utils/db.py", line 74, in wrapper
[2020-01-08 17:25:49,476] {base_task_runner.py:115} INFO - Job 53: Subtask process_results     return func(*args, **kwargs)
[2020-01-08 17:25:49,477] {base_task_runner.py:115} INFO - Job 53: Subtask process_results   File "/usr/local/lib/python3.7/site-packages/airflow/jobs/backfill_job.py", line 776, in _execute
[2020-01-08 17:25:49,480] {base_task_runner.py:115} INFO - Job 53: Subtask process_results     raise AirflowException(err)
[2020-01-08 17:25:49,481] {base_task_runner.py:115} INFO - Job 53: Subtask process_results airflow.exceptions.AirflowException: ---------------------------------------------------
[2020-01-08 17:25:49,481] {base_task_runner.py:115} INFO - Job 53: Subtask process_results Some task instances failed:
[2020-01-08 17:25:49,481] {base_task_runner.py:115} INFO - Job 53: Subtask process_results {('trigger_dag.process_results', 'remove_run_file', datetime.datetime(2020, 1, 7, 0, 0, tzinfo=<TimezoneInfo [UTC, GMT, +00:00:00, STD]>), 1), ('trigger_dag.process_results', 'finished_timestamp', datetime.datetime(2020, 1, 7, 0, 0, tzinfo=<TimezoneInfo [UTC, GMT, +00:00:00, STD]>), 1)}
[2020-01-08 17:25:49,482] {base_task_runner.py:115} INFO - Job 53: Subtask process_results 
[2020-01-08 17:25:52,278] {logging_mixin.py:112} INFO - [2020-01-08 17:25:52,277] {local_task_job.py:103} INFO - Task exited with return code 1
