[2020-01-08 17:28:05,826] {taskinstance.py:630} INFO - Dependencies all met for <TaskInstance: trigger_dag.process_results 2020-01-07T00:00:00+00:00 [queued]>
[2020-01-08 17:28:06,029] {taskinstance.py:630} INFO - Dependencies all met for <TaskInstance: trigger_dag.process_results 2020-01-07T00:00:00+00:00 [queued]>
[2020-01-08 17:28:06,030] {taskinstance.py:841} INFO - 
--------------------------------------------------------------------------------
[2020-01-08 17:28:06,030] {taskinstance.py:842} INFO - Starting attempt 2 of 2
[2020-01-08 17:28:06,031] {taskinstance.py:843} INFO - 
--------------------------------------------------------------------------------
[2020-01-08 17:28:06,070] {taskinstance.py:862} INFO - Executing <Task(SubDagOperator): process_results> on 2020-01-07T00:00:00+00:00
[2020-01-08 17:28:06,072] {base_task_runner.py:133} INFO - Running: ['airflow', 'run', 'trigger_dag', 'process_results', '2020-01-07T00:00:00+00:00', '--job_id', '65', '--pool', 'default_pool', '--raw', '-sd', 'DAGS_FOLDER/trigger_dag.py', '--cfg_path', '/tmp/tmpmf_js0rl']
[2020-01-08 17:28:07,072] {base_task_runner.py:115} INFO - Job 65: Subtask process_results /usr/local/lib/python3.7/site-packages/airflow/configuration.py:226: FutureWarning: The task_runner setting in [core] has the old default value of 'BashTaskRunner'. This value has been changed to 'StandardTaskRunner' in the running config, but please update your config before Apache Airflow 2.0.
[2020-01-08 17:28:07,073] {base_task_runner.py:115} INFO - Job 65: Subtask process_results   FutureWarning
[2020-01-08 17:28:07,074] {base_task_runner.py:115} INFO - Job 65: Subtask process_results /usr/local/lib/python3.7/site-packages/airflow/config_templates/airflow_local_settings.py:65: DeprecationWarning: The elasticsearch_host option in [elasticsearch] has been renamed to host - the old setting has been used, but please update your config.
[2020-01-08 17:28:07,074] {base_task_runner.py:115} INFO - Job 65: Subtask process_results   ELASTICSEARCH_HOST = conf.get('elasticsearch', 'HOST')
[2020-01-08 17:28:07,075] {base_task_runner.py:115} INFO - Job 65: Subtask process_results /usr/local/lib/python3.7/site-packages/airflow/config_templates/airflow_local_settings.py:67: DeprecationWarning: The elasticsearch_log_id_template option in [elasticsearch] has been renamed to log_id_template - the old setting has been used, but please update your config.
[2020-01-08 17:28:07,075] {base_task_runner.py:115} INFO - Job 65: Subtask process_results   ELASTICSEARCH_LOG_ID_TEMPLATE = conf.get('elasticsearch', 'LOG_ID_TEMPLATE')
[2020-01-08 17:28:07,075] {base_task_runner.py:115} INFO - Job 65: Subtask process_results /usr/local/lib/python3.7/site-packages/airflow/config_templates/airflow_local_settings.py:69: DeprecationWarning: The elasticsearch_end_of_log_mark option in [elasticsearch] has been renamed to end_of_log_mark - the old setting has been used, but please update your config.
[2020-01-08 17:28:07,079] {base_task_runner.py:115} INFO - Job 65: Subtask process_results   ELASTICSEARCH_END_OF_LOG_MARK = conf.get('elasticsearch', 'END_OF_LOG_MARK')
[2020-01-08 17:28:07,416] {base_task_runner.py:115} INFO - Job 65: Subtask process_results [2020-01-08 17:28:07,416] {settings.py:252} INFO - settings.configure_orm(): Using pool settings. pool_size=5, max_overflow=10, pool_recycle=1800, pid=401
[2020-01-08 17:28:08,845] {base_task_runner.py:115} INFO - Job 65: Subtask process_results [2020-01-08 17:28:08,844] {__init__.py:51} INFO - Using executor CeleryExecutor
[2020-01-08 17:28:08,845] {base_task_runner.py:115} INFO - Job 65: Subtask process_results [2020-01-08 17:28:08,845] {dagbag.py:92} INFO - Filling up the DagBag from /usr/local/airflow/dags/trigger_dag.py
[2020-01-08 17:28:09,219] {base_task_runner.py:115} INFO - Job 65: Subtask process_results [2020-01-08 17:28:09,218] {cli.py:545} INFO - Running <TaskInstance: trigger_dag.process_results 2020-01-07T00:00:00+00:00 [running]> on host 4c15a692b677
[2020-01-08 17:28:10,094] {logging_mixin.py:112} INFO - [2020-01-08 17:28:10,093] {base_executor.py:59} INFO - Adding to queue: ['airflow', 'run', 'trigger_dag.process_results', 'remove_run_file', '2020-01-07T00:00:00+00:00', '--local', '--pool', 'default_pool', '-sd', 'DAGS_FOLDER/trigger_dag.py', '--cfg_path', '/tmp/tmpy4aul_np']
[2020-01-08 17:28:10,717] {logging_mixin.py:112} INFO - [2020-01-08 17:28:10,716] {local_task_job.py:124} WARNING - Time since last heartbeat(0.05 s) < heartrate(5.0 s), sleeping for 4.947324 s
[2020-01-08 17:28:14,312] {logging_mixin.py:112} INFO - [2020-01-08 17:28:14,312] {sequential_executor.py:45} INFO - Executing command: ['airflow', 'run', 'trigger_dag.process_results', 'remove_run_file', '2020-01-07T00:00:00+00:00', '--local', '--pool', 'default_pool', '-sd', 'DAGS_FOLDER/trigger_dag.py', '--cfg_path', '/tmp/tmpy4aul_np']
[2020-01-08 17:28:15,000] {base_task_runner.py:115} INFO - Job 65: Subtask process_results /usr/local/lib/python3.7/site-packages/airflow/configuration.py:226: FutureWarning: The task_runner setting in [core] has the old default value of 'BashTaskRunner'. This value has been changed to 'StandardTaskRunner' in the running config, but please update your config before Apache Airflow 2.0.
[2020-01-08 17:28:15,001] {base_task_runner.py:115} INFO - Job 65: Subtask process_results   FutureWarning
[2020-01-08 17:28:15,001] {base_task_runner.py:115} INFO - Job 65: Subtask process_results /usr/local/lib/python3.7/site-packages/airflow/config_templates/airflow_local_settings.py:65: DeprecationWarning: The elasticsearch_host option in [elasticsearch] has been renamed to host - the old setting has been used, but please update your config.
[2020-01-08 17:28:15,002] {base_task_runner.py:115} INFO - Job 65: Subtask process_results   ELASTICSEARCH_HOST = conf.get('elasticsearch', 'HOST')
[2020-01-08 17:28:15,003] {base_task_runner.py:115} INFO - Job 65: Subtask process_results /usr/local/lib/python3.7/site-packages/airflow/config_templates/airflow_local_settings.py:67: DeprecationWarning: The elasticsearch_log_id_template option in [elasticsearch] has been renamed to log_id_template - the old setting has been used, but please update your config.
[2020-01-08 17:28:15,003] {base_task_runner.py:115} INFO - Job 65: Subtask process_results   ELASTICSEARCH_LOG_ID_TEMPLATE = conf.get('elasticsearch', 'LOG_ID_TEMPLATE')
[2020-01-08 17:28:15,004] {base_task_runner.py:115} INFO - Job 65: Subtask process_results /usr/local/lib/python3.7/site-packages/airflow/config_templates/airflow_local_settings.py:69: DeprecationWarning: The elasticsearch_end_of_log_mark option in [elasticsearch] has been renamed to end_of_log_mark - the old setting has been used, but please update your config.
[2020-01-08 17:28:15,005] {base_task_runner.py:115} INFO - Job 65: Subtask process_results   ELASTICSEARCH_END_OF_LOG_MARK = conf.get('elasticsearch', 'END_OF_LOG_MARK')
[2020-01-08 17:28:15,178] {base_task_runner.py:115} INFO - Job 65: Subtask process_results [2020-01-08 17:28:15,177] {settings.py:252} INFO - settings.configure_orm(): Using pool settings. pool_size=5, max_overflow=10, pool_recycle=1800, pid=406
[2020-01-08 17:28:15,745] {logging_mixin.py:112} INFO - [2020-01-08 17:28:15,745] {local_task_job.py:124} WARNING - Time since last heartbeat(0.05 s) < heartrate(5.0 s), sleeping for 4.950836 s
[2020-01-08 17:28:15,817] {base_task_runner.py:115} INFO - Job 65: Subtask process_results [2020-01-08 17:28:15,816] {__init__.py:51} INFO - Using executor CeleryExecutor
[2020-01-08 17:28:15,817] {base_task_runner.py:115} INFO - Job 65: Subtask process_results [2020-01-08 17:28:15,817] {dagbag.py:92} INFO - Filling up the DagBag from /usr/local/airflow/dags/trigger_dag.py
[2020-01-08 17:28:16,013] {base_task_runner.py:115} INFO - Job 65: Subtask process_results [2020-01-08 17:28:16,012] {cli.py:545} INFO - Running <TaskInstance: trigger_dag.process_results.remove_run_file 2020-01-07T00:00:00+00:00 [queued]> on host 4c15a692b677
[2020-01-08 17:28:20,815] {logging_mixin.py:112} INFO - [2020-01-08 17:28:20,815] {local_task_job.py:124} WARNING - Time since last heartbeat(0.04 s) < heartrate(5.0 s), sleeping for 4.955158 s
[2020-01-08 17:28:25,871] {logging_mixin.py:112} INFO - [2020-01-08 17:28:25,871] {local_task_job.py:124} WARNING - Time since last heartbeat(0.03 s) < heartrate(5.0 s), sleeping for 4.966267 s
[2020-01-08 17:28:26,584] {logging_mixin.py:112} INFO - [2020-01-08 17:28:26,584] {backfill_job.py:204} ERROR - Task instance <TaskInstance: trigger_dag.process_results.remove_run_file 2020-01-07 00:00:00+00:00 [failed]> failed
[2020-01-08 17:28:26,722] {logging_mixin.py:112} INFO - [2020-01-08 17:28:26,722] {backfill_job.py:363} INFO - [backfill progress] | finished run 0 of 1 | tasks waiting: 1 | succeeded: 2 | running: 0 | failed: 1 | skipped: 0 | deadlocked: 0 | not ready: 1
[2020-01-08 17:28:26,827] {logging_mixin.py:112} INFO - [2020-01-08 17:28:26,827] {backfill_job.py:460} ERROR - Task instance <TaskInstance: trigger_dag.process_results.finished_timestamp 2020-01-07 00:00:00+00:00 [upstream_failed]> with upstream_failed state
[2020-01-08 17:28:26,975] {logging_mixin.py:112} INFO - [2020-01-08 17:28:26,975] {dagrun.py:308} INFO - Marking run <DagRun trigger_dag.process_results @ 2020-01-07 00:00:00+00:00: backfill_2020-01-07T00:00:00+00:00, externally triggered: False> failed
[2020-01-08 17:28:26,987] {logging_mixin.py:112} INFO - [2020-01-08 17:28:26,987] {backfill_job.py:363} INFO - [backfill progress] | finished run 1 of 1 | tasks waiting: 0 | succeeded: 2 | running: 0 | failed: 2 | skipped: 0 | deadlocked: 0 | not ready: 0
[2020-01-08 17:28:27,089] {taskinstance.py:1058} ERROR - ---------------------------------------------------
Some task instances failed:
{('trigger_dag.process_results', 'finished_timestamp', datetime.datetime(2020, 1, 7, 0, 0, tzinfo=<TimezoneInfo [UTC, GMT, +00:00:00, STD]>), 1), ('trigger_dag.process_results', 'remove_run_file', datetime.datetime(2020, 1, 7, 0, 0, tzinfo=<TimezoneInfo [UTC, GMT, +00:00:00, STD]>), 2)}
Traceback (most recent call last):
  File "/usr/local/lib/python3.7/site-packages/airflow/models/taskinstance.py", line 930, in _run_raw_task
    result = task_copy.execute(context=context)
  File "/usr/local/lib/python3.7/site-packages/airflow/operators/subdag_operator.py", line 102, in execute
    executor=self.executor)
  File "/usr/local/lib/python3.7/site-packages/airflow/models/dag.py", line 1284, in run
    job.run()
  File "/usr/local/lib/python3.7/site-packages/airflow/jobs/base_job.py", line 222, in run
    self._execute()
  File "/usr/local/lib/python3.7/site-packages/airflow/utils/db.py", line 74, in wrapper
    return func(*args, **kwargs)
  File "/usr/local/lib/python3.7/site-packages/airflow/jobs/backfill_job.py", line 776, in _execute
    raise AirflowException(err)
airflow.exceptions.AirflowException: ---------------------------------------------------
Some task instances failed:
{('trigger_dag.process_results', 'finished_timestamp', datetime.datetime(2020, 1, 7, 0, 0, tzinfo=<TimezoneInfo [UTC, GMT, +00:00:00, STD]>), 1), ('trigger_dag.process_results', 'remove_run_file', datetime.datetime(2020, 1, 7, 0, 0, tzinfo=<TimezoneInfo [UTC, GMT, +00:00:00, STD]>), 2)}

[2020-01-08 17:28:27,091] {taskinstance.py:1089} INFO - Marking task as FAILED.
[2020-01-08 17:28:27,149] {base_task_runner.py:115} INFO - Job 65: Subtask process_results Traceback (most recent call last):
[2020-01-08 17:28:27,151] {base_task_runner.py:115} INFO - Job 65: Subtask process_results   File "/usr/local/bin/airflow", line 37, in <module>
[2020-01-08 17:28:27,151] {base_task_runner.py:115} INFO - Job 65: Subtask process_results     args.func(args)
[2020-01-08 17:28:27,152] {base_task_runner.py:115} INFO - Job 65: Subtask process_results   File "/usr/local/lib/python3.7/site-packages/airflow/utils/cli.py", line 74, in wrapper
[2020-01-08 17:28:27,152] {base_task_runner.py:115} INFO - Job 65: Subtask process_results     return f(*args, **kwargs)
[2020-01-08 17:28:27,153] {base_task_runner.py:115} INFO - Job 65: Subtask process_results   File "/usr/local/lib/python3.7/site-packages/airflow/bin/cli.py", line 551, in run
[2020-01-08 17:28:27,153] {base_task_runner.py:115} INFO - Job 65: Subtask process_results     _run(args, dag, ti)
[2020-01-08 17:28:27,153] {base_task_runner.py:115} INFO - Job 65: Subtask process_results   File "/usr/local/lib/python3.7/site-packages/airflow/bin/cli.py", line 469, in _run
[2020-01-08 17:28:27,154] {base_task_runner.py:115} INFO - Job 65: Subtask process_results     pool=args.pool,
[2020-01-08 17:28:27,154] {base_task_runner.py:115} INFO - Job 65: Subtask process_results   File "/usr/local/lib/python3.7/site-packages/airflow/utils/db.py", line 74, in wrapper
[2020-01-08 17:28:27,154] {base_task_runner.py:115} INFO - Job 65: Subtask process_results     return func(*args, **kwargs)
[2020-01-08 17:28:27,155] {base_task_runner.py:115} INFO - Job 65: Subtask process_results   File "/usr/local/lib/python3.7/site-packages/airflow/models/taskinstance.py", line 930, in _run_raw_task
[2020-01-08 17:28:27,155] {base_task_runner.py:115} INFO - Job 65: Subtask process_results     result = task_copy.execute(context=context)
[2020-01-08 17:28:27,155] {base_task_runner.py:115} INFO - Job 65: Subtask process_results   File "/usr/local/lib/python3.7/site-packages/airflow/operators/subdag_operator.py", line 102, in execute
[2020-01-08 17:28:27,156] {base_task_runner.py:115} INFO - Job 65: Subtask process_results     executor=self.executor)
[2020-01-08 17:28:27,156] {base_task_runner.py:115} INFO - Job 65: Subtask process_results   File "/usr/local/lib/python3.7/site-packages/airflow/models/dag.py", line 1284, in run
[2020-01-08 17:28:27,156] {base_task_runner.py:115} INFO - Job 65: Subtask process_results     job.run()
[2020-01-08 17:28:27,157] {base_task_runner.py:115} INFO - Job 65: Subtask process_results   File "/usr/local/lib/python3.7/site-packages/airflow/jobs/base_job.py", line 222, in run
[2020-01-08 17:28:27,157] {base_task_runner.py:115} INFO - Job 65: Subtask process_results     self._execute()
[2020-01-08 17:28:27,157] {base_task_runner.py:115} INFO - Job 65: Subtask process_results   File "/usr/local/lib/python3.7/site-packages/airflow/utils/db.py", line 74, in wrapper
[2020-01-08 17:28:27,158] {base_task_runner.py:115} INFO - Job 65: Subtask process_results     return func(*args, **kwargs)
[2020-01-08 17:28:27,158] {base_task_runner.py:115} INFO - Job 65: Subtask process_results   File "/usr/local/lib/python3.7/site-packages/airflow/jobs/backfill_job.py", line 776, in _execute
[2020-01-08 17:28:27,158] {base_task_runner.py:115} INFO - Job 65: Subtask process_results     raise AirflowException(err)
[2020-01-08 17:28:27,159] {base_task_runner.py:115} INFO - Job 65: Subtask process_results airflow.exceptions.AirflowException: ---------------------------------------------------
[2020-01-08 17:28:27,159] {base_task_runner.py:115} INFO - Job 65: Subtask process_results Some task instances failed:
[2020-01-08 17:28:27,159] {base_task_runner.py:115} INFO - Job 65: Subtask process_results {('trigger_dag.process_results', 'finished_timestamp', datetime.datetime(2020, 1, 7, 0, 0, tzinfo=<TimezoneInfo [UTC, GMT, +00:00:00, STD]>), 1), ('trigger_dag.process_results', 'remove_run_file', datetime.datetime(2020, 1, 7, 0, 0, tzinfo=<TimezoneInfo [UTC, GMT, +00:00:00, STD]>), 2)}
[2020-01-08 17:28:27,160] {base_task_runner.py:115} INFO - Job 65: Subtask process_results 
[2020-01-08 17:28:30,844] {logging_mixin.py:112} INFO - [2020-01-08 17:28:30,843] {local_task_job.py:103} INFO - Task exited with return code 1
