[2020-01-08 17:33:05,600] {taskinstance.py:630} INFO - Dependencies all met for <TaskInstance: trigger_dag.process_results 2020-01-07T00:00:00+00:00 [queued]>
[2020-01-08 17:33:05,685] {taskinstance.py:630} INFO - Dependencies all met for <TaskInstance: trigger_dag.process_results 2020-01-07T00:00:00+00:00 [queued]>
[2020-01-08 17:33:05,687] {taskinstance.py:841} INFO - 
--------------------------------------------------------------------------------
[2020-01-08 17:33:05,688] {taskinstance.py:842} INFO - Starting attempt 4 of 4
[2020-01-08 17:33:05,689] {taskinstance.py:843} INFO - 
--------------------------------------------------------------------------------
[2020-01-08 17:33:05,729] {taskinstance.py:862} INFO - Executing <Task(SubDagOperator): process_results> on 2020-01-07T00:00:00+00:00
[2020-01-08 17:33:05,732] {base_task_runner.py:133} INFO - Running: ['airflow', 'run', 'trigger_dag', 'process_results', '2020-01-07T00:00:00+00:00', '--job_id', '71', '--pool', 'default_pool', '--raw', '-sd', 'DAGS_FOLDER/trigger_dag.py', '--cfg_path', '/tmp/tmptjclhh96']
[2020-01-08 17:33:06,457] {base_task_runner.py:115} INFO - Job 71: Subtask process_results /usr/local/lib/python3.7/site-packages/airflow/configuration.py:226: FutureWarning: The task_runner setting in [core] has the old default value of 'BashTaskRunner'. This value has been changed to 'StandardTaskRunner' in the running config, but please update your config before Apache Airflow 2.0.
[2020-01-08 17:33:06,457] {base_task_runner.py:115} INFO - Job 71: Subtask process_results   FutureWarning
[2020-01-08 17:33:06,458] {base_task_runner.py:115} INFO - Job 71: Subtask process_results /usr/local/lib/python3.7/site-packages/airflow/config_templates/airflow_local_settings.py:65: DeprecationWarning: The elasticsearch_host option in [elasticsearch] has been renamed to host - the old setting has been used, but please update your config.
[2020-01-08 17:33:06,458] {base_task_runner.py:115} INFO - Job 71: Subtask process_results   ELASTICSEARCH_HOST = conf.get('elasticsearch', 'HOST')
[2020-01-08 17:33:06,458] {base_task_runner.py:115} INFO - Job 71: Subtask process_results /usr/local/lib/python3.7/site-packages/airflow/config_templates/airflow_local_settings.py:67: DeprecationWarning: The elasticsearch_log_id_template option in [elasticsearch] has been renamed to log_id_template - the old setting has been used, but please update your config.
[2020-01-08 17:33:06,459] {base_task_runner.py:115} INFO - Job 71: Subtask process_results   ELASTICSEARCH_LOG_ID_TEMPLATE = conf.get('elasticsearch', 'LOG_ID_TEMPLATE')
[2020-01-08 17:33:06,459] {base_task_runner.py:115} INFO - Job 71: Subtask process_results /usr/local/lib/python3.7/site-packages/airflow/config_templates/airflow_local_settings.py:69: DeprecationWarning: The elasticsearch_end_of_log_mark option in [elasticsearch] has been renamed to end_of_log_mark - the old setting has been used, but please update your config.
[2020-01-08 17:33:06,460] {base_task_runner.py:115} INFO - Job 71: Subtask process_results   ELASTICSEARCH_END_OF_LOG_MARK = conf.get('elasticsearch', 'END_OF_LOG_MARK')
[2020-01-08 17:33:06,562] {base_task_runner.py:115} INFO - Job 71: Subtask process_results [2020-01-08 17:33:06,561] {settings.py:252} INFO - settings.configure_orm(): Using pool settings. pool_size=5, max_overflow=10, pool_recycle=1800, pid=482
[2020-01-08 17:33:07,263] {base_task_runner.py:115} INFO - Job 71: Subtask process_results [2020-01-08 17:33:07,262] {__init__.py:51} INFO - Using executor CeleryExecutor
[2020-01-08 17:33:07,264] {base_task_runner.py:115} INFO - Job 71: Subtask process_results [2020-01-08 17:33:07,263] {dagbag.py:92} INFO - Filling up the DagBag from /usr/local/airflow/dags/trigger_dag.py
[2020-01-08 17:33:07,488] {base_task_runner.py:115} INFO - Job 71: Subtask process_results [2020-01-08 17:33:07,487] {cli.py:545} INFO - Running <TaskInstance: trigger_dag.process_results 2020-01-07T00:00:00+00:00 [running]> on host 4c15a692b677
[2020-01-08 17:33:08,188] {logging_mixin.py:112} INFO - [2020-01-08 17:33:08,187] {base_executor.py:59} INFO - Adding to queue: ['airflow', 'run', 'trigger_dag.process_results', 'remove_run_file', '2020-01-07T00:00:00+00:00', '--local', '--pool', 'default_pool', '-sd', 'DAGS_FOLDER/trigger_dag.py', '--cfg_path', '/tmp/tmpmzi4s5_j']
[2020-01-08 17:33:10,521] {logging_mixin.py:112} INFO - [2020-01-08 17:33:10,521] {local_task_job.py:124} WARNING - Time since last heartbeat(0.04 s) < heartrate(5.0 s), sleeping for 4.955185 s
[2020-01-08 17:33:12,555] {logging_mixin.py:112} INFO - [2020-01-08 17:33:12,555] {sequential_executor.py:45} INFO - Executing command: ['airflow', 'run', 'trigger_dag.process_results', 'remove_run_file', '2020-01-07T00:00:00+00:00', '--local', '--pool', 'default_pool', '-sd', 'DAGS_FOLDER/trigger_dag.py', '--cfg_path', '/tmp/tmpmzi4s5_j']
[2020-01-08 17:33:13,312] {base_task_runner.py:115} INFO - Job 71: Subtask process_results /usr/local/lib/python3.7/site-packages/airflow/configuration.py:226: FutureWarning: The task_runner setting in [core] has the old default value of 'BashTaskRunner'. This value has been changed to 'StandardTaskRunner' in the running config, but please update your config before Apache Airflow 2.0.
[2020-01-08 17:33:13,312] {base_task_runner.py:115} INFO - Job 71: Subtask process_results   FutureWarning
[2020-01-08 17:33:13,313] {base_task_runner.py:115} INFO - Job 71: Subtask process_results /usr/local/lib/python3.7/site-packages/airflow/config_templates/airflow_local_settings.py:65: DeprecationWarning: The elasticsearch_host option in [elasticsearch] has been renamed to host - the old setting has been used, but please update your config.
[2020-01-08 17:33:13,313] {base_task_runner.py:115} INFO - Job 71: Subtask process_results   ELASTICSEARCH_HOST = conf.get('elasticsearch', 'HOST')
[2020-01-08 17:33:13,314] {base_task_runner.py:115} INFO - Job 71: Subtask process_results /usr/local/lib/python3.7/site-packages/airflow/config_templates/airflow_local_settings.py:67: DeprecationWarning: The elasticsearch_log_id_template option in [elasticsearch] has been renamed to log_id_template - the old setting has been used, but please update your config.
[2020-01-08 17:33:13,314] {base_task_runner.py:115} INFO - Job 71: Subtask process_results   ELASTICSEARCH_LOG_ID_TEMPLATE = conf.get('elasticsearch', 'LOG_ID_TEMPLATE')
[2020-01-08 17:33:13,314] {base_task_runner.py:115} INFO - Job 71: Subtask process_results /usr/local/lib/python3.7/site-packages/airflow/config_templates/airflow_local_settings.py:69: DeprecationWarning: The elasticsearch_end_of_log_mark option in [elasticsearch] has been renamed to end_of_log_mark - the old setting has been used, but please update your config.
[2020-01-08 17:33:13,315] {base_task_runner.py:115} INFO - Job 71: Subtask process_results   ELASTICSEARCH_END_OF_LOG_MARK = conf.get('elasticsearch', 'END_OF_LOG_MARK')
[2020-01-08 17:33:13,422] {base_task_runner.py:115} INFO - Job 71: Subtask process_results [2020-01-08 17:33:13,421] {settings.py:252} INFO - settings.configure_orm(): Using pool settings. pool_size=5, max_overflow=10, pool_recycle=1800, pid=487
[2020-01-08 17:33:13,993] {base_task_runner.py:115} INFO - Job 71: Subtask process_results [2020-01-08 17:33:13,993] {__init__.py:51} INFO - Using executor CeleryExecutor
[2020-01-08 17:33:13,994] {base_task_runner.py:115} INFO - Job 71: Subtask process_results [2020-01-08 17:33:13,993] {dagbag.py:92} INFO - Filling up the DagBag from /usr/local/airflow/dags/trigger_dag.py
[2020-01-08 17:33:14,252] {base_task_runner.py:115} INFO - Job 71: Subtask process_results [2020-01-08 17:33:14,251] {cli.py:545} INFO - Running <TaskInstance: trigger_dag.process_results.remove_run_file 2020-01-07T00:00:00+00:00 [queued]> on host 4c15a692b677
[2020-01-08 17:33:15,558] {logging_mixin.py:112} INFO - [2020-01-08 17:33:15,558] {local_task_job.py:124} WARNING - Time since last heartbeat(0.04 s) < heartrate(5.0 s), sleeping for 4.957404 s
[2020-01-08 17:33:20,628] {logging_mixin.py:112} INFO - [2020-01-08 17:33:20,628] {local_task_job.py:124} WARNING - Time since last heartbeat(0.04 s) < heartrate(5.0 s), sleeping for 4.958486 s
[2020-01-08 17:33:24,795] {logging_mixin.py:112} INFO - [2020-01-08 17:33:24,795] {backfill_job.py:363} INFO - [backfill progress] | finished run 0 of 1 | tasks waiting: 1 | succeeded: 3 | running: 0 | failed: 0 | skipped: 0 | deadlocked: 0 | not ready: 1
[2020-01-08 17:33:24,991] {logging_mixin.py:112} INFO - [2020-01-08 17:33:24,991] {base_executor.py:59} INFO - Adding to queue: ['airflow', 'run', 'trigger_dag.process_results', 'finished_timestamp', '2020-01-07T00:00:00+00:00', '--local', '--pool', 'default_pool', '-sd', 'DAGS_FOLDER/trigger_dag.py', '--cfg_path', '/tmp/tmpwcmmz5fl']
[2020-01-08 17:33:25,097] {logging_mixin.py:112} INFO - [2020-01-08 17:33:25,096] {sequential_executor.py:45} INFO - Executing command: ['airflow', 'run', 'trigger_dag.process_results', 'finished_timestamp', '2020-01-07T00:00:00+00:00', '--local', '--pool', 'default_pool', '-sd', 'DAGS_FOLDER/trigger_dag.py', '--cfg_path', '/tmp/tmpwcmmz5fl']
[2020-01-08 17:33:25,819] {logging_mixin.py:112} INFO - [2020-01-08 17:33:25,819] {local_task_job.py:124} WARNING - Time since last heartbeat(0.08 s) < heartrate(5.0 s), sleeping for 4.922385 s
[2020-01-08 17:33:26,312] {base_task_runner.py:115} INFO - Job 71: Subtask process_results /usr/local/lib/python3.7/site-packages/airflow/configuration.py:226: FutureWarning: The task_runner setting in [core] has the old default value of 'BashTaskRunner'. This value has been changed to 'StandardTaskRunner' in the running config, but please update your config before Apache Airflow 2.0.
[2020-01-08 17:33:26,312] {base_task_runner.py:115} INFO - Job 71: Subtask process_results   FutureWarning
[2020-01-08 17:33:26,313] {base_task_runner.py:115} INFO - Job 71: Subtask process_results /usr/local/lib/python3.7/site-packages/airflow/config_templates/airflow_local_settings.py:65: DeprecationWarning: The elasticsearch_host option in [elasticsearch] has been renamed to host - the old setting has been used, but please update your config.
[2020-01-08 17:33:26,313] {base_task_runner.py:115} INFO - Job 71: Subtask process_results   ELASTICSEARCH_HOST = conf.get('elasticsearch', 'HOST')
[2020-01-08 17:33:26,314] {base_task_runner.py:115} INFO - Job 71: Subtask process_results /usr/local/lib/python3.7/site-packages/airflow/config_templates/airflow_local_settings.py:67: DeprecationWarning: The elasticsearch_log_id_template option in [elasticsearch] has been renamed to log_id_template - the old setting has been used, but please update your config.
[2020-01-08 17:33:26,314] {base_task_runner.py:115} INFO - Job 71: Subtask process_results   ELASTICSEARCH_LOG_ID_TEMPLATE = conf.get('elasticsearch', 'LOG_ID_TEMPLATE')
[2020-01-08 17:33:26,315] {base_task_runner.py:115} INFO - Job 71: Subtask process_results /usr/local/lib/python3.7/site-packages/airflow/config_templates/airflow_local_settings.py:69: DeprecationWarning: The elasticsearch_end_of_log_mark option in [elasticsearch] has been renamed to end_of_log_mark - the old setting has been used, but please update your config.
[2020-01-08 17:33:26,315] {base_task_runner.py:115} INFO - Job 71: Subtask process_results   ELASTICSEARCH_END_OF_LOG_MARK = conf.get('elasticsearch', 'END_OF_LOG_MARK')
[2020-01-08 17:33:26,548] {base_task_runner.py:115} INFO - Job 71: Subtask process_results [2020-01-08 17:33:26,547] {settings.py:252} INFO - settings.configure_orm(): Using pool settings. pool_size=5, max_overflow=10, pool_recycle=1800, pid=498
[2020-01-08 17:33:27,908] {base_task_runner.py:115} INFO - Job 71: Subtask process_results [2020-01-08 17:33:27,907] {__init__.py:51} INFO - Using executor CeleryExecutor
[2020-01-08 17:33:27,909] {base_task_runner.py:115} INFO - Job 71: Subtask process_results [2020-01-08 17:33:27,908] {dagbag.py:92} INFO - Filling up the DagBag from /usr/local/airflow/dags/trigger_dag.py
[2020-01-08 17:33:28,243] {base_task_runner.py:115} INFO - Job 71: Subtask process_results [2020-01-08 17:33:28,239] {cli.py:545} INFO - Running <TaskInstance: trigger_dag.process_results.finished_timestamp 2020-01-07T00:00:00+00:00 [queued]> on host 4c15a692b677
[2020-01-08 17:33:30,907] {logging_mixin.py:112} INFO - [2020-01-08 17:33:30,903] {local_task_job.py:124} WARNING - Time since last heartbeat(0.08 s) < heartrate(5.0 s), sleeping for 4.923109 s
[2020-01-08 17:33:35,965] {logging_mixin.py:112} INFO - [2020-01-08 17:33:35,965] {local_task_job.py:124} WARNING - Time since last heartbeat(0.05 s) < heartrate(5.0 s), sleeping for 4.949452 s
[2020-01-08 17:33:39,052] {logging_mixin.py:112} INFO - [2020-01-08 17:33:39,051] {dagrun.py:317} INFO - Marking run <DagRun trigger_dag.process_results @ 2020-01-07 00:00:00+00:00: backfill_2020-01-07T00:00:00+00:00, externally triggered: False> successful
[2020-01-08 17:33:39,070] {logging_mixin.py:112} INFO - [2020-01-08 17:33:39,070] {backfill_job.py:363} INFO - [backfill progress] | finished run 1 of 1 | tasks waiting: 0 | succeeded: 4 | running: 0 | failed: 0 | skipped: 0 | deadlocked: 0 | not ready: 0
[2020-01-08 17:33:39,074] {logging_mixin.py:112} INFO - [2020-01-08 17:33:39,072] {backfill_job.py:795} INFO - Backfill done. Exiting.
[2020-01-08 17:33:40,921] {logging_mixin.py:112} INFO - [2020-01-08 17:33:40,920] {local_task_job.py:103} INFO - Task exited with return code 0
