[2020-01-09 16:13:44,975] {taskinstance.py:630} INFO - Dependencies all met for <TaskInstance: trigger_dag.process_results.print_result 2020-01-09T16:10:41.998875+00:00 [queued]>
[2020-01-09 16:13:45,154] {taskinstance.py:630} INFO - Dependencies all met for <TaskInstance: trigger_dag.process_results.print_result 2020-01-09T16:10:41.998875+00:00 [queued]>
[2020-01-09 16:13:45,154] {taskinstance.py:841} INFO - 
--------------------------------------------------------------------------------
[2020-01-09 16:13:45,155] {taskinstance.py:842} INFO - Starting attempt 1 of 1
[2020-01-09 16:13:45,155] {taskinstance.py:843} INFO - 
--------------------------------------------------------------------------------
[2020-01-09 16:13:45,226] {taskinstance.py:862} INFO - Executing <Task(PythonOperator): print_result> on 2020-01-09T16:10:41.998875+00:00
[2020-01-09 16:13:45,228] {base_task_runner.py:133} INFO - Running: ['airflow', 'run', 'trigger_dag.process_results', 'print_result', '2020-01-09T16:10:41.998875+00:00', '--job_id', '126', '--pool', 'default_pool', '--raw', '-sd', 'DAGS_FOLDER/trigger_dag.py', '--cfg_path', '/tmp/tmp012ctdqs']
[2020-01-09 16:13:47,039] {base_task_runner.py:115} INFO - Job 126: Subtask print_result /usr/local/lib/python3.7/site-packages/airflow/configuration.py:226: FutureWarning: The task_runner setting in [core] has the old default value of 'BashTaskRunner'. This value has been changed to 'StandardTaskRunner' in the running config, but please update your config before Apache Airflow 2.0.
[2020-01-09 16:13:47,045] {base_task_runner.py:115} INFO - Job 126: Subtask print_result   FutureWarning
[2020-01-09 16:13:47,046] {base_task_runner.py:115} INFO - Job 126: Subtask print_result /usr/local/lib/python3.7/site-packages/airflow/config_templates/airflow_local_settings.py:65: DeprecationWarning: The elasticsearch_host option in [elasticsearch] has been renamed to host - the old setting has been used, but please update your config.
[2020-01-09 16:13:47,047] {base_task_runner.py:115} INFO - Job 126: Subtask print_result   ELASTICSEARCH_HOST = conf.get('elasticsearch', 'HOST')
[2020-01-09 16:13:47,049] {base_task_runner.py:115} INFO - Job 126: Subtask print_result /usr/local/lib/python3.7/site-packages/airflow/config_templates/airflow_local_settings.py:67: DeprecationWarning: The elasticsearch_log_id_template option in [elasticsearch] has been renamed to log_id_template - the old setting has been used, but please update your config.
[2020-01-09 16:13:47,050] {base_task_runner.py:115} INFO - Job 126: Subtask print_result   ELASTICSEARCH_LOG_ID_TEMPLATE = conf.get('elasticsearch', 'LOG_ID_TEMPLATE')
[2020-01-09 16:13:47,051] {base_task_runner.py:115} INFO - Job 126: Subtask print_result /usr/local/lib/python3.7/site-packages/airflow/config_templates/airflow_local_settings.py:69: DeprecationWarning: The elasticsearch_end_of_log_mark option in [elasticsearch] has been renamed to end_of_log_mark - the old setting has been used, but please update your config.
[2020-01-09 16:13:47,052] {base_task_runner.py:115} INFO - Job 126: Subtask print_result   ELASTICSEARCH_END_OF_LOG_MARK = conf.get('elasticsearch', 'END_OF_LOG_MARK')
[2020-01-09 16:13:47,391] {base_task_runner.py:115} INFO - Job 126: Subtask print_result [2020-01-09 16:13:47,391] {settings.py:252} INFO - settings.configure_orm(): Using pool settings. pool_size=5, max_overflow=10, pool_recycle=1800, pid=188
[2020-01-09 16:13:48,523] {base_task_runner.py:115} INFO - Job 126: Subtask print_result [2020-01-09 16:13:48,522] {__init__.py:51} INFO - Using executor CeleryExecutor
[2020-01-09 16:13:48,524] {base_task_runner.py:115} INFO - Job 126: Subtask print_result [2020-01-09 16:13:48,523] {dagbag.py:92} INFO - Filling up the DagBag from /usr/local/airflow/dags/trigger_dag.py
[2020-01-09 16:13:48,819] {base_task_runner.py:115} INFO - Job 126: Subtask print_result [2020-01-09 16:13:48,818] {cli.py:545} INFO - Running <TaskInstance: trigger_dag.process_results.print_result 2020-01-09T16:10:41.998875+00:00 [running]> on host 68423a1cda8f
[2020-01-09 16:13:48,991] {python_operator.py:105} INFO - Exporting the following env vars:
AIRFLOW_CTX_DAG_ID=trigger_dag.process_results
AIRFLOW_CTX_TASK_ID=print_result
AIRFLOW_CTX_EXECUTION_DATE=2020-01-09T16:10:41.998875+00:00
AIRFLOW_CTX_DAG_RUN_ID=backfill_2020-01-09T16:10:41.998875+00:00
[2020-01-09 16:13:49,063] {logging_mixin.py:112} INFO - [2020-01-09 16:13:49,063] {trigger_dag.py:21} INFO - 3
[2020-01-09 16:13:49,075] {logging_mixin.py:112} INFO - [2020-01-09 16:13:49,068] {trigger_dag.py:22} INFO - {'conf': <airflow.configuration.AirflowConfigParser object at 0x7f59269082d0>, 'dag': <DAG: trigger_dag.process_results>, 'ds': '2020-01-09', 'next_ds': '2020-01-10', 'next_ds_nodash': '20200110', 'prev_ds': '2020-01-08', 'prev_ds_nodash': '20200108', 'ds_nodash': '20200109', 'ts': '2020-01-09T16:10:41.998875+00:00', 'ts_nodash': '20200109T161041', 'ts_nodash_with_tz': '20200109T161041.998875+0000', 'yesterday_ds': '2020-01-08', 'yesterday_ds_nodash': '20200108', 'tomorrow_ds': '2020-01-10', 'tomorrow_ds_nodash': '20200110', 'END_DATE': '2020-01-09', 'end_date': '2020-01-09', 'dag_run': <DagRun trigger_dag.process_results @ 2020-01-09 16:10:41.998875+00:00: backfill_2020-01-09T16:10:41.998875+00:00, externally triggered: False>, 'run_id': 'backfill_2020-01-09T16:10:41.998875+00:00', 'execution_date': <Pendulum [2020-01-09T16:10:41.998875+00:00]>, 'prev_execution_date': <Pendulum [2020-01-08T16:10:41.998875+00:00]>, 'prev_execution_date_success': <Proxy at 0x7f5912a1bdc0 with factory <function TaskInstance.get_template_context.<locals>.<lambda> at 0x7f5912a57b00>>, 'prev_start_date_success': <Proxy at 0x7f5912a1bc30 with factory <function TaskInstance.get_template_context.<locals>.<lambda> at 0x7f5912a07830>>, 'next_execution_date': <Pendulum [2020-01-10T16:10:41.998875+00:00]>, 'latest_date': '2020-01-09', 'macros': <module 'airflow.macros' from '/usr/local/lib/python3.7/site-packages/airflow/macros/__init__.py'>, 'params': {}, 'tables': None, 'task': <Task(PythonOperator): print_result>, 'task_instance': <TaskInstance: trigger_dag.process_results.print_result 2020-01-09T16:10:41.998875+00:00 [running]>, 'ti': <TaskInstance: trigger_dag.process_results.print_result 2020-01-09T16:10:41.998875+00:00 [running]>, 'task_instance_key_str': 'trigger_dag.process_results__print_result__20200109', 'test_mode': False, 'var': {'value': None, 'json': None}, 'inlets': [], 'outlets': [], 'templates_dict': None}
[2020-01-09 16:13:49,077] {python_operator.py:114} INFO - Done. Returned value was: None
[2020-01-09 16:13:49,809] {logging_mixin.py:112} INFO - [2020-01-09 16:13:49,808] {local_task_job.py:124} WARNING - Time since last heartbeat(0.07 s) < heartrate(5.0 s), sleeping for 4.934922 s
[2020-01-09 16:13:54,754] {logging_mixin.py:112} INFO - [2020-01-09 16:13:54,753] {local_task_job.py:103} INFO - Task exited with return code 0
