[2020-01-08 19:16:20,054] {taskinstance.py:630} INFO - Dependencies all met for <TaskInstance: trigger_dag.check_file_exists 2020-01-08T19:16:15.069971+00:00 [queued]>
[2020-01-08 19:16:20,108] {taskinstance.py:630} INFO - Dependencies all met for <TaskInstance: trigger_dag.check_file_exists 2020-01-08T19:16:15.069971+00:00 [queued]>
[2020-01-08 19:16:20,109] {taskinstance.py:841} INFO - 
--------------------------------------------------------------------------------
[2020-01-08 19:16:20,109] {taskinstance.py:842} INFO - Starting attempt 1 of 1
[2020-01-08 19:16:20,109] {taskinstance.py:843} INFO - 
--------------------------------------------------------------------------------
[2020-01-08 19:16:20,151] {taskinstance.py:862} INFO - Executing <Task(FileSensor): check_file_exists> on 2020-01-08T19:16:15.069971+00:00
[2020-01-08 19:16:20,154] {base_task_runner.py:133} INFO - Running: ['airflow', 'run', 'trigger_dag', 'check_file_exists', '2020-01-08T19:16:15.069971+00:00', '--job_id', '95', '--pool', 'default_pool', '--raw', '-sd', 'DAGS_FOLDER/trigger_dag.py', '--cfg_path', '/tmp/tmp84spk3vk']
[2020-01-08 19:16:20,828] {base_task_runner.py:115} INFO - Job 95: Subtask check_file_exists /usr/local/lib/python3.7/site-packages/airflow/configuration.py:226: FutureWarning: The task_runner setting in [core] has the old default value of 'BashTaskRunner'. This value has been changed to 'StandardTaskRunner' in the running config, but please update your config before Apache Airflow 2.0.
[2020-01-08 19:16:20,829] {base_task_runner.py:115} INFO - Job 95: Subtask check_file_exists   FutureWarning
[2020-01-08 19:16:20,830] {base_task_runner.py:115} INFO - Job 95: Subtask check_file_exists /usr/local/lib/python3.7/site-packages/airflow/config_templates/airflow_local_settings.py:65: DeprecationWarning: The elasticsearch_host option in [elasticsearch] has been renamed to host - the old setting has been used, but please update your config.
[2020-01-08 19:16:20,830] {base_task_runner.py:115} INFO - Job 95: Subtask check_file_exists   ELASTICSEARCH_HOST = conf.get('elasticsearch', 'HOST')
[2020-01-08 19:16:20,831] {base_task_runner.py:115} INFO - Job 95: Subtask check_file_exists /usr/local/lib/python3.7/site-packages/airflow/config_templates/airflow_local_settings.py:67: DeprecationWarning: The elasticsearch_log_id_template option in [elasticsearch] has been renamed to log_id_template - the old setting has been used, but please update your config.
[2020-01-08 19:16:20,831] {base_task_runner.py:115} INFO - Job 95: Subtask check_file_exists   ELASTICSEARCH_LOG_ID_TEMPLATE = conf.get('elasticsearch', 'LOG_ID_TEMPLATE')
[2020-01-08 19:16:20,832] {base_task_runner.py:115} INFO - Job 95: Subtask check_file_exists /usr/local/lib/python3.7/site-packages/airflow/config_templates/airflow_local_settings.py:69: DeprecationWarning: The elasticsearch_end_of_log_mark option in [elasticsearch] has been renamed to end_of_log_mark - the old setting has been used, but please update your config.
[2020-01-08 19:16:20,832] {base_task_runner.py:115} INFO - Job 95: Subtask check_file_exists   ELASTICSEARCH_END_OF_LOG_MARK = conf.get('elasticsearch', 'END_OF_LOG_MARK')
[2020-01-08 19:16:20,981] {base_task_runner.py:115} INFO - Job 95: Subtask check_file_exists [2020-01-08 19:16:20,981] {settings.py:252} INFO - settings.configure_orm(): Using pool settings. pool_size=5, max_overflow=10, pool_recycle=1800, pid=1866
[2020-01-08 19:16:21,834] {base_task_runner.py:115} INFO - Job 95: Subtask check_file_exists [2020-01-08 19:16:21,833] {__init__.py:51} INFO - Using executor CeleryExecutor
[2020-01-08 19:16:21,835] {base_task_runner.py:115} INFO - Job 95: Subtask check_file_exists [2020-01-08 19:16:21,834] {dagbag.py:92} INFO - Filling up the DagBag from /usr/local/airflow/dags/trigger_dag.py
[2020-01-08 19:16:22,027] {base_task_runner.py:115} INFO - Job 95: Subtask check_file_exists [2020-01-08 19:16:22,027] {cli.py:545} INFO - Running <TaskInstance: trigger_dag.check_file_exists 2020-01-08T19:16:15.069971+00:00 [running]> on host 4c15a692b677
[2020-01-08 19:16:22,129] {file_sensor.py:60} INFO - Poking for file /usr/local/airflow/storage/input/run
[2020-01-08 19:16:25,056] {logging_mixin.py:112} INFO - [2020-01-08 19:16:25,056] {local_task_job.py:124} WARNING - Time since last heartbeat(0.05 s) < heartrate(5.0 s), sleeping for 4.94643 s
[2020-01-08 19:16:30,150] {logging_mixin.py:112} INFO - [2020-01-08 19:16:30,149] {local_task_job.py:124} WARNING - Time since last heartbeat(0.04 s) < heartrate(5.0 s), sleeping for 4.96017 s
[2020-01-08 19:16:35,261] {logging_mixin.py:112} INFO - [2020-01-08 19:16:35,261] {local_task_job.py:124} WARNING - Time since last heartbeat(0.05 s) < heartrate(5.0 s), sleeping for 4.945355 s
[2020-01-08 19:16:40,295] {logging_mixin.py:112} INFO - [2020-01-08 19:16:40,295] {local_task_job.py:124} WARNING - Time since last heartbeat(0.03 s) < heartrate(5.0 s), sleeping for 4.967233 s
[2020-01-08 19:16:42,155] {file_sensor.py:60} INFO - Poking for file /usr/local/airflow/storage/input/run
[2020-01-08 19:16:42,159] {base_sensor_operator.py:123} INFO - Success criteria met. Exiting.
[2020-01-08 19:16:45,266] {logging_mixin.py:112} INFO - [2020-01-08 19:16:45,266] {local_task_job.py:103} INFO - Task exited with return code 0
