[2020-01-08 17:38:57,696] {taskinstance.py:630} INFO - Dependencies all met for <TaskInstance: dag_id_0.check_table_exist 2020-01-08T17:38:36.564037+00:00 [queued]>
[2020-01-08 17:38:57,844] {taskinstance.py:630} INFO - Dependencies all met for <TaskInstance: dag_id_0.check_table_exist 2020-01-08T17:38:36.564037+00:00 [queued]>
[2020-01-08 17:38:57,845] {taskinstance.py:841} INFO - 
--------------------------------------------------------------------------------
[2020-01-08 17:38:57,846] {taskinstance.py:842} INFO - Starting attempt 1 of 1
[2020-01-08 17:38:57,847] {taskinstance.py:843} INFO - 
--------------------------------------------------------------------------------
[2020-01-08 17:38:57,875] {taskinstance.py:862} INFO - Executing <Task(BranchPythonOperator): check_table_exist> on 2020-01-08T17:38:36.564037+00:00
[2020-01-08 17:38:57,876] {base_task_runner.py:133} INFO - Running: ['airflow', 'run', 'dag_id_0', 'check_table_exist', '2020-01-08T17:38:36.564037+00:00', '--job_id', '77', '--pool', 'default_pool', '--raw', '-sd', 'DAGS_FOLDER/jobs_dag.py', '--cfg_path', '/tmp/tmpdjbdbrqp']
[2020-01-08 17:38:58,752] {base_task_runner.py:115} INFO - Job 77: Subtask check_table_exist /usr/local/lib/python3.7/site-packages/airflow/configuration.py:226: FutureWarning: The task_runner setting in [core] has the old default value of 'BashTaskRunner'. This value has been changed to 'StandardTaskRunner' in the running config, but please update your config before Apache Airflow 2.0.
[2020-01-08 17:38:58,753] {base_task_runner.py:115} INFO - Job 77: Subtask check_table_exist   FutureWarning
[2020-01-08 17:38:58,754] {base_task_runner.py:115} INFO - Job 77: Subtask check_table_exist /usr/local/lib/python3.7/site-packages/airflow/config_templates/airflow_local_settings.py:65: DeprecationWarning: The elasticsearch_host option in [elasticsearch] has been renamed to host - the old setting has been used, but please update your config.
[2020-01-08 17:38:58,755] {base_task_runner.py:115} INFO - Job 77: Subtask check_table_exist   ELASTICSEARCH_HOST = conf.get('elasticsearch', 'HOST')
[2020-01-08 17:38:58,756] {base_task_runner.py:115} INFO - Job 77: Subtask check_table_exist /usr/local/lib/python3.7/site-packages/airflow/config_templates/airflow_local_settings.py:67: DeprecationWarning: The elasticsearch_log_id_template option in [elasticsearch] has been renamed to log_id_template - the old setting has been used, but please update your config.
[2020-01-08 17:38:58,756] {base_task_runner.py:115} INFO - Job 77: Subtask check_table_exist   ELASTICSEARCH_LOG_ID_TEMPLATE = conf.get('elasticsearch', 'LOG_ID_TEMPLATE')
[2020-01-08 17:38:58,757] {base_task_runner.py:115} INFO - Job 77: Subtask check_table_exist /usr/local/lib/python3.7/site-packages/airflow/config_templates/airflow_local_settings.py:69: DeprecationWarning: The elasticsearch_end_of_log_mark option in [elasticsearch] has been renamed to end_of_log_mark - the old setting has been used, but please update your config.
[2020-01-08 17:38:58,758] {base_task_runner.py:115} INFO - Job 77: Subtask check_table_exist   ELASTICSEARCH_END_OF_LOG_MARK = conf.get('elasticsearch', 'END_OF_LOG_MARK')
[2020-01-08 17:38:58,884] {base_task_runner.py:115} INFO - Job 77: Subtask check_table_exist [2020-01-08 17:38:58,884] {settings.py:252} INFO - settings.configure_orm(): Using pool settings. pool_size=5, max_overflow=10, pool_recycle=1800, pid=580
[2020-01-08 17:38:59,692] {base_task_runner.py:115} INFO - Job 77: Subtask check_table_exist [2020-01-08 17:38:59,692] {__init__.py:51} INFO - Using executor CeleryExecutor
[2020-01-08 17:38:59,693] {base_task_runner.py:115} INFO - Job 77: Subtask check_table_exist [2020-01-08 17:38:59,692] {dagbag.py:92} INFO - Filling up the DagBag from /usr/local/airflow/dags/jobs_dag.py
[2020-01-08 17:38:59,823] {base_task_runner.py:115} INFO - Job 77: Subtask check_table_exist [2020-01-08 17:38:59,823] {cli.py:545} INFO - Running <TaskInstance: dag_id_0.check_table_exist 2020-01-08T17:38:36.564037+00:00 [running]> on host 4c15a692b677
[2020-01-08 17:38:59,891] {python_operator.py:105} INFO - Exporting the following env vars:
AIRFLOW_CTX_DAG_ID=dag_id_0
AIRFLOW_CTX_TASK_ID=check_table_exist
AIRFLOW_CTX_EXECUTION_DATE=2020-01-08T17:38:36.564037+00:00
AIRFLOW_CTX_DAG_RUN_ID=manual__2020-01-08T17:38:36.564037+00:00
[2020-01-08 17:38:59,891] {python_operator.py:114} INFO - Done. Returned value was: skip_table_creation
[2020-01-08 17:38:59,892] {skipmixin.py:78} INFO - Following branch skip_table_creation
[2020-01-08 17:38:59,924] {skipmixin.py:101} INFO - Skipping tasks ['create_table']
[2020-01-08 17:39:02,607] {logging_mixin.py:112} INFO - [2020-01-08 17:39:02,607] {local_task_job.py:124} WARNING - Time since last heartbeat(0.04 s) < heartrate(5.0 s), sleeping for 4.9585 s
[2020-01-08 17:39:07,573] {logging_mixin.py:112} INFO - [2020-01-08 17:39:07,572] {local_task_job.py:103} INFO - Task exited with return code 0
