[2020-01-08 17:40:21,477] {taskinstance.py:630} INFO - Dependencies all met for <TaskInstance: dag_id_0.check_table_exist 2020-01-08T17:38:36.564037+00:00 [queued]>
[2020-01-08 17:40:21,613] {taskinstance.py:630} INFO - Dependencies all met for <TaskInstance: dag_id_0.check_table_exist 2020-01-08T17:38:36.564037+00:00 [queued]>
[2020-01-08 17:40:21,617] {taskinstance.py:841} INFO - 
--------------------------------------------------------------------------------
[2020-01-08 17:40:21,617] {taskinstance.py:842} INFO - Starting attempt 2 of 2
[2020-01-08 17:40:21,617] {taskinstance.py:843} INFO - 
--------------------------------------------------------------------------------
[2020-01-08 17:40:21,644] {taskinstance.py:862} INFO - Executing <Task(BranchPythonOperator): check_table_exist> on 2020-01-08T17:38:36.564037+00:00
[2020-01-08 17:40:21,647] {base_task_runner.py:133} INFO - Running: ['airflow', 'run', 'dag_id_0', 'check_table_exist', '2020-01-08T17:38:36.564037+00:00', '--job_id', '82', '--pool', 'default_pool', '--raw', '-sd', 'DAGS_FOLDER/jobs_dag.py', '--cfg_path', '/tmp/tmppm6s8jbv']
[2020-01-08 17:40:22,334] {base_task_runner.py:115} INFO - Job 82: Subtask check_table_exist /usr/local/lib/python3.7/site-packages/airflow/configuration.py:226: FutureWarning: The task_runner setting in [core] has the old default value of 'BashTaskRunner'. This value has been changed to 'StandardTaskRunner' in the running config, but please update your config before Apache Airflow 2.0.
[2020-01-08 17:40:22,338] {base_task_runner.py:115} INFO - Job 82: Subtask check_table_exist   FutureWarning
[2020-01-08 17:40:22,339] {base_task_runner.py:115} INFO - Job 82: Subtask check_table_exist /usr/local/lib/python3.7/site-packages/airflow/config_templates/airflow_local_settings.py:65: DeprecationWarning: The elasticsearch_host option in [elasticsearch] has been renamed to host - the old setting has been used, but please update your config.
[2020-01-08 17:40:22,345] {base_task_runner.py:115} INFO - Job 82: Subtask check_table_exist   ELASTICSEARCH_HOST = conf.get('elasticsearch', 'HOST')
[2020-01-08 17:40:22,346] {base_task_runner.py:115} INFO - Job 82: Subtask check_table_exist /usr/local/lib/python3.7/site-packages/airflow/config_templates/airflow_local_settings.py:67: DeprecationWarning: The elasticsearch_log_id_template option in [elasticsearch] has been renamed to log_id_template - the old setting has been used, but please update your config.
[2020-01-08 17:40:22,349] {base_task_runner.py:115} INFO - Job 82: Subtask check_table_exist   ELASTICSEARCH_LOG_ID_TEMPLATE = conf.get('elasticsearch', 'LOG_ID_TEMPLATE')
[2020-01-08 17:40:22,350] {base_task_runner.py:115} INFO - Job 82: Subtask check_table_exist /usr/local/lib/python3.7/site-packages/airflow/config_templates/airflow_local_settings.py:69: DeprecationWarning: The elasticsearch_end_of_log_mark option in [elasticsearch] has been renamed to end_of_log_mark - the old setting has been used, but please update your config.
[2020-01-08 17:40:22,351] {base_task_runner.py:115} INFO - Job 82: Subtask check_table_exist   ELASTICSEARCH_END_OF_LOG_MARK = conf.get('elasticsearch', 'END_OF_LOG_MARK')
[2020-01-08 17:40:22,510] {base_task_runner.py:115} INFO - Job 82: Subtask check_table_exist [2020-01-08 17:40:22,510] {settings.py:252} INFO - settings.configure_orm(): Using pool settings. pool_size=5, max_overflow=10, pool_recycle=1800, pid=627
[2020-01-08 17:40:23,768] {base_task_runner.py:115} INFO - Job 82: Subtask check_table_exist [2020-01-08 17:40:23,766] {__init__.py:51} INFO - Using executor CeleryExecutor
[2020-01-08 17:40:23,769] {base_task_runner.py:115} INFO - Job 82: Subtask check_table_exist [2020-01-08 17:40:23,768] {dagbag.py:92} INFO - Filling up the DagBag from /usr/local/airflow/dags/jobs_dag.py
[2020-01-08 17:40:23,967] {base_task_runner.py:115} INFO - Job 82: Subtask check_table_exist [2020-01-08 17:40:23,966] {cli.py:545} INFO - Running <TaskInstance: dag_id_0.check_table_exist 2020-01-08T17:38:36.564037+00:00 [running]> on host 4c15a692b677
[2020-01-08 17:40:24,142] {python_operator.py:105} INFO - Exporting the following env vars:
AIRFLOW_CTX_DAG_ID=dag_id_0
AIRFLOW_CTX_TASK_ID=check_table_exist
AIRFLOW_CTX_EXECUTION_DATE=2020-01-08T17:38:36.564037+00:00
AIRFLOW_CTX_DAG_RUN_ID=manual__2020-01-08T17:38:36.564037+00:00
[2020-01-08 17:40:24,147] {python_operator.py:114} INFO - Done. Returned value was: skip_table_creation
[2020-01-08 17:40:24,148] {skipmixin.py:78} INFO - Following branch skip_table_creation
[2020-01-08 17:40:24,179] {skipmixin.py:101} INFO - Skipping tasks ['create_table']
[2020-01-08 17:40:26,446] {logging_mixin.py:112} INFO - [2020-01-08 17:40:26,446] {local_task_job.py:124} WARNING - Time since last heartbeat(0.08 s) < heartrate(5.0 s), sleeping for 4.924525 s
[2020-01-08 17:40:31,379] {logging_mixin.py:112} INFO - [2020-01-08 17:40:31,379] {local_task_job.py:103} INFO - Task exited with return code 0
