[2020-01-08 17:24:30,942] {taskinstance.py:630} INFO - Dependencies all met for <TaskInstance: dag_id_0.insert_new_row 2020-01-07T00:00:00+00:00 [queued]>
[2020-01-08 17:24:31,087] {taskinstance.py:630} INFO - Dependencies all met for <TaskInstance: dag_id_0.insert_new_row 2020-01-07T00:00:00+00:00 [queued]>
[2020-01-08 17:24:31,088] {taskinstance.py:841} INFO - 
--------------------------------------------------------------------------------
[2020-01-08 17:24:31,088] {taskinstance.py:842} INFO - Starting attempt 1 of 1
[2020-01-08 17:24:31,089] {taskinstance.py:843} INFO - 
--------------------------------------------------------------------------------
[2020-01-08 17:24:31,154] {taskinstance.py:862} INFO - Executing <Task(DummyOperator): insert_new_row> on 2020-01-07T00:00:00+00:00
[2020-01-08 17:24:31,155] {base_task_runner.py:133} INFO - Running: ['airflow', 'run', 'dag_id_0', 'insert_new_row', '2020-01-07T00:00:00+00:00', '--job_id', '59', '--pool', 'default_pool', '--raw', '-sd', 'DAGS_FOLDER/jobs_dag.py', '--cfg_path', '/tmp/tmpdgzdliij']
[2020-01-08 17:24:32,666] {base_task_runner.py:115} INFO - Job 59: Subtask insert_new_row /usr/local/lib/python3.7/site-packages/airflow/configuration.py:226: FutureWarning: The task_runner setting in [core] has the old default value of 'BashTaskRunner'. This value has been changed to 'StandardTaskRunner' in the running config, but please update your config before Apache Airflow 2.0.
[2020-01-08 17:24:32,669] {base_task_runner.py:115} INFO - Job 59: Subtask insert_new_row   FutureWarning
[2020-01-08 17:24:32,669] {base_task_runner.py:115} INFO - Job 59: Subtask insert_new_row /usr/local/lib/python3.7/site-packages/airflow/config_templates/airflow_local_settings.py:65: DeprecationWarning: The elasticsearch_host option in [elasticsearch] has been renamed to host - the old setting has been used, but please update your config.
[2020-01-08 17:24:32,670] {base_task_runner.py:115} INFO - Job 59: Subtask insert_new_row   ELASTICSEARCH_HOST = conf.get('elasticsearch', 'HOST')
[2020-01-08 17:24:32,670] {base_task_runner.py:115} INFO - Job 59: Subtask insert_new_row /usr/local/lib/python3.7/site-packages/airflow/config_templates/airflow_local_settings.py:67: DeprecationWarning: The elasticsearch_log_id_template option in [elasticsearch] has been renamed to log_id_template - the old setting has been used, but please update your config.
[2020-01-08 17:24:32,671] {base_task_runner.py:115} INFO - Job 59: Subtask insert_new_row   ELASTICSEARCH_LOG_ID_TEMPLATE = conf.get('elasticsearch', 'LOG_ID_TEMPLATE')
[2020-01-08 17:24:32,671] {base_task_runner.py:115} INFO - Job 59: Subtask insert_new_row /usr/local/lib/python3.7/site-packages/airflow/config_templates/airflow_local_settings.py:69: DeprecationWarning: The elasticsearch_end_of_log_mark option in [elasticsearch] has been renamed to end_of_log_mark - the old setting has been used, but please update your config.
[2020-01-08 17:24:32,672] {base_task_runner.py:115} INFO - Job 59: Subtask insert_new_row   ELASTICSEARCH_END_OF_LOG_MARK = conf.get('elasticsearch', 'END_OF_LOG_MARK')
[2020-01-08 17:24:32,863] {base_task_runner.py:115} INFO - Job 59: Subtask insert_new_row [2020-01-08 17:24:32,863] {settings.py:252} INFO - settings.configure_orm(): Using pool settings. pool_size=5, max_overflow=10, pool_recycle=1800, pid=350
[2020-01-08 17:24:34,070] {base_task_runner.py:115} INFO - Job 59: Subtask insert_new_row [2020-01-08 17:24:34,070] {__init__.py:51} INFO - Using executor CeleryExecutor
[2020-01-08 17:24:34,071] {base_task_runner.py:115} INFO - Job 59: Subtask insert_new_row [2020-01-08 17:24:34,070] {dagbag.py:92} INFO - Filling up the DagBag from /usr/local/airflow/dags/jobs_dag.py
[2020-01-08 17:24:34,274] {base_task_runner.py:115} INFO - Job 59: Subtask insert_new_row [2020-01-08 17:24:34,274] {cli.py:545} INFO - Running <TaskInstance: dag_id_0.insert_new_row 2020-01-07T00:00:00+00:00 [running]> on host 4c15a692b677
[2020-01-08 17:24:35,792] {logging_mixin.py:112} INFO - [2020-01-08 17:24:35,791] {local_task_job.py:124} WARNING - Time since last heartbeat(0.04 s) < heartrate(5.0 s), sleeping for 4.955322 s
[2020-01-08 17:24:40,753] {logging_mixin.py:112} INFO - [2020-01-08 17:24:40,752] {local_task_job.py:103} INFO - Task exited with return code 0
