[2020-01-08 17:39:13,488] {taskinstance.py:630} INFO - Dependencies all met for <TaskInstance: dag_id_0.insert_new_row 2020-01-08T17:38:36.564037+00:00 [queued]>
[2020-01-08 17:39:13,568] {taskinstance.py:630} INFO - Dependencies all met for <TaskInstance: dag_id_0.insert_new_row 2020-01-08T17:38:36.564037+00:00 [queued]>
[2020-01-08 17:39:13,570] {taskinstance.py:841} INFO - 
--------------------------------------------------------------------------------
[2020-01-08 17:39:13,571] {taskinstance.py:842} INFO - Starting attempt 1 of 1
[2020-01-08 17:39:13,572] {taskinstance.py:843} INFO - 
--------------------------------------------------------------------------------
[2020-01-08 17:39:13,642] {taskinstance.py:862} INFO - Executing <Task(DummyOperator): insert_new_row> on 2020-01-08T17:38:36.564037+00:00
[2020-01-08 17:39:13,645] {base_task_runner.py:133} INFO - Running: ['airflow', 'run', 'dag_id_0', 'insert_new_row', '2020-01-08T17:38:36.564037+00:00', '--job_id', '79', '--pool', 'default_pool', '--raw', '-sd', 'DAGS_FOLDER/jobs_dag.py', '--cfg_path', '/tmp/tmpr6is3wbf']
[2020-01-08 17:39:14,218] {base_task_runner.py:115} INFO - Job 79: Subtask insert_new_row /usr/local/lib/python3.7/site-packages/airflow/configuration.py:226: FutureWarning: The task_runner setting in [core] has the old default value of 'BashTaskRunner'. This value has been changed to 'StandardTaskRunner' in the running config, but please update your config before Apache Airflow 2.0.
[2020-01-08 17:39:14,219] {base_task_runner.py:115} INFO - Job 79: Subtask insert_new_row   FutureWarning
[2020-01-08 17:39:14,220] {base_task_runner.py:115} INFO - Job 79: Subtask insert_new_row /usr/local/lib/python3.7/site-packages/airflow/config_templates/airflow_local_settings.py:65: DeprecationWarning: The elasticsearch_host option in [elasticsearch] has been renamed to host - the old setting has been used, but please update your config.
[2020-01-08 17:39:14,221] {base_task_runner.py:115} INFO - Job 79: Subtask insert_new_row   ELASTICSEARCH_HOST = conf.get('elasticsearch', 'HOST')
[2020-01-08 17:39:14,221] {base_task_runner.py:115} INFO - Job 79: Subtask insert_new_row /usr/local/lib/python3.7/site-packages/airflow/config_templates/airflow_local_settings.py:67: DeprecationWarning: The elasticsearch_log_id_template option in [elasticsearch] has been renamed to log_id_template - the old setting has been used, but please update your config.
[2020-01-08 17:39:14,222] {base_task_runner.py:115} INFO - Job 79: Subtask insert_new_row   ELASTICSEARCH_LOG_ID_TEMPLATE = conf.get('elasticsearch', 'LOG_ID_TEMPLATE')
[2020-01-08 17:39:14,222] {base_task_runner.py:115} INFO - Job 79: Subtask insert_new_row /usr/local/lib/python3.7/site-packages/airflow/config_templates/airflow_local_settings.py:69: DeprecationWarning: The elasticsearch_end_of_log_mark option in [elasticsearch] has been renamed to end_of_log_mark - the old setting has been used, but please update your config.
[2020-01-08 17:39:14,222] {base_task_runner.py:115} INFO - Job 79: Subtask insert_new_row   ELASTICSEARCH_END_OF_LOG_MARK = conf.get('elasticsearch', 'END_OF_LOG_MARK')
[2020-01-08 17:39:14,446] {base_task_runner.py:115} INFO - Job 79: Subtask insert_new_row [2020-01-08 17:39:14,446] {settings.py:252} INFO - settings.configure_orm(): Using pool settings. pool_size=5, max_overflow=10, pool_recycle=1800, pid=535
[2020-01-08 17:39:15,300] {base_task_runner.py:115} INFO - Job 79: Subtask insert_new_row [2020-01-08 17:39:15,299] {__init__.py:51} INFO - Using executor CeleryExecutor
[2020-01-08 17:39:15,304] {base_task_runner.py:115} INFO - Job 79: Subtask insert_new_row [2020-01-08 17:39:15,300] {dagbag.py:92} INFO - Filling up the DagBag from /usr/local/airflow/dags/jobs_dag.py
[2020-01-08 17:39:15,500] {base_task_runner.py:115} INFO - Job 79: Subtask insert_new_row [2020-01-08 17:39:15,499] {cli.py:545} INFO - Running <TaskInstance: dag_id_0.insert_new_row 2020-01-08T17:38:36.564037+00:00 [running]> on host 125293df2c01
[2020-01-08 17:39:18,429] {logging_mixin.py:112} INFO - [2020-01-08 17:39:18,429] {local_task_job.py:124} WARNING - Time since last heartbeat(0.04 s) < heartrate(5.0 s), sleeping for 4.956503 s
[2020-01-08 17:39:23,390] {logging_mixin.py:112} INFO - [2020-01-08 17:39:23,389] {local_task_job.py:103} INFO - Task exited with return code 0
