[2020-01-08 17:40:36,240] {taskinstance.py:630} INFO - Dependencies all met for <TaskInstance: dag_id_0.insert_new_row 2020-01-08T17:38:36.564037+00:00 [queued]>
[2020-01-08 17:40:36,391] {taskinstance.py:630} INFO - Dependencies all met for <TaskInstance: dag_id_0.insert_new_row 2020-01-08T17:38:36.564037+00:00 [queued]>
[2020-01-08 17:40:36,392] {taskinstance.py:841} INFO - 
--------------------------------------------------------------------------------
[2020-01-08 17:40:36,393] {taskinstance.py:842} INFO - Starting attempt 2 of 2
[2020-01-08 17:40:36,394] {taskinstance.py:843} INFO - 
--------------------------------------------------------------------------------
[2020-01-08 17:40:36,438] {taskinstance.py:862} INFO - Executing <Task(DummyOperator): insert_new_row> on 2020-01-08T17:38:36.564037+00:00
[2020-01-08 17:40:36,440] {base_task_runner.py:133} INFO - Running: ['airflow', 'run', 'dag_id_0', 'insert_new_row', '2020-01-08T17:38:36.564037+00:00', '--job_id', '84', '--pool', 'default_pool', '--raw', '-sd', 'DAGS_FOLDER/jobs_dag.py', '--cfg_path', '/tmp/tmpgdb2bqu9']
[2020-01-08 17:40:37,648] {base_task_runner.py:115} INFO - Job 84: Subtask insert_new_row /usr/local/lib/python3.7/site-packages/airflow/configuration.py:226: FutureWarning: The task_runner setting in [core] has the old default value of 'BashTaskRunner'. This value has been changed to 'StandardTaskRunner' in the running config, but please update your config before Apache Airflow 2.0.
[2020-01-08 17:40:37,648] {base_task_runner.py:115} INFO - Job 84: Subtask insert_new_row   FutureWarning
[2020-01-08 17:40:37,649] {base_task_runner.py:115} INFO - Job 84: Subtask insert_new_row /usr/local/lib/python3.7/site-packages/airflow/config_templates/airflow_local_settings.py:65: DeprecationWarning: The elasticsearch_host option in [elasticsearch] has been renamed to host - the old setting has been used, but please update your config.
[2020-01-08 17:40:37,650] {base_task_runner.py:115} INFO - Job 84: Subtask insert_new_row   ELASTICSEARCH_HOST = conf.get('elasticsearch', 'HOST')
[2020-01-08 17:40:37,650] {base_task_runner.py:115} INFO - Job 84: Subtask insert_new_row /usr/local/lib/python3.7/site-packages/airflow/config_templates/airflow_local_settings.py:67: DeprecationWarning: The elasticsearch_log_id_template option in [elasticsearch] has been renamed to log_id_template - the old setting has been used, but please update your config.
[2020-01-08 17:40:37,651] {base_task_runner.py:115} INFO - Job 84: Subtask insert_new_row   ELASTICSEARCH_LOG_ID_TEMPLATE = conf.get('elasticsearch', 'LOG_ID_TEMPLATE')
[2020-01-08 17:40:37,651] {base_task_runner.py:115} INFO - Job 84: Subtask insert_new_row /usr/local/lib/python3.7/site-packages/airflow/config_templates/airflow_local_settings.py:69: DeprecationWarning: The elasticsearch_end_of_log_mark option in [elasticsearch] has been renamed to end_of_log_mark - the old setting has been used, but please update your config.
[2020-01-08 17:40:37,652] {base_task_runner.py:115} INFO - Job 84: Subtask insert_new_row   ELASTICSEARCH_END_OF_LOG_MARK = conf.get('elasticsearch', 'END_OF_LOG_MARK')
[2020-01-08 17:40:37,790] {base_task_runner.py:115} INFO - Job 84: Subtask insert_new_row [2020-01-08 17:40:37,789] {settings.py:252} INFO - settings.configure_orm(): Using pool settings. pool_size=5, max_overflow=10, pool_recycle=1800, pid=563
[2020-01-08 17:40:38,544] {base_task_runner.py:115} INFO - Job 84: Subtask insert_new_row [2020-01-08 17:40:38,543] {__init__.py:51} INFO - Using executor CeleryExecutor
[2020-01-08 17:40:38,546] {base_task_runner.py:115} INFO - Job 84: Subtask insert_new_row [2020-01-08 17:40:38,544] {dagbag.py:92} INFO - Filling up the DagBag from /usr/local/airflow/dags/jobs_dag.py
[2020-01-08 17:40:38,744] {base_task_runner.py:115} INFO - Job 84: Subtask insert_new_row [2020-01-08 17:40:38,743] {cli.py:545} INFO - Running <TaskInstance: dag_id_0.insert_new_row 2020-01-08T17:38:36.564037+00:00 [running]> on host 125293df2c01
[2020-01-08 17:40:41,280] {logging_mixin.py:112} INFO - [2020-01-08 17:40:41,280] {local_task_job.py:124} WARNING - Time since last heartbeat(0.09 s) < heartrate(5.0 s), sleeping for 4.911285 s
[2020-01-08 17:40:46,166] {logging_mixin.py:112} INFO - [2020-01-08 17:40:46,165] {local_task_job.py:103} INFO - Task exited with return code 0
