[2020-01-09 16:13:10,383] {taskinstance.py:630} INFO - Dependencies all met for <TaskInstance: dag_id_0.query_the_table 2020-01-09T16:10:41.998875+00:00 [queued]>
[2020-01-09 16:13:10,510] {taskinstance.py:630} INFO - Dependencies all met for <TaskInstance: dag_id_0.query_the_table 2020-01-09T16:10:41.998875+00:00 [queued]>
[2020-01-09 16:13:10,510] {taskinstance.py:841} INFO - 
--------------------------------------------------------------------------------
[2020-01-09 16:13:10,511] {taskinstance.py:842} INFO - Starting attempt 1 of 1
[2020-01-09 16:13:10,511] {taskinstance.py:843} INFO - 
--------------------------------------------------------------------------------
[2020-01-09 16:13:10,582] {taskinstance.py:862} INFO - Executing <Task(PostgreSQLCountRowsOperator): query_the_table> on 2020-01-09T16:10:41.998875+00:00
[2020-01-09 16:13:10,584] {base_task_runner.py:133} INFO - Running: ['airflow', 'run', 'dag_id_0', 'query_the_table', '2020-01-09T16:10:41.998875+00:00', '--job_id', '124', '--pool', 'default_pool', '--raw', '-sd', 'DAGS_FOLDER/jobs_dag.py', '--cfg_path', '/tmp/tmpin0znnzn']
[2020-01-09 16:13:11,958] {base_task_runner.py:115} INFO - Job 124: Subtask query_the_table /usr/local/lib/python3.7/site-packages/airflow/configuration.py:226: FutureWarning: The task_runner setting in [core] has the old default value of 'BashTaskRunner'. This value has been changed to 'StandardTaskRunner' in the running config, but please update your config before Apache Airflow 2.0.
[2020-01-09 16:13:11,959] {base_task_runner.py:115} INFO - Job 124: Subtask query_the_table   FutureWarning
[2020-01-09 16:13:11,959] {base_task_runner.py:115} INFO - Job 124: Subtask query_the_table /usr/local/lib/python3.7/site-packages/airflow/config_templates/airflow_local_settings.py:65: DeprecationWarning: The elasticsearch_host option in [elasticsearch] has been renamed to host - the old setting has been used, but please update your config.
[2020-01-09 16:13:11,959] {base_task_runner.py:115} INFO - Job 124: Subtask query_the_table   ELASTICSEARCH_HOST = conf.get('elasticsearch', 'HOST')
[2020-01-09 16:13:11,960] {base_task_runner.py:115} INFO - Job 124: Subtask query_the_table /usr/local/lib/python3.7/site-packages/airflow/config_templates/airflow_local_settings.py:67: DeprecationWarning: The elasticsearch_log_id_template option in [elasticsearch] has been renamed to log_id_template - the old setting has been used, but please update your config.
[2020-01-09 16:13:11,961] {base_task_runner.py:115} INFO - Job 124: Subtask query_the_table   ELASTICSEARCH_LOG_ID_TEMPLATE = conf.get('elasticsearch', 'LOG_ID_TEMPLATE')
[2020-01-09 16:13:11,961] {base_task_runner.py:115} INFO - Job 124: Subtask query_the_table /usr/local/lib/python3.7/site-packages/airflow/config_templates/airflow_local_settings.py:69: DeprecationWarning: The elasticsearch_end_of_log_mark option in [elasticsearch] has been renamed to end_of_log_mark - the old setting has been used, but please update your config.
[2020-01-09 16:13:11,962] {base_task_runner.py:115} INFO - Job 124: Subtask query_the_table   ELASTICSEARCH_END_OF_LOG_MARK = conf.get('elasticsearch', 'END_OF_LOG_MARK')
[2020-01-09 16:13:12,085] {base_task_runner.py:115} INFO - Job 124: Subtask query_the_table [2020-01-09 16:13:12,085] {settings.py:252} INFO - settings.configure_orm(): Using pool settings. pool_size=5, max_overflow=10, pool_recycle=1800, pid=140
[2020-01-09 16:13:13,885] {base_task_runner.py:115} INFO - Job 124: Subtask query_the_table [2020-01-09 16:13:13,884] {__init__.py:51} INFO - Using executor CeleryExecutor
[2020-01-09 16:13:13,888] {base_task_runner.py:115} INFO - Job 124: Subtask query_the_table [2020-01-09 16:13:13,886] {dagbag.py:92} INFO - Filling up the DagBag from /usr/local/airflow/dags/jobs_dag.py
[2020-01-09 16:13:14,088] {base_task_runner.py:115} INFO - Job 124: Subtask query_the_table [2020-01-09 16:13:14,088] {cli.py:545} INFO - Running <TaskInstance: dag_id_0.query_the_table 2020-01-09T16:10:41.998875+00:00 [running]> on host cf8b4dbca29e
[2020-01-09 16:13:14,320] {logging_mixin.py:112} INFO - [2020-01-09 16:13:14,319] {base_hook.py:84} INFO - Using connection to: id: postgres_default. Host: postgres, Port: 5432, Schema: airflow, Login: airflow, Password: XXXXXXXX, extra: {}
[2020-01-09 16:13:14,461] {logging_mixin.py:112} INFO - [2020-01-09 16:13:14,461] {plugin.py:24} INFO - Result: 3
[2020-01-09 16:13:15,350] {logging_mixin.py:112} INFO - [2020-01-09 16:13:15,350] {local_task_job.py:124} WARNING - Time since last heartbeat(0.13 s) < heartrate(5.0 s), sleeping for 4.865249 s
[2020-01-09 16:13:20,219] {logging_mixin.py:112} INFO - [2020-01-09 16:13:20,218] {local_task_job.py:103} INFO - Task exited with return code 0
