[2020-01-08 17:23:32,315] {taskinstance.py:630} INFO - Dependencies all met for <TaskInstance: trigger_dag.trigger_dags 2020-01-07T00:00:00+00:00 [queued]>
[2020-01-08 17:23:32,462] {taskinstance.py:630} INFO - Dependencies all met for <TaskInstance: trigger_dag.trigger_dags 2020-01-07T00:00:00+00:00 [queued]>
[2020-01-08 17:23:32,463] {taskinstance.py:841} INFO - 
--------------------------------------------------------------------------------
[2020-01-08 17:23:32,464] {taskinstance.py:842} INFO - Starting attempt 1 of 1
[2020-01-08 17:23:32,464] {taskinstance.py:843} INFO - 
--------------------------------------------------------------------------------
[2020-01-08 17:23:32,483] {taskinstance.py:862} INFO - Executing <Task(TriggerDagRunOperator): trigger_dags> on 2020-01-07T00:00:00+00:00
[2020-01-08 17:23:32,484] {base_task_runner.py:133} INFO - Running: ['airflow', 'run', 'trigger_dag', 'trigger_dags', '2020-01-07T00:00:00+00:00', '--job_id', '51', '--pool', 'default_pool', '--raw', '-sd', 'DAGS_FOLDER/trigger_dag.py', '--cfg_path', '/tmp/tmprezc5f_g']
[2020-01-08 17:23:33,949] {base_task_runner.py:115} INFO - Job 51: Subtask trigger_dags /usr/local/lib/python3.7/site-packages/airflow/configuration.py:226: FutureWarning: The task_runner setting in [core] has the old default value of 'BashTaskRunner'. This value has been changed to 'StandardTaskRunner' in the running config, but please update your config before Apache Airflow 2.0.
[2020-01-08 17:23:33,956] {base_task_runner.py:115} INFO - Job 51: Subtask trigger_dags   FutureWarning
[2020-01-08 17:23:33,957] {base_task_runner.py:115} INFO - Job 51: Subtask trigger_dags /usr/local/lib/python3.7/site-packages/airflow/config_templates/airflow_local_settings.py:65: DeprecationWarning: The elasticsearch_host option in [elasticsearch] has been renamed to host - the old setting has been used, but please update your config.
[2020-01-08 17:23:33,957] {base_task_runner.py:115} INFO - Job 51: Subtask trigger_dags   ELASTICSEARCH_HOST = conf.get('elasticsearch', 'HOST')
[2020-01-08 17:23:33,957] {base_task_runner.py:115} INFO - Job 51: Subtask trigger_dags /usr/local/lib/python3.7/site-packages/airflow/config_templates/airflow_local_settings.py:67: DeprecationWarning: The elasticsearch_log_id_template option in [elasticsearch] has been renamed to log_id_template - the old setting has been used, but please update your config.
[2020-01-08 17:23:33,958] {base_task_runner.py:115} INFO - Job 51: Subtask trigger_dags   ELASTICSEARCH_LOG_ID_TEMPLATE = conf.get('elasticsearch', 'LOG_ID_TEMPLATE')
[2020-01-08 17:23:33,958] {base_task_runner.py:115} INFO - Job 51: Subtask trigger_dags /usr/local/lib/python3.7/site-packages/airflow/config_templates/airflow_local_settings.py:69: DeprecationWarning: The elasticsearch_end_of_log_mark option in [elasticsearch] has been renamed to end_of_log_mark - the old setting has been used, but please update your config.
[2020-01-08 17:23:33,959] {base_task_runner.py:115} INFO - Job 51: Subtask trigger_dags   ELASTICSEARCH_END_OF_LOG_MARK = conf.get('elasticsearch', 'END_OF_LOG_MARK')
[2020-01-08 17:23:34,157] {base_task_runner.py:115} INFO - Job 51: Subtask trigger_dags [2020-01-08 17:23:34,156] {settings.py:252} INFO - settings.configure_orm(): Using pool settings. pool_size=5, max_overflow=10, pool_recycle=1800, pid=294
[2020-01-08 17:23:35,065] {base_task_runner.py:115} INFO - Job 51: Subtask trigger_dags [2020-01-08 17:23:35,064] {__init__.py:51} INFO - Using executor CeleryExecutor
[2020-01-08 17:23:35,066] {base_task_runner.py:115} INFO - Job 51: Subtask trigger_dags [2020-01-08 17:23:35,065] {dagbag.py:92} INFO - Filling up the DagBag from /usr/local/airflow/dags/trigger_dag.py
[2020-01-08 17:23:35,284] {base_task_runner.py:115} INFO - Job 51: Subtask trigger_dags [2020-01-08 17:23:35,284] {cli.py:545} INFO - Running <TaskInstance: trigger_dag.trigger_dags 2020-01-07T00:00:00+00:00 [running]> on host 125293df2c01
[2020-01-08 17:23:35,518] {logging_mixin.py:112} INFO - [2020-01-08 17:23:35,518] {dagbag.py:92} INFO - Filling up the DagBag from /usr/local/airflow/dags/jobs_dag.py
[2020-01-08 17:23:37,290] {logging_mixin.py:112} INFO - [2020-01-08 17:23:37,290] {local_task_job.py:124} WARNING - Time since last heartbeat(0.06 s) < heartrate(5.0 s), sleeping for 4.940052 s
[2020-01-08 17:23:42,236] {logging_mixin.py:112} INFO - [2020-01-08 17:23:42,235] {local_task_job.py:103} INFO - Task exited with return code 0
