[2020-01-08 19:17:27,812] {taskinstance.py:630} INFO - Dependencies all met for <TaskInstance: dag_id_0.skip_table_creation 2020-01-08T19:16:15.069971+00:00 [queued]>
[2020-01-08 19:17:27,947] {taskinstance.py:630} INFO - Dependencies all met for <TaskInstance: dag_id_0.skip_table_creation 2020-01-08T19:16:15.069971+00:00 [queued]>
[2020-01-08 19:17:27,947] {taskinstance.py:841} INFO - 
--------------------------------------------------------------------------------
[2020-01-08 19:17:27,948] {taskinstance.py:842} INFO - Starting attempt 1 of 1
[2020-01-08 19:17:27,948] {taskinstance.py:843} INFO - 
--------------------------------------------------------------------------------
[2020-01-08 19:17:27,971] {taskinstance.py:862} INFO - Executing <Task(DummyOperator): skip_table_creation> on 2020-01-08T19:16:15.069971+00:00
[2020-01-08 19:17:27,971] {base_task_runner.py:133} INFO - Running: ['airflow', 'run', 'dag_id_0', 'skip_table_creation', '2020-01-08T19:16:15.069971+00:00', '--job_id', '103', '--pool', 'default_pool', '--raw', '-sd', 'DAGS_FOLDER/jobs_dag.py', '--cfg_path', '/tmp/tmp6ocbz30q']
[2020-01-08 19:17:28,950] {base_task_runner.py:115} INFO - Job 103: Subtask skip_table_creation /usr/local/lib/python3.7/site-packages/airflow/configuration.py:226: FutureWarning: The task_runner setting in [core] has the old default value of 'BashTaskRunner'. This value has been changed to 'StandardTaskRunner' in the running config, but please update your config before Apache Airflow 2.0.
[2020-01-08 19:17:28,950] {base_task_runner.py:115} INFO - Job 103: Subtask skip_table_creation   FutureWarning
[2020-01-08 19:17:28,951] {base_task_runner.py:115} INFO - Job 103: Subtask skip_table_creation /usr/local/lib/python3.7/site-packages/airflow/config_templates/airflow_local_settings.py:65: DeprecationWarning: The elasticsearch_host option in [elasticsearch] has been renamed to host - the old setting has been used, but please update your config.
[2020-01-08 19:17:28,951] {base_task_runner.py:115} INFO - Job 103: Subtask skip_table_creation   ELASTICSEARCH_HOST = conf.get('elasticsearch', 'HOST')
[2020-01-08 19:17:28,951] {base_task_runner.py:115} INFO - Job 103: Subtask skip_table_creation /usr/local/lib/python3.7/site-packages/airflow/config_templates/airflow_local_settings.py:67: DeprecationWarning: The elasticsearch_log_id_template option in [elasticsearch] has been renamed to log_id_template - the old setting has been used, but please update your config.
[2020-01-08 19:17:28,952] {base_task_runner.py:115} INFO - Job 103: Subtask skip_table_creation   ELASTICSEARCH_LOG_ID_TEMPLATE = conf.get('elasticsearch', 'LOG_ID_TEMPLATE')
[2020-01-08 19:17:28,952] {base_task_runner.py:115} INFO - Job 103: Subtask skip_table_creation /usr/local/lib/python3.7/site-packages/airflow/config_templates/airflow_local_settings.py:69: DeprecationWarning: The elasticsearch_end_of_log_mark option in [elasticsearch] has been renamed to end_of_log_mark - the old setting has been used, but please update your config.
[2020-01-08 19:17:28,953] {base_task_runner.py:115} INFO - Job 103: Subtask skip_table_creation   ELASTICSEARCH_END_OF_LOG_MARK = conf.get('elasticsearch', 'END_OF_LOG_MARK')
[2020-01-08 19:17:29,094] {base_task_runner.py:115} INFO - Job 103: Subtask skip_table_creation [2020-01-08 19:17:29,094] {settings.py:252} INFO - settings.configure_orm(): Using pool settings. pool_size=5, max_overflow=10, pool_recycle=1800, pid=1805
[2020-01-08 19:17:29,820] {base_task_runner.py:115} INFO - Job 103: Subtask skip_table_creation [2020-01-08 19:17:29,819] {__init__.py:51} INFO - Using executor CeleryExecutor
[2020-01-08 19:17:29,821] {base_task_runner.py:115} INFO - Job 103: Subtask skip_table_creation [2020-01-08 19:17:29,820] {dagbag.py:92} INFO - Filling up the DagBag from /usr/local/airflow/dags/jobs_dag.py
[2020-01-08 19:17:30,068] {base_task_runner.py:115} INFO - Job 103: Subtask skip_table_creation [2020-01-08 19:17:30,067] {cli.py:545} INFO - Running <TaskInstance: dag_id_0.skip_table_creation 2020-01-08T19:16:15.069971+00:00 [running]> on host 125293df2c01
[2020-01-08 19:17:32,763] {logging_mixin.py:112} INFO - [2020-01-08 19:17:32,763] {local_task_job.py:124} WARNING - Time since last heartbeat(0.05 s) < heartrate(5.0 s), sleeping for 4.94616 s
[2020-01-08 19:17:37,678] {logging_mixin.py:112} INFO - [2020-01-08 19:17:37,678] {local_task_job.py:103} INFO - Task exited with return code 0
