[2020-01-08 19:06:40,678] {taskinstance.py:630} INFO - Dependencies all met for <TaskInstance: dag_id_0.check_table_exist 2020-01-08T19:00:42.082277+00:00 [queued]>
[2020-01-08 19:06:40,831] {taskinstance.py:630} INFO - Dependencies all met for <TaskInstance: dag_id_0.check_table_exist 2020-01-08T19:00:42.082277+00:00 [queued]>
[2020-01-08 19:06:40,832] {taskinstance.py:841} INFO - 
--------------------------------------------------------------------------------
[2020-01-08 19:06:40,832] {taskinstance.py:842} INFO - Starting attempt 2 of 2
[2020-01-08 19:06:40,833] {taskinstance.py:843} INFO - 
--------------------------------------------------------------------------------
[2020-01-08 19:06:40,952] {taskinstance.py:862} INFO - Executing <Task(BranchPythonOperator): check_table_exist> on 2020-01-08T19:00:42.082277+00:00
[2020-01-08 19:06:40,955] {base_task_runner.py:133} INFO - Running: ['airflow', 'run', 'dag_id_0', 'check_table_exist', '2020-01-08T19:00:42.082277+00:00', '--job_id', '89', '--pool', 'default_pool', '--raw', '-sd', 'DAGS_FOLDER/jobs_dag.py', '--cfg_path', '/tmp/tmpflwy6_io']
[2020-01-08 19:06:42,026] {base_task_runner.py:115} INFO - Job 89: Subtask check_table_exist /usr/local/lib/python3.7/site-packages/airflow/configuration.py:226: FutureWarning: The task_runner setting in [core] has the old default value of 'BashTaskRunner'. This value has been changed to 'StandardTaskRunner' in the running config, but please update your config before Apache Airflow 2.0.
[2020-01-08 19:06:42,028] {base_task_runner.py:115} INFO - Job 89: Subtask check_table_exist   FutureWarning
[2020-01-08 19:06:42,029] {base_task_runner.py:115} INFO - Job 89: Subtask check_table_exist /usr/local/lib/python3.7/site-packages/airflow/config_templates/airflow_local_settings.py:65: DeprecationWarning: The elasticsearch_host option in [elasticsearch] has been renamed to host - the old setting has been used, but please update your config.
[2020-01-08 19:06:42,029] {base_task_runner.py:115} INFO - Job 89: Subtask check_table_exist   ELASTICSEARCH_HOST = conf.get('elasticsearch', 'HOST')
[2020-01-08 19:06:42,030] {base_task_runner.py:115} INFO - Job 89: Subtask check_table_exist /usr/local/lib/python3.7/site-packages/airflow/config_templates/airflow_local_settings.py:67: DeprecationWarning: The elasticsearch_log_id_template option in [elasticsearch] has been renamed to log_id_template - the old setting has been used, but please update your config.
[2020-01-08 19:06:42,030] {base_task_runner.py:115} INFO - Job 89: Subtask check_table_exist   ELASTICSEARCH_LOG_ID_TEMPLATE = conf.get('elasticsearch', 'LOG_ID_TEMPLATE')
[2020-01-08 19:06:42,031] {base_task_runner.py:115} INFO - Job 89: Subtask check_table_exist /usr/local/lib/python3.7/site-packages/airflow/config_templates/airflow_local_settings.py:69: DeprecationWarning: The elasticsearch_end_of_log_mark option in [elasticsearch] has been renamed to end_of_log_mark - the old setting has been used, but please update your config.
[2020-01-08 19:06:42,031] {base_task_runner.py:115} INFO - Job 89: Subtask check_table_exist   ELASTICSEARCH_END_OF_LOG_MARK = conf.get('elasticsearch', 'END_OF_LOG_MARK')
[2020-01-08 19:06:42,134] {base_task_runner.py:115} INFO - Job 89: Subtask check_table_exist [2020-01-08 19:06:42,133] {settings.py:252} INFO - settings.configure_orm(): Using pool settings. pool_size=5, max_overflow=10, pool_recycle=1800, pid=1678
[2020-01-08 19:06:42,982] {base_task_runner.py:115} INFO - Job 89: Subtask check_table_exist [2020-01-08 19:06:42,982] {__init__.py:51} INFO - Using executor CeleryExecutor
[2020-01-08 19:06:42,983] {base_task_runner.py:115} INFO - Job 89: Subtask check_table_exist [2020-01-08 19:06:42,982] {dagbag.py:92} INFO - Filling up the DagBag from /usr/local/airflow/dags/jobs_dag.py
[2020-01-08 19:06:43,150] {base_task_runner.py:115} INFO - Job 89: Subtask check_table_exist [2020-01-08 19:06:43,149] {cli.py:545} INFO - Running <TaskInstance: dag_id_0.check_table_exist 2020-01-08T19:00:42.082277+00:00 [running]> on host 6667999380fe
[2020-01-08 19:06:43,251] {python_operator.py:105} INFO - Exporting the following env vars:
AIRFLOW_CTX_DAG_ID=dag_id_0
AIRFLOW_CTX_TASK_ID=check_table_exist
AIRFLOW_CTX_EXECUTION_DATE=2020-01-08T19:00:42.082277+00:00
AIRFLOW_CTX_DAG_RUN_ID=manual__2020-01-08T19:00:42.082277+00:00
[2020-01-08 19:06:43,287] {logging_mixin.py:112} INFO - [2020-01-08 19:06:43,287] {base_hook.py:84} INFO - Using connection to: id: postgres_default. Host: postgres, Port: 5432, Schema: airflow, Login: airflow, Password: XXXXXXXX, extra: {}
[2020-01-08 19:06:43,362] {logging_mixin.py:112} INFO - [2020-01-08 19:06:43,362] {jobs_dag.py:31} INFO - [('public', 'alembic_version', 'airflow', None, True, False, False, False), ('public', 'celery_taskmeta', 'airflow', None, True, False, False, False), ('public', 'celery_tasksetmeta', 'airflow', None, True, False, False, False), ('pg_catalog', 'pg_statistic', 'airflow', None, True, False, False, False), ('pg_catalog', 'pg_type', 'airflow', None, True, False, False, False), ('public', 'slot_pool', 'airflow', None, True, False, False, False), ('pg_catalog', 'pg_authid', 'airflow', 'pg_global', True, False, False, False), ('public', 'known_event_type', 'airflow', None, True, False, True, False), ('public', 'known_event', 'airflow', None, True, False, True, False), ('pg_catalog', 'pg_user_mapping', 'airflow', None, True, False, False, False), ('pg_catalog', 'pg_attribute', 'airflow', None, True, False, False, False), ('pg_catalog', 'pg_proc', 'airflow', None, True, False, False, False), ('pg_catalog', 'pg_class', 'airflow', None, True, False, False, False), ('pg_catalog', 'pg_attrdef', 'airflow', None, True, False, False, False), ('pg_catalog', 'pg_constraint', 'airflow', None, True, False, False, False), ('pg_catalog', 'pg_inherits', 'airflow', None, True, False, False, False), ('pg_catalog', 'pg_index', 'airflow', None, True, False, False, False), ('pg_catalog', 'pg_operator', 'airflow', None, True, False, False, False), ('pg_catalog', 'pg_opfamily', 'airflow', None, True, False, False, False), ('pg_catalog', 'pg_opclass', 'airflow', None, True, False, False, False), ('pg_catalog', 'pg_am', 'airflow', None, True, False, False, False), ('pg_catalog', 'pg_amop', 'airflow', None, True, False, False, False), ('pg_catalog', 'pg_amproc', 'airflow', None, True, False, False, False), ('pg_catalog', 'pg_language', 'airflow', None, True, False, False, False), ('pg_catalog', 'pg_largeobject_metadata', 'airflow', None, True, False, False, False), ('pg_catalog', 'pg_aggregate', 'airflow', None, True, False, False, False), ('pg_catalog', 'pg_rewrite', 'airflow', None, True, False, False, False), ('pg_catalog', 'pg_largeobject', 'airflow', None, True, False, False, False), ('pg_catalog', 'pg_trigger', 'airflow', None, True, False, False, False), ('pg_catalog', 'pg_event_trigger', 'airflow', None, True, False, False, False), ('pg_catalog', 'pg_description', 'airflow', None, True, False, False, False), ('pg_catalog', 'pg_cast', 'airflow', None, True, False, False, False), ('pg_catalog', 'pg_enum', 'airflow', None, True, False, False, False), ('pg_catalog', 'pg_namespace', 'airflow', None, True, False, False, False), ('pg_catalog', 'pg_conversion', 'airflow', None, True, False, False, False), ('pg_catalog', 'pg_depend', 'airflow', None, True, False, False, False), ('pg_catalog', 'pg_database', 'airflow', 'pg_global', True, False, False, False), ('pg_catalog', 'pg_db_role_setting', 'airflow', 'pg_global', True, False, False, False), ('pg_catalog', 'pg_tablespace', 'airflow', 'pg_global', True, False, False, False), ('pg_catalog', 'pg_pltemplate', 'airflow', 'pg_global', True, False, False, False), ('pg_catalog', 'pg_auth_members', 'airflow', 'pg_global', True, False, False, False), ('pg_catalog', 'pg_shdepend', 'airflow', 'pg_global', True, False, False, False), ('pg_catalog', 'pg_shdescription', 'airflow', 'pg_global', True, False, False, False), ('pg_catalog', 'pg_ts_config', 'airflow', None, True, False, False, False), ('pg_catalog', 'pg_ts_config_map', 'airflow', None, True, False, False, False), ('pg_catalog', 'pg_ts_dict', 'airflow', None, True, False, False, False), ('pg_catalog', 'pg_ts_parser', 'airflow', None, True, False, False, False), ('pg_catalog', 'pg_ts_template', 'airflow', None, True, False, False, False), ('pg_catalog', 'pg_extension', 'airflow', None, True, False, False, False), ('pg_catalog', 'pg_foreign_data_wrapper', 'airflow', None, True, False, False, False), ('pg_catalog', 'pg_foreign_server', 'airflow', None, True, False, False, False), ('pg_catalog', 'pg_foreign_table', 'airflow', None, True, False, False, False), ('pg_catalog', 'pg_policy', 'airflow', None, True, False, False, False), ('pg_catalog', 'pg_replication_origin', 'airflow', 'pg_global', True, False, False, False), ('pg_catalog', 'pg_default_acl', 'airflow', None, True, False, False, False), ('pg_catalog', 'pg_init_privs', 'airflow', None, True, False, False, False), ('pg_catalog', 'pg_seclabel', 'airflow', None, True, False, False, False), ('pg_catalog', 'pg_shseclabel', 'airflow', 'pg_global', True, False, False, False), ('pg_catalog', 'pg_collation', 'airflow', None, True, False, False, False), ('pg_catalog', 'pg_range', 'airflow', None, True, False, False, False), ('pg_catalog', 'pg_transform', 'airflow', None, True, False, False, False), ('information_schema', 'sql_features', 'airflow', None, False, False, False, False), ('information_schema', 'sql_implementation_info', 'airflow', None, False, False, False, False), ('information_schema', 'sql_languages', 'airflow', None, False, False, False, False), ('information_schema', 'sql_packages', 'airflow', None, False, False, False, False), ('information_schema', 'sql_parts', 'airflow', None, False, False, False, False), ('information_schema', 'sql_sizing', 'airflow', None, False, False, False, False), ('information_schema', 'sql_sizing_profiles', 'airflow', None, False, False, False, False), ('public', 'connection', 'airflow', None, True, False, False, False), ('public', 'variable', 'airflow', None, True, False, False, False), ('public', 'chart', 'airflow', None, True, False, True, False), ('public', 'dag_pickle', 'airflow', None, True, False, False, False), ('public', 'dag_run', 'airflow', None, True, False, False, False), ('public', 'import_error', 'airflow', None, True, False, False, False), ('public', 'job', 'airflow', None, True, False, False, False), ('public', 'log', 'airflow', None, True, False, False, False), ('public', 'sla_miss', 'airflow', None, True, False, False, False), ('public', 'task_fail', 'airflow', None, True, False, False, False), ('public', 'xcom', 'airflow', None, True, False, False, False), ('public', 'kube_resource_version', 'airflow', None, True, False, False, False), ('public', 'kube_worker_uuid', 'airflow', None, True, False, False, False), ('public', 'users', 'airflow', None, True, False, True, False), ('public', 'dag', 'airflow', None, True, False, False, False), ('public', 'task_instance', 'airflow', None, True, False, True, False), ('public', 'task_reschedule', 'airflow', None, True, False, True, False)]
[2020-01-08 19:06:43,363] {logging_mixin.py:112} INFO - [2020-01-08 19:06:43,363] {jobs_dag.py:35} INFO - public
[2020-01-08 19:06:43,402] {logging_mixin.py:112} INFO - [2020-01-08 19:06:43,402] {base_hook.py:84} INFO - Using connection to: id: postgres_default. Host: postgres, Port: 5432, Schema: airflow, Login: airflow, Password: XXXXXXXX, extra: {}
[2020-01-08 19:06:43,432] {taskinstance.py:1058} ERROR - syntax error at or near "="
LINE 1: ... FROM information_schema.tablesWHERE table_schema = 'public'...
                                                             ^
Traceback (most recent call last):
  File "/usr/local/lib/python3.7/site-packages/airflow/models/taskinstance.py", line 930, in _run_raw_task
    result = task_copy.execute(context=context)
  File "/usr/local/lib/python3.7/site-packages/airflow/operators/python_operator.py", line 141, in execute
    branch = super(BranchPythonOperator, self).execute(context)
  File "/usr/local/lib/python3.7/site-packages/airflow/operators/python_operator.py", line 113, in execute
    return_value = self.execute_callable()
  File "/usr/local/lib/python3.7/site-packages/airflow/operators/python_operator.py", line 118, in execute_callable
    return self.python_callable(*self.op_args, **self.op_kwargs)
  File "/usr/local/airflow/dags/jobs_dag.py", line 38, in check_table_existance
    query = hook.get_first(sql=sql_to_check_table_exist.format(schema, table_name))
  File "/usr/local/lib/python3.7/site-packages/airflow/hooks/dbapi_hook.py", line 138, in get_first
    cur.execute(sql)
psycopg2.errors.SyntaxError: syntax error at or near "="
LINE 1: ... FROM information_schema.tablesWHERE table_schema = 'public'...
                                                             ^

[2020-01-08 19:06:43,437] {taskinstance.py:1089} INFO - Marking task as FAILED.
[2020-01-08 19:06:43,514] {base_task_runner.py:115} INFO - Job 89: Subtask check_table_exist Traceback (most recent call last):
[2020-01-08 19:06:43,514] {base_task_runner.py:115} INFO - Job 89: Subtask check_table_exist   File "/usr/local/bin/airflow", line 37, in <module>
[2020-01-08 19:06:43,515] {base_task_runner.py:115} INFO - Job 89: Subtask check_table_exist     args.func(args)
[2020-01-08 19:06:43,515] {base_task_runner.py:115} INFO - Job 89: Subtask check_table_exist   File "/usr/local/lib/python3.7/site-packages/airflow/utils/cli.py", line 74, in wrapper
[2020-01-08 19:06:43,515] {base_task_runner.py:115} INFO - Job 89: Subtask check_table_exist     return f(*args, **kwargs)
[2020-01-08 19:06:43,516] {base_task_runner.py:115} INFO - Job 89: Subtask check_table_exist   File "/usr/local/lib/python3.7/site-packages/airflow/bin/cli.py", line 551, in run
[2020-01-08 19:06:43,516] {base_task_runner.py:115} INFO - Job 89: Subtask check_table_exist     _run(args, dag, ti)
[2020-01-08 19:06:43,517] {base_task_runner.py:115} INFO - Job 89: Subtask check_table_exist   File "/usr/local/lib/python3.7/site-packages/airflow/bin/cli.py", line 469, in _run
[2020-01-08 19:06:43,517] {base_task_runner.py:115} INFO - Job 89: Subtask check_table_exist     pool=args.pool,
[2020-01-08 19:06:43,517] {base_task_runner.py:115} INFO - Job 89: Subtask check_table_exist   File "/usr/local/lib/python3.7/site-packages/airflow/utils/db.py", line 74, in wrapper
[2020-01-08 19:06:43,518] {base_task_runner.py:115} INFO - Job 89: Subtask check_table_exist     return func(*args, **kwargs)
[2020-01-08 19:06:43,518] {base_task_runner.py:115} INFO - Job 89: Subtask check_table_exist   File "/usr/local/lib/python3.7/site-packages/airflow/models/taskinstance.py", line 930, in _run_raw_task
[2020-01-08 19:06:43,519] {base_task_runner.py:115} INFO - Job 89: Subtask check_table_exist     result = task_copy.execute(context=context)
[2020-01-08 19:06:43,519] {base_task_runner.py:115} INFO - Job 89: Subtask check_table_exist   File "/usr/local/lib/python3.7/site-packages/airflow/operators/python_operator.py", line 141, in execute
[2020-01-08 19:06:43,519] {base_task_runner.py:115} INFO - Job 89: Subtask check_table_exist     branch = super(BranchPythonOperator, self).execute(context)
[2020-01-08 19:06:43,520] {base_task_runner.py:115} INFO - Job 89: Subtask check_table_exist   File "/usr/local/lib/python3.7/site-packages/airflow/operators/python_operator.py", line 113, in execute
[2020-01-08 19:06:43,520] {base_task_runner.py:115} INFO - Job 89: Subtask check_table_exist     return_value = self.execute_callable()
[2020-01-08 19:06:43,521] {base_task_runner.py:115} INFO - Job 89: Subtask check_table_exist   File "/usr/local/lib/python3.7/site-packages/airflow/operators/python_operator.py", line 118, in execute_callable
[2020-01-08 19:06:43,522] {base_task_runner.py:115} INFO - Job 89: Subtask check_table_exist     return self.python_callable(*self.op_args, **self.op_kwargs)
[2020-01-08 19:06:43,522] {base_task_runner.py:115} INFO - Job 89: Subtask check_table_exist   File "/usr/local/airflow/dags/jobs_dag.py", line 38, in check_table_existance
[2020-01-08 19:06:43,523] {base_task_runner.py:115} INFO - Job 89: Subtask check_table_exist     query = hook.get_first(sql=sql_to_check_table_exist.format(schema, table_name))
[2020-01-08 19:06:43,523] {base_task_runner.py:115} INFO - Job 89: Subtask check_table_exist   File "/usr/local/lib/python3.7/site-packages/airflow/hooks/dbapi_hook.py", line 138, in get_first
[2020-01-08 19:06:43,524] {base_task_runner.py:115} INFO - Job 89: Subtask check_table_exist     cur.execute(sql)
[2020-01-08 19:06:43,524] {base_task_runner.py:115} INFO - Job 89: Subtask check_table_exist psycopg2.errors.SyntaxError: syntax error at or near "="
[2020-01-08 19:06:43,525] {base_task_runner.py:115} INFO - Job 89: Subtask check_table_exist LINE 1: ... FROM information_schema.tablesWHERE table_schema = 'public'...
[2020-01-08 19:06:43,525] {base_task_runner.py:115} INFO - Job 89: Subtask check_table_exist                                                              ^
[2020-01-08 19:06:43,525] {base_task_runner.py:115} INFO - Job 89: Subtask check_table_exist 
[2020-01-08 19:06:45,490] {logging_mixin.py:112} INFO - [2020-01-08 19:06:45,489] {local_task_job.py:124} WARNING - Time since last heartbeat(0.05 s) < heartrate(5.0 s), sleeping for 4.952048 s
[2020-01-08 19:06:50,448] {logging_mixin.py:112} INFO - [2020-01-08 19:06:50,447] {local_task_job.py:103} INFO - Task exited with return code 1
