[2020-01-08 17:23:55,545] {taskinstance.py:630} INFO - Dependencies all met for <TaskInstance: dag_id_0.ger_current_user 2020-01-07T00:00:00+00:00 [queued]>
[2020-01-08 17:23:55,634] {taskinstance.py:630} INFO - Dependencies all met for <TaskInstance: dag_id_0.ger_current_user 2020-01-07T00:00:00+00:00 [queued]>
[2020-01-08 17:23:55,636] {taskinstance.py:841} INFO - 
--------------------------------------------------------------------------------
[2020-01-08 17:23:55,637] {taskinstance.py:842} INFO - Starting attempt 1 of 1
[2020-01-08 17:23:55,637] {taskinstance.py:843} INFO - 
--------------------------------------------------------------------------------
[2020-01-08 17:23:55,708] {taskinstance.py:862} INFO - Executing <Task(BashOperator): ger_current_user> on 2020-01-07T00:00:00+00:00
[2020-01-08 17:23:55,709] {base_task_runner.py:133} INFO - Running: ['airflow', 'run', 'dag_id_0', 'ger_current_user', '2020-01-07T00:00:00+00:00', '--job_id', '55', '--pool', 'default_pool', '--raw', '-sd', 'DAGS_FOLDER/jobs_dag.py', '--cfg_path', '/tmp/tmpba79gtp1']
[2020-01-08 17:23:58,896] {base_task_runner.py:115} INFO - Job 55: Subtask ger_current_user /usr/local/lib/python3.7/site-packages/airflow/configuration.py:226: FutureWarning: The task_runner setting in [core] has the old default value of 'BashTaskRunner'. This value has been changed to 'StandardTaskRunner' in the running config, but please update your config before Apache Airflow 2.0.
[2020-01-08 17:23:58,912] {base_task_runner.py:115} INFO - Job 55: Subtask ger_current_user   FutureWarning
[2020-01-08 17:23:58,916] {base_task_runner.py:115} INFO - Job 55: Subtask ger_current_user /usr/local/lib/python3.7/site-packages/airflow/config_templates/airflow_local_settings.py:65: DeprecationWarning: The elasticsearch_host option in [elasticsearch] has been renamed to host - the old setting has been used, but please update your config.
[2020-01-08 17:23:58,918] {base_task_runner.py:115} INFO - Job 55: Subtask ger_current_user   ELASTICSEARCH_HOST = conf.get('elasticsearch', 'HOST')
[2020-01-08 17:23:58,923] {base_task_runner.py:115} INFO - Job 55: Subtask ger_current_user /usr/local/lib/python3.7/site-packages/airflow/config_templates/airflow_local_settings.py:67: DeprecationWarning: The elasticsearch_log_id_template option in [elasticsearch] has been renamed to log_id_template - the old setting has been used, but please update your config.
[2020-01-08 17:23:58,931] {base_task_runner.py:115} INFO - Job 55: Subtask ger_current_user   ELASTICSEARCH_LOG_ID_TEMPLATE = conf.get('elasticsearch', 'LOG_ID_TEMPLATE')
[2020-01-08 17:23:58,932] {base_task_runner.py:115} INFO - Job 55: Subtask ger_current_user /usr/local/lib/python3.7/site-packages/airflow/config_templates/airflow_local_settings.py:69: DeprecationWarning: The elasticsearch_end_of_log_mark option in [elasticsearch] has been renamed to end_of_log_mark - the old setting has been used, but please update your config.
[2020-01-08 17:23:58,936] {base_task_runner.py:115} INFO - Job 55: Subtask ger_current_user   ELASTICSEARCH_END_OF_LOG_MARK = conf.get('elasticsearch', 'END_OF_LOG_MARK')
[2020-01-08 17:23:59,381] {base_task_runner.py:115} INFO - Job 55: Subtask ger_current_user [2020-01-08 17:23:59,381] {settings.py:252} INFO - settings.configure_orm(): Using pool settings. pool_size=5, max_overflow=10, pool_recycle=1800, pid=325
[2020-01-08 17:24:00,517] {logging_mixin.py:112} INFO - [2020-01-08 17:24:00,517] {local_task_job.py:124} WARNING - Time since last heartbeat(0.11 s) < heartrate(5.0 s), sleeping for 4.892267 s
[2020-01-08 17:24:01,630] {base_task_runner.py:115} INFO - Job 55: Subtask ger_current_user [2020-01-08 17:24:01,629] {__init__.py:51} INFO - Using executor CeleryExecutor
[2020-01-08 17:24:01,630] {base_task_runner.py:115} INFO - Job 55: Subtask ger_current_user [2020-01-08 17:24:01,630] {dagbag.py:92} INFO - Filling up the DagBag from /usr/local/airflow/dags/jobs_dag.py
[2020-01-08 17:24:01,847] {base_task_runner.py:115} INFO - Job 55: Subtask ger_current_user [2020-01-08 17:24:01,846] {cli.py:545} INFO - Running <TaskInstance: dag_id_0.ger_current_user 2020-01-07T00:00:00+00:00 [running]> on host 4c15a692b677
[2020-01-08 17:24:02,059] {bash_operator.py:81} INFO - Tmp dir root location: 
 /tmp
[2020-01-08 17:24:02,060] {bash_operator.py:91} INFO - Exporting the following env vars:
AIRFLOW_CTX_DAG_ID=dag_id_0
AIRFLOW_CTX_TASK_ID=ger_current_user
AIRFLOW_CTX_EXECUTION_DATE=2020-01-07T00:00:00+00:00
AIRFLOW_CTX_DAG_RUN_ID=trig__2020-01-07T00:00:00+00:00
[2020-01-08 17:24:02,062] {bash_operator.py:105} INFO - Temporary script location: /tmp/airflowtmp68ltuorj/ger_current_usertykvtzty
[2020-01-08 17:24:02,063] {bash_operator.py:115} INFO - Running command: echo "$USER"
[2020-01-08 17:24:02,114] {bash_operator.py:124} INFO - Output:
[2020-01-08 17:24:02,129] {bash_operator.py:128} INFO - 
[2020-01-08 17:24:02,133] {bash_operator.py:132} INFO - Command exited with return code 0
[2020-01-08 17:24:05,429] {logging_mixin.py:112} INFO - [2020-01-08 17:24:05,422] {local_task_job.py:103} INFO - Task exited with return code 0
